This file contains any messages produced by compilers while
running configure, to aid debugging if configure makes a mistake.

It was created by libpng configure 1.6.34, which was
generated by GNU Autoconf 2.69.  Invocation command line was

  $ ./configure --disable-shared CC=/home/wangws/wws_home/Fuzz_oggvideotools/origin/afl-2.52b/afl-gcc --no-create --no-recursion

## --------- ##
## Platform. ##
## --------- ##

hostname = GPUH3C
uname -m = x86_64
uname -r = 4.18.0-80.11.2.el8_0.x86_64
uname -s = Linux
uname -v = #1 SMP Sun Sep 15 11:24:21 UTC 2019

/usr/bin/uname -p = x86_64
/bin/uname -X     = unknown

/bin/arch              = x86_64
/usr/bin/arch -k       = unknown
/usr/convex/getsysinfo = unknown
/usr/bin/hostinfo      = unknown
/bin/machine           = unknown
/usr/bin/oslevel       = unknown
/bin/universe          = unknown

PATH: /home/wangws/.local/bin
PATH: /home/wangws/bin
PATH: /usr/local/bin
PATH: /usr/bin
PATH: /usr/local/sbin
PATH: /usr/sbin
PATH: /home/wangws/opt/python2/bin
PATH: /home/wangws/opt/inotify/bin


## ----------- ##
## Core tests. ##
## ----------- ##

configure:2358: checking for a BSD-compatible install
configure:2426: result: /usr/bin/install -c
configure:2437: checking whether build environment is sane
configure:2492: result: yes
configure:2643: checking for a thread-safe mkdir -p
configure:2682: result: /usr/bin/mkdir -p
configure:2689: checking for gawk
configure:2705: found /usr/bin/gawk
configure:2716: result: gawk
configure:2727: checking whether make sets $(MAKE)
configure:2749: result: yes
configure:2778: checking whether make supports nested variables
configure:2795: result: yes
configure:2925: checking whether to enable maintainer-specific portions of Makefiles
configure:2934: result: no
configure:3014: checking for gcc
configure:3041: result: /home/wangws/wws_home/Fuzz_oggvideotools/origin/afl-2.52b/afl-gcc
configure:3270: checking for C compiler version
configure:3279: /home/wangws/wws_home/Fuzz_oggvideotools/origin/afl-2.52b/afl-gcc --version >&5
gcc (GCC) 8.3.1 20190507 (Red Hat 8.3.1-4)
Copyright (C) 2018 Free Software Foundation, Inc.
This is free software; see the source for copying conditions.  There is NO
warranty; not even for MERCHANTABILITY or FITNESS FOR A PARTICULAR PURPOSE.

configure:3290: $? = 0
configure:3279: /home/wangws/wws_home/Fuzz_oggvideotools/origin/afl-2.52b/afl-gcc -v >&5
Using built-in specs.
COLLECT_GCC=gcc
COLLECT_LTO_WRAPPER=/usr/libexec/gcc/x86_64-redhat-linux/8/lto-wrapper
OFFLOAD_TARGET_NAMES=nvptx-none
OFFLOAD_TARGET_DEFAULT=1
Target: x86_64-redhat-linux
Configured with: ../configure --enable-bootstrap --enable-languages=c,c++,fortran,lto --prefix=/usr --mandir=/usr/share/man --infodir=/usr/share/info --with-bugurl=http://bugzilla.redhat.com/bugzilla --enable-shared --enable-threads=posix --enable-checking=release --enable-multilib --with-system-zlib --enable-__cxa_atexit --disable-libunwind-exceptions --enable-gnu-unique-object --enable-linker-build-id --with-gcc-major-version-only --with-linker-hash-style=gnu --enable-plugin --enable-initfini-array --with-isl --disable-libmpx --enable-offload-targets=nvptx-none --without-cuda-driver --enable-gnu-indirect-function --enable-cet --with-tune=generic --with-arch_32=x86-64 --build=x86_64-redhat-linux
Thread model: posix
gcc version 8.3.1 20190507 (Red Hat 8.3.1-4) (GCC) 
configure:3290: $? = 0
configure:3279: /home/wangws/wws_home/Fuzz_oggvideotools/origin/afl-2.52b/afl-gcc -V >&5
gcc: error: unrecognized command line option '-V'
gcc: fatal error: no input files
compilation terminated.
configure:3290: $? = 1
configure:3279: /home/wangws/wws_home/Fuzz_oggvideotools/origin/afl-2.52b/afl-gcc -qversion >&5
gcc: error: unrecognized command line option '-qversion'; did you mean '--version'?
gcc: fatal error: no input files
compilation terminated.
configure:3290: $? = 1
configure:3310: checking whether the C compiler works
configure:3332: /home/wangws/wws_home/Fuzz_oggvideotools/origin/afl-2.52b/afl-gcc    conftest.c  >&5
configure:3336: $? = 0
configure:3384: result: yes
configure:3387: checking for C compiler default output file name
configure:3389: result: a.out
configure:3395: checking for suffix of executables
configure:3402: /home/wangws/wws_home/Fuzz_oggvideotools/origin/afl-2.52b/afl-gcc -o conftest    conftest.c  >&5
configure:3406: $? = 0
configure:3428: result: 
configure:3450: checking whether we are cross compiling
configure:3458: /home/wangws/wws_home/Fuzz_oggvideotools/origin/afl-2.52b/afl-gcc -o conftest    conftest.c  >&5
configure:3462: $? = 0
configure:3469: ./conftest
configure:3473: $? = 0
configure:3488: result: no
configure:3493: checking for suffix of object files
configure:3515: /home/wangws/wws_home/Fuzz_oggvideotools/origin/afl-2.52b/afl-gcc -c   conftest.c >&5
configure:3519: $? = 0
configure:3540: result: o
configure:3544: checking whether we are using the GNU C compiler
configure:3563: /home/wangws/wws_home/Fuzz_oggvideotools/origin/afl-2.52b/afl-gcc -c   conftest.c >&5
configure:3563: $? = 0
configure:3572: result: yes
configure:3581: checking whether /home/wangws/wws_home/Fuzz_oggvideotools/origin/afl-2.52b/afl-gcc accepts -g
configure:3601: /home/wangws/wws_home/Fuzz_oggvideotools/origin/afl-2.52b/afl-gcc -c -g  conftest.c >&5
configure:3601: $? = 0
configure:3642: result: yes
configure:3659: checking for /home/wangws/wws_home/Fuzz_oggvideotools/origin/afl-2.52b/afl-gcc option to accept ISO C89
configure:3722: /home/wangws/wws_home/Fuzz_oggvideotools/origin/afl-2.52b/afl-gcc  -c -g -O2  conftest.c >&5
configure:3722: $? = 0
configure:3735: result: none needed
configure:3760: checking whether /home/wangws/wws_home/Fuzz_oggvideotools/origin/afl-2.52b/afl-gcc understands -c and -o together
configure:3782: /home/wangws/wws_home/Fuzz_oggvideotools/origin/afl-2.52b/afl-gcc -c conftest.c -o conftest2.o
configure:3785: $? = 0
configure:3782: /home/wangws/wws_home/Fuzz_oggvideotools/origin/afl-2.52b/afl-gcc -c conftest.c -o conftest2.o
configure:3785: $? = 0
configure:3797: result: yes
configure:3825: checking for style of include used by make
configure:3853: result: GNU
configure:3879: checking dependency style of /home/wangws/wws_home/Fuzz_oggvideotools/origin/afl-2.52b/afl-gcc
configure:3990: result: gcc3
configure:4014: checking dependency style of /home/wangws/wws_home/Fuzz_oggvideotools/origin/afl-2.52b/afl-gcc
configure:4123: result: gcc3
configure:4142: checking build system type
configure:4156: result: x86_64-unknown-linux-gnu
configure:4176: checking host system type
configure:4189: result: x86_64-unknown-linux-gnu
configure:4209: checking for a sed that does not truncate output
configure:4273: result: /usr/bin/sed
configure:4291: checking for grep that handles long lines and -e
configure:4349: result: /usr/bin/grep
configure:4354: checking for egrep
configure:4416: result: /usr/bin/grep -E
configure:4421: checking for fgrep
configure:4483: result: /usr/bin/grep -F
configure:4510: checking how to print strings
configure:4537: result: printf
configure:4570: checking for ld used by /home/wangws/wws_home/Fuzz_oggvideotools/origin/afl-2.52b/afl-gcc
configure:4637: result: /usr/bin/ld
configure:4644: checking if the linker (/usr/bin/ld) is GNU ld
configure:4659: result: yes
configure:4676: checking how to run the C preprocessor
configure:4707: /home/wangws/wws_home/Fuzz_oggvideotools/origin/afl-2.52b/afl-gcc -E  conftest.c
configure:4707: $? = 0
configure:4721: /home/wangws/wws_home/Fuzz_oggvideotools/origin/afl-2.52b/afl-gcc -E  conftest.c
conftest.c:11:10: fatal error: ac_nonexistent.h: No such file or directory
 #include <ac_nonexistent.h>
          ^~~~~~~~~~~~~~~~~~
compilation terminated.
configure:4721: $? = 1
configure: failed program was:
| /* confdefs.h */
| #define PACKAGE_NAME "libpng"
| #define PACKAGE_TARNAME "libpng"
| #define PACKAGE_VERSION "1.6.34"
| #define PACKAGE_STRING "libpng 1.6.34"
| #define PACKAGE_BUGREPORT "png-mng-implement@lists.sourceforge.net"
| #define PACKAGE_URL ""
| #define PACKAGE "libpng"
| #define VERSION "1.6.34"
| /* end confdefs.h.  */
| #include <ac_nonexistent.h>
configure:4746: result: /home/wangws/wws_home/Fuzz_oggvideotools/origin/afl-2.52b/afl-gcc -E
configure:4766: /home/wangws/wws_home/Fuzz_oggvideotools/origin/afl-2.52b/afl-gcc -E  conftest.c
configure:4766: $? = 0
configure:4780: /home/wangws/wws_home/Fuzz_oggvideotools/origin/afl-2.52b/afl-gcc -E  conftest.c
conftest.c:11:10: fatal error: ac_nonexistent.h: No such file or directory
 #include <ac_nonexistent.h>
          ^~~~~~~~~~~~~~~~~~
compilation terminated.
configure:4780: $? = 1
configure: failed program was:
| /* confdefs.h */
| #define PACKAGE_NAME "libpng"
| #define PACKAGE_TARNAME "libpng"
| #define PACKAGE_VERSION "1.6.34"
| #define PACKAGE_STRING "libpng 1.6.34"
| #define PACKAGE_BUGREPORT "png-mng-implement@lists.sourceforge.net"
| #define PACKAGE_URL ""
| #define PACKAGE "libpng"
| #define VERSION "1.6.34"
| /* end confdefs.h.  */
| #include <ac_nonexistent.h>
configure:4812: checking for gawk
configure:4839: result: gawk
configure:4851: checking whether ln -s works
configure:4855: result: yes
configure:4862: checking whether make sets $(MAKE)
configure:4884: result: yes
configure:4936: checking for BSD- or MS-compatible name lister (nm)
configure:4990: result: /usr/bin/nm -B
configure:5120: checking the name lister (/usr/bin/nm -B) interface
configure:5127: /home/wangws/wws_home/Fuzz_oggvideotools/origin/afl-2.52b/afl-gcc -c -g -O2  conftest.c >&5
configure:5130: /usr/bin/nm -B "conftest.o"
configure:5133: output
0000000000000000 B some_variable
configure:5140: result: BSD nm
configure:5144: checking the maximum length of command line arguments
configure:5275: result: 1572864
configure:5323: checking how to convert x86_64-unknown-linux-gnu file names to x86_64-unknown-linux-gnu format
configure:5363: result: func_convert_file_noop
configure:5370: checking how to convert x86_64-unknown-linux-gnu file names to toolchain format
configure:5390: result: func_convert_file_noop
configure:5397: checking for /usr/bin/ld option to reload object files
configure:5404: result: -r
configure:5478: checking for objdump
configure:5494: found /usr/bin/objdump
configure:5505: result: objdump
configure:5534: checking how to recognize dependent libraries
configure:5734: result: pass_all
configure:5819: checking for dlltool
configure:5849: result: no
configure:5876: checking how to associate runtime and link libraries
configure:5903: result: printf %s\n
configure:5964: checking for ar
configure:5980: found /usr/bin/ar
configure:5991: result: ar
configure:6028: checking for archiver @FILE support
configure:6045: /home/wangws/wws_home/Fuzz_oggvideotools/origin/afl-2.52b/afl-gcc -c -g -O2  conftest.c >&5
configure:6045: $? = 0
configure:6048: ar cru libconftest.a @conftest.lst >&5
configure:6051: $? = 0
configure:6056: ar cru libconftest.a @conftest.lst >&5
ar: conftest.o: No such file or directory
configure:6059: $? = 1
configure:6071: result: @
configure:6129: checking for strip
configure:6145: found /usr/bin/strip
configure:6156: result: strip
configure:6228: checking for ranlib
configure:6244: found /usr/bin/ranlib
configure:6255: result: ranlib
configure:6357: checking command to parse /usr/bin/nm -B output from /home/wangws/wws_home/Fuzz_oggvideotools/origin/afl-2.52b/afl-gcc object
configure:6510: /home/wangws/wws_home/Fuzz_oggvideotools/origin/afl-2.52b/afl-gcc -c -g -O2  conftest.c >&5
configure:6513: $? = 0
configure:6517: /usr/bin/nm -B conftest.o \| sed -n -e 's/^.*[ ]\([ABCDGIRSTW][ABCDGIRSTW]*\)[ ][ ]*\([_A-Za-z][_A-Za-z0-9]*\)$/\1 \2 \2/p' | sed '/ __gnu_lto/d' \> conftest.nm
configure:6520: $? = 0
configure:6586: /home/wangws/wws_home/Fuzz_oggvideotools/origin/afl-2.52b/afl-gcc -o conftest -g -O2   conftest.c conftstm.o >&5
configure:6589: $? = 0
configure:6627: result: ok
configure:6674: checking for sysroot
configure:6704: result: no
configure:6711: checking for a working dd
configure:6749: result: /usr/bin/dd
configure:6753: checking how to truncate binary pipes
configure:6768: result: /usr/bin/dd bs=4096 count=1
configure:6904: /home/wangws/wws_home/Fuzz_oggvideotools/origin/afl-2.52b/afl-gcc -c -g -O2  conftest.c >&5
configure:6907: $? = 0
configure:7097: checking for mt
configure:7127: result: no
configure:7147: checking if : is a manifest tool
configure:7153: : '-?'
configure:7161: result: no
configure:7834: checking for ANSI C header files
configure:7854: /home/wangws/wws_home/Fuzz_oggvideotools/origin/afl-2.52b/afl-gcc -c -g -O2  conftest.c >&5
configure:7854: $? = 0
configure:7927: /home/wangws/wws_home/Fuzz_oggvideotools/origin/afl-2.52b/afl-gcc -o conftest -g -O2   conftest.c  >&5
configure:7927: $? = 0
configure:7927: ./conftest
configure:7927: $? = 0
configure:7938: result: yes
configure:7951: checking for sys/types.h
configure:7951: /home/wangws/wws_home/Fuzz_oggvideotools/origin/afl-2.52b/afl-gcc -c -g -O2  conftest.c >&5
configure:7951: $? = 0
configure:7951: result: yes
configure:7951: checking for sys/stat.h
configure:7951: /home/wangws/wws_home/Fuzz_oggvideotools/origin/afl-2.52b/afl-gcc -c -g -O2  conftest.c >&5
configure:7951: $? = 0
configure:7951: result: yes
configure:7951: checking for stdlib.h
configure:7951: /home/wangws/wws_home/Fuzz_oggvideotools/origin/afl-2.52b/afl-gcc -c -g -O2  conftest.c >&5
configure:7951: $? = 0
configure:7951: result: yes
configure:7951: checking for string.h
configure:7951: /home/wangws/wws_home/Fuzz_oggvideotools/origin/afl-2.52b/afl-gcc -c -g -O2  conftest.c >&5
configure:7951: $? = 0
configure:7951: result: yes
configure:7951: checking for memory.h
configure:7951: /home/wangws/wws_home/Fuzz_oggvideotools/origin/afl-2.52b/afl-gcc -c -g -O2  conftest.c >&5
configure:7951: $? = 0
configure:7951: result: yes
configure:7951: checking for strings.h
configure:7951: /home/wangws/wws_home/Fuzz_oggvideotools/origin/afl-2.52b/afl-gcc -c -g -O2  conftest.c >&5
configure:7951: $? = 0
configure:7951: result: yes
configure:7951: checking for inttypes.h
configure:7951: /home/wangws/wws_home/Fuzz_oggvideotools/origin/afl-2.52b/afl-gcc -c -g -O2  conftest.c >&5
configure:7951: $? = 0
configure:7951: result: yes
configure:7951: checking for stdint.h
configure:7951: /home/wangws/wws_home/Fuzz_oggvideotools/origin/afl-2.52b/afl-gcc -c -g -O2  conftest.c >&5
configure:7951: $? = 0
configure:7951: result: yes
configure:7951: checking for unistd.h
configure:7951: /home/wangws/wws_home/Fuzz_oggvideotools/origin/afl-2.52b/afl-gcc -c -g -O2  conftest.c >&5
configure:7951: $? = 0
configure:7951: result: yes
configure:7965: checking for dlfcn.h
configure:7965: /home/wangws/wws_home/Fuzz_oggvideotools/origin/afl-2.52b/afl-gcc -c -g -O2  conftest.c >&5
configure:7965: $? = 0
configure:7965: result: yes
configure:8519: checking for objdir
configure:8534: result: .libs
configure:8798: checking if /home/wangws/wws_home/Fuzz_oggvideotools/origin/afl-2.52b/afl-gcc supports -fno-rtti -fno-exceptions
configure:8816: /home/wangws/wws_home/Fuzz_oggvideotools/origin/afl-2.52b/afl-gcc -c -g -O2  -fno-rtti -fno-exceptions conftest.c >&5
cc1: warning: command line option '-fno-rtti' is valid for C++/ObjC++ but not for C
configure:8820: $? = 0
configure:8833: result: no
configure:9191: checking for /home/wangws/wws_home/Fuzz_oggvideotools/origin/afl-2.52b/afl-gcc option to produce PIC
configure:9198: result: -fPIC -DPIC
configure:9206: checking if /home/wangws/wws_home/Fuzz_oggvideotools/origin/afl-2.52b/afl-gcc PIC flag -fPIC -DPIC works
configure:9224: /home/wangws/wws_home/Fuzz_oggvideotools/origin/afl-2.52b/afl-gcc -c -g -O2  -fPIC -DPIC -DPIC conftest.c >&5
configure:9228: $? = 0
configure:9241: result: yes
configure:9270: checking if /home/wangws/wws_home/Fuzz_oggvideotools/origin/afl-2.52b/afl-gcc static flag -static works
configure:9298: result: no
configure:9313: checking if /home/wangws/wws_home/Fuzz_oggvideotools/origin/afl-2.52b/afl-gcc supports -c -o file.o
configure:9334: /home/wangws/wws_home/Fuzz_oggvideotools/origin/afl-2.52b/afl-gcc -c -g -O2  -o out/conftest2.o conftest.c >&5
configure:9338: $? = 0
configure:9360: result: yes
configure:9368: checking if /home/wangws/wws_home/Fuzz_oggvideotools/origin/afl-2.52b/afl-gcc supports -c -o file.o
configure:9415: result: yes
configure:9448: checking whether the /home/wangws/wws_home/Fuzz_oggvideotools/origin/afl-2.52b/afl-gcc linker (/usr/bin/ld -m elf_x86_64) supports shared libraries
configure:10707: result: yes
configure:10947: checking dynamic linker characteristics
configure:11528: /home/wangws/wws_home/Fuzz_oggvideotools/origin/afl-2.52b/afl-gcc -o conftest -g -O2   -Wl,-rpath -Wl,/foo conftest.c  >&5
configure:11528: $? = 0
configure:11765: result: GNU/Linux ld.so
configure:11887: checking how to hardcode library paths into programs
configure:11912: result: immediate
configure:12460: checking whether stripping libraries is possible
configure:12465: result: yes
configure:12500: checking if libtool supports shared libraries
configure:12502: result: yes
configure:12505: checking whether to build shared libraries
configure:12530: result: no
configure:12533: checking whether to build static libraries
configure:12537: result: yes
configure:12578: checking that AWK works
configure:12584: result: ok
configure:12635: checking if we need to force back C standard to C89
configure:12651: /home/wangws/wws_home/Fuzz_oggvideotools/origin/afl-2.52b/afl-gcc -c -g -O2  conftest.c >&5
configure:12651: $? = 0
configure:12652: result: no
configure:12667: checking for ANSI C header files
configure:12771: result: yes
configure:12781: checking for an ANSI C-conforming const
configure:12847: /home/wangws/wws_home/Fuzz_oggvideotools/origin/afl-2.52b/afl-gcc -c -g -O2  conftest.c >&5
configure:12847: $? = 0
configure:12854: result: yes
configure:12862: checking for size_t
configure:12862: /home/wangws/wws_home/Fuzz_oggvideotools/origin/afl-2.52b/afl-gcc -c -g -O2  conftest.c >&5
configure:12862: $? = 0
configure:12862: /home/wangws/wws_home/Fuzz_oggvideotools/origin/afl-2.52b/afl-gcc -c -g -O2  conftest.c >&5
conftest.c: In function 'main':
conftest.c:60:21: error: expected expression before ')' token
 if (sizeof ((size_t)))
                     ^
configure:12862: $? = 1
configure: failed program was:
| /* confdefs.h */
| #define PACKAGE_NAME "libpng"
| #define PACKAGE_TARNAME "libpng"
| #define PACKAGE_VERSION "1.6.34"
| #define PACKAGE_STRING "libpng 1.6.34"
| #define PACKAGE_BUGREPORT "png-mng-implement@lists.sourceforge.net"
| #define PACKAGE_URL ""
| #define PACKAGE "libpng"
| #define VERSION "1.6.34"
| #define STDC_HEADERS 1
| #define HAVE_SYS_TYPES_H 1
| #define HAVE_SYS_STAT_H 1
| #define HAVE_STDLIB_H 1
| #define HAVE_STRING_H 1
| #define HAVE_MEMORY_H 1
| #define HAVE_STRINGS_H 1
| #define HAVE_INTTYPES_H 1
| #define HAVE_STDINT_H 1
| #define HAVE_UNISTD_H 1
| #define HAVE_DLFCN_H 1
| #define LT_OBJDIR ".libs/"
| #define STDC_HEADERS 1
| /* end confdefs.h.  */
| #include <stdio.h>
| #ifdef HAVE_SYS_TYPES_H
| # include <sys/types.h>
| #endif
| #ifdef HAVE_SYS_STAT_H
| # include <sys/stat.h>
| #endif
| #ifdef STDC_HEADERS
| # include <stdlib.h>
| # include <stddef.h>
| #else
| # ifdef HAVE_STDLIB_H
| #  include <stdlib.h>
| # endif
| #endif
| #ifdef HAVE_STRING_H
| # if !defined STDC_HEADERS && defined HAVE_MEMORY_H
| #  include <memory.h>
| # endif
| # include <string.h>
| #endif
| #ifdef HAVE_STRINGS_H
| # include <strings.h>
| #endif
| #ifdef HAVE_INTTYPES_H
| # include <inttypes.h>
| #endif
| #ifdef HAVE_STDINT_H
| # include <stdint.h>
| #endif
| #ifdef HAVE_UNISTD_H
| # include <unistd.h>
| #endif
| int
| main ()
| {
| if (sizeof ((size_t)))
| 	    return 0;
|   ;
|   return 0;
| }
configure:12862: result: yes
configure:12873: checking whether struct tm is in sys/time.h or time.h
configure:12893: /home/wangws/wws_home/Fuzz_oggvideotools/origin/afl-2.52b/afl-gcc -c -g -O2  conftest.c >&5
configure:12893: $? = 0
configure:12900: result: time.h
configure:12908: checking for C/C++ restrict keyword
configure:12933: /home/wangws/wws_home/Fuzz_oggvideotools/origin/afl-2.52b/afl-gcc -c -g -O2  conftest.c >&5
configure:12933: $? = 0
configure:12941: result: __restrict
configure:12956: checking for working strtod
configure:12997: /home/wangws/wws_home/Fuzz_oggvideotools/origin/afl-2.52b/afl-gcc -o conftest -g -O2   conftest.c  >&5
configure:12997: $? = 0
configure:12997: ./conftest
configure:12997: $? = 0
configure:13007: result: yes
configure:13071: checking for memset
configure:13071: /home/wangws/wws_home/Fuzz_oggvideotools/origin/afl-2.52b/afl-gcc -o conftest -g -O2   conftest.c  >&5
conftest.c:48:6: warning: conflicting types for built-in function 'memset' [-Wbuiltin-declaration-mismatch]
 char memset ();
      ^~~~~~
configure:13071: $? = 0
configure:13071: result: yes
configure:13084: checking for pow
configure:13084: /home/wangws/wws_home/Fuzz_oggvideotools/origin/afl-2.52b/afl-gcc -o conftest -g -O2   conftest.c  >&5
conftest.c:49:6: warning: conflicting types for built-in function 'pow' [-Wbuiltin-declaration-mismatch]
 char pow ();
      ^~~
/tmp/ccLy9ltQ.o: In function `main':
/home/wangws/wws_home/Fuzz_oggvideotools/target_progs/target_libpng/libpng/conftest.c:60: undefined reference to `pow'
collect2: error: ld returned 1 exit status
configure:13084: $? = 1
configure: failed program was:
| /* confdefs.h */
| #define PACKAGE_NAME "libpng"
| #define PACKAGE_TARNAME "libpng"
| #define PACKAGE_VERSION "1.6.34"
| #define PACKAGE_STRING "libpng 1.6.34"
| #define PACKAGE_BUGREPORT "png-mng-implement@lists.sourceforge.net"
| #define PACKAGE_URL ""
| #define PACKAGE "libpng"
| #define VERSION "1.6.34"
| #define STDC_HEADERS 1
| #define HAVE_SYS_TYPES_H 1
| #define HAVE_SYS_STAT_H 1
| #define HAVE_STDLIB_H 1
| #define HAVE_STRING_H 1
| #define HAVE_MEMORY_H 1
| #define HAVE_STRINGS_H 1
| #define HAVE_INTTYPES_H 1
| #define HAVE_STDINT_H 1
| #define HAVE_UNISTD_H 1
| #define HAVE_DLFCN_H 1
| #define LT_OBJDIR ".libs/"
| #define STDC_HEADERS 1
| #define restrict __restrict
| #define HAVE_MEMSET 1
| /* end confdefs.h.  */
| /* Define pow to an innocuous variant, in case <limits.h> declares pow.
|    For example, HP-UX 11i <limits.h> declares gettimeofday.  */
| #define pow innocuous_pow
| 
| /* System header to define __stub macros and hopefully few prototypes,
|     which can conflict with char pow (); below.
|     Prefer <limits.h> to <assert.h> if __STDC__ is defined, since
|     <limits.h> exists even on freestanding compilers.  */
| 
| #ifdef __STDC__
| # include <limits.h>
| #else
| # include <assert.h>
| #endif
| 
| #undef pow
| 
| /* Override any GCC internal prototype to avoid an error.
|    Use char because int might match the return type of a GCC
|    builtin and then its argument prototype would still apply.  */
| #ifdef __cplusplus
| extern "C"
| #endif
| char pow ();
| /* The GNU C library defines this for functions which it implements
|     to always fail with ENOSYS.  Some functions are actually named
|     something starting with __ and the normal name is an alias.  */
| #if defined __stub_pow || defined __stub___pow
| choke me
| #endif
| 
| int
| main ()
| {
| return pow ();
|   ;
|   return 0;
| }
configure:13084: result: no
configure:13091: checking for pow in -lm
configure:13116: /home/wangws/wws_home/Fuzz_oggvideotools/origin/afl-2.52b/afl-gcc -o conftest -g -O2   conftest.c -lm   >&5
conftest.c:33:6: warning: conflicting types for built-in function 'pow' [-Wbuiltin-declaration-mismatch]
 char pow ();
      ^~~
configure:13116: $? = 0
configure:13125: result: yes
configure:13144: checking for clock_gettime
configure:13144: /home/wangws/wws_home/Fuzz_oggvideotools/origin/afl-2.52b/afl-gcc -o conftest -g -O2   conftest.c -lm  >&5
configure:13144: $? = 0
configure:13144: result: yes
configure:13169: checking for zlibVersion in -lz
configure:13194: /home/wangws/wws_home/Fuzz_oggvideotools/origin/afl-2.52b/afl-gcc -o conftest -g -O2   conftest.c -lz  -lm  >&5
configure:13194: $? = 0
configure:13203: result: yes
configure:13268: checking for feenableexcept in -lm
configure:13293: /home/wangws/wws_home/Fuzz_oggvideotools/origin/afl-2.52b/afl-gcc -o conftest -g -O2   conftest.c -lm  -lz -lm  >&5
configure:13293: $? = 0
configure:13302: result: yes
configure:13315: checking for feenableexcept
configure:13315: /home/wangws/wws_home/Fuzz_oggvideotools/origin/afl-2.52b/afl-gcc -o conftest -g -O2   conftest.c -lm -lz -lm  >&5
configure:13315: $? = 0
configure:13315: result: yes
configure:13325: checking if using Solaris linker
configure:13334: result: no
configure:13346: checking if libraries can be versioned
configure:13367: result: yes
configure:13389: checking for symbol prefix
configure:13396: result: 
configure:13418: pkgconfig directory is ${libdir}/pkgconfig
configure:13779: Extra options for compiler: 
configure:13897: checking that generated files are newer than configure
configure:13903: result: done
configure:13978: creating ./config.status

## ---------------- ##
## Cache variables. ##
## ---------------- ##

ac_cv_build=x86_64-unknown-linux-gnu
ac_cv_c_compiler_gnu=yes
ac_cv_c_const=yes
ac_cv_c_restrict=__restrict
ac_cv_env_CCASFLAGS_set=
ac_cv_env_CCASFLAGS_value=
ac_cv_env_CCAS_set=
ac_cv_env_CCAS_value=
ac_cv_env_CC_set=set
ac_cv_env_CC_value=/home/wangws/wws_home/Fuzz_oggvideotools/origin/afl-2.52b/afl-gcc
ac_cv_env_CFLAGS_set=
ac_cv_env_CFLAGS_value=
ac_cv_env_CPPFLAGS_set=
ac_cv_env_CPPFLAGS_value=
ac_cv_env_CPP_set=
ac_cv_env_CPP_value=
ac_cv_env_LDFLAGS_set=
ac_cv_env_LDFLAGS_value=
ac_cv_env_LIBS_set=
ac_cv_env_LIBS_value=
ac_cv_env_LT_SYS_LIBRARY_PATH_set=
ac_cv_env_LT_SYS_LIBRARY_PATH_value=
ac_cv_env_PNG_COPTS_set=
ac_cv_env_PNG_COPTS_value=
ac_cv_env_build_alias_set=
ac_cv_env_build_alias_value=
ac_cv_env_host_alias_set=
ac_cv_env_host_alias_value=
ac_cv_env_target_alias_set=
ac_cv_env_target_alias_value=
ac_cv_func_clock_gettime=yes
ac_cv_func_feenableexcept=yes
ac_cv_func_memset=yes
ac_cv_func_pow=no
ac_cv_func_strtod=yes
ac_cv_header_dlfcn_h=yes
ac_cv_header_inttypes_h=yes
ac_cv_header_memory_h=yes
ac_cv_header_stdc=yes
ac_cv_header_stdint_h=yes
ac_cv_header_stdlib_h=yes
ac_cv_header_string_h=yes
ac_cv_header_strings_h=yes
ac_cv_header_sys_stat_h=yes
ac_cv_header_sys_types_h=yes
ac_cv_header_unistd_h=yes
ac_cv_host=x86_64-unknown-linux-gnu
ac_cv_lib_m_feenableexcept=yes
ac_cv_lib_m_pow=yes
ac_cv_lib_z_zlibVersion=yes
ac_cv_objext=o
ac_cv_path_EGREP='/usr/bin/grep -E'
ac_cv_path_FGREP='/usr/bin/grep -F'
ac_cv_path_GREP=/usr/bin/grep
ac_cv_path_SED=/usr/bin/sed
ac_cv_path_install='/usr/bin/install -c'
ac_cv_path_lt_DD=/usr/bin/dd
ac_cv_path_mkdir=/usr/bin/mkdir
ac_cv_prog_AWK=gawk
ac_cv_prog_CPP='/home/wangws/wws_home/Fuzz_oggvideotools/origin/afl-2.52b/afl-gcc -E'
ac_cv_prog_ac_ct_AR=ar
ac_cv_prog_ac_ct_CC=/home/wangws/wws_home/Fuzz_oggvideotools/origin/afl-2.52b/afl-gcc
ac_cv_prog_ac_ct_OBJDUMP=objdump
ac_cv_prog_ac_ct_RANLIB=ranlib
ac_cv_prog_ac_ct_STRIP=strip
ac_cv_prog_cc_c89=
ac_cv_prog_cc_g=yes
ac_cv_prog_make_make_set=yes
ac_cv_struct_tm=time.h
ac_cv_type_size_t=yes
am_cv_CCAS_dependencies_compiler_type=gcc3
am_cv_CC_dependencies_compiler_type=gcc3
am_cv_make_support_nested_variables=yes
am_cv_prog_cc_c_o=yes
lt_cv_ar_at_file=@
lt_cv_deplibs_check_method=pass_all
lt_cv_file_magic_cmd='$MAGIC_CMD'
lt_cv_file_magic_test_file=
lt_cv_ld_reload_flag=-r
lt_cv_nm_interface='BSD nm'
lt_cv_objdir=.libs
lt_cv_path_LD=/usr/bin/ld
lt_cv_path_NM='/usr/bin/nm -B'
lt_cv_path_mainfest_tool=no
lt_cv_prog_compiler_c_o=yes
lt_cv_prog_compiler_pic='-fPIC -DPIC'
lt_cv_prog_compiler_pic_works=yes
lt_cv_prog_compiler_rtti_exceptions=no
lt_cv_prog_compiler_static_works=no
lt_cv_prog_gnu_ld=yes
lt_cv_sharedlib_from_linklib_cmd='printf %s\n'
lt_cv_shlibpath_overrides_runpath=no
lt_cv_sys_global_symbol_pipe='sed -n -e '\''s/^.*[	 ]\([ABCDGIRSTW][ABCDGIRSTW]*\)[	 ][	 ]*\([_A-Za-z][_A-Za-z0-9]*\)$/\1 \2 \2/p'\'' | sed '\''/ __gnu_lto/d'\'''
lt_cv_sys_global_symbol_to_c_name_address='sed -n -e '\''s/^: \(.*\) .*$/  {"\1", (void *) 0},/p'\'' -e '\''s/^[ABCDGIRSTW][ABCDGIRSTW]* .* \(.*\)$/  {"\1", (void *) \&\1},/p'\'''
lt_cv_sys_global_symbol_to_c_name_address_lib_prefix='sed -n -e '\''s/^: \(.*\) .*$/  {"\1", (void *) 0},/p'\'' -e '\''s/^[ABCDGIRSTW][ABCDGIRSTW]* .* \(lib.*\)$/  {"\1", (void *) \&\1},/p'\'' -e '\''s/^[ABCDGIRSTW][ABCDGIRSTW]* .* \(.*\)$/  {"lib\1", (void *) \&\1},/p'\'''
lt_cv_sys_global_symbol_to_cdecl='sed -n -e '\''s/^T .* \(.*\)$/extern int \1();/p'\'' -e '\''s/^[ABCDGIRSTW][ABCDGIRSTW]* .* \(.*\)$/extern char \1;/p'\'''
lt_cv_sys_global_symbol_to_import=
lt_cv_sys_max_cmd_len=1572864
lt_cv_to_host_file_cmd=func_convert_file_noop
lt_cv_to_tool_file_cmd=func_convert_file_noop
lt_cv_truncate_bin='/usr/bin/dd bs=4096 count=1'

## ----------------- ##
## Output variables. ##
## ----------------- ##

ACLOCAL='${SHELL} /home/wangws/wws_home/Fuzz_oggvideotools/target_progs/target_libpng/libpng/missing aclocal-1.15'
AMDEPBACKSLASH='\'
AMDEP_FALSE='#'
AMDEP_TRUE=''
AMTAR='$${TAR-tar}'
AM_BACKSLASH='\'
AM_DEFAULT_V='$(AM_DEFAULT_VERBOSITY)'
AM_DEFAULT_VERBOSITY='1'
AM_V='$(V)'
AR='ar'
AS='as'
AUTOCONF='${SHELL} /home/wangws/wws_home/Fuzz_oggvideotools/target_progs/target_libpng/libpng/missing autoconf'
AUTOHEADER='${SHELL} /home/wangws/wws_home/Fuzz_oggvideotools/target_progs/target_libpng/libpng/missing autoheader'
AUTOMAKE='${SHELL} /home/wangws/wws_home/Fuzz_oggvideotools/target_progs/target_libpng/libpng/missing automake-1.15'
AWK='gawk'
CC='/home/wangws/wws_home/Fuzz_oggvideotools/origin/afl-2.52b/afl-gcc'
CCAS='/home/wangws/wws_home/Fuzz_oggvideotools/origin/afl-2.52b/afl-gcc'
CCASDEPMODE='depmode=gcc3'
CCASFLAGS='-g -O2'
CCDEPMODE='depmode=gcc3'
CFLAGS='-g -O2'
CPP='/home/wangws/wws_home/Fuzz_oggvideotools/origin/afl-2.52b/afl-gcc -E'
CPPFLAGS=''
CYGPATH_W='echo'
DEFS='-DHAVE_CONFIG_H'
DEPDIR='.deps'
DFNCPP='/home/wangws/wws_home/Fuzz_oggvideotools/origin/afl-2.52b/afl-gcc -E'
DLLTOOL='false'
DO_INSTALL_LIBPNG_CONFIG_FALSE='#'
DO_INSTALL_LIBPNG_CONFIG_TRUE=''
DO_INSTALL_LIBPNG_PC_FALSE='#'
DO_INSTALL_LIBPNG_PC_TRUE=''
DO_INSTALL_LINKS_FALSE='#'
DO_INSTALL_LINKS_TRUE=''
DO_PNG_PREFIX_FALSE=''
DO_PNG_PREFIX_TRUE='#'
DSYMUTIL=''
DUMPBIN=''
ECHO_C=''
ECHO_N='-n'
ECHO_T=''
EGREP='/usr/bin/grep -E'
EXEEXT=''
FGREP='/usr/bin/grep -F'
GREP='/usr/bin/grep'
HAVE_CLOCK_GETTIME_FALSE='#'
HAVE_CLOCK_GETTIME_TRUE=''
HAVE_LD_VERSION_SCRIPT_FALSE='#'
HAVE_LD_VERSION_SCRIPT_TRUE=''
HAVE_SOLARIS_LD_FALSE=''
HAVE_SOLARIS_LD_TRUE='#'
INSTALL_DATA='${INSTALL} -m 644'
INSTALL_PROGRAM='${INSTALL}'
INSTALL_SCRIPT='${INSTALL}'
INSTALL_STRIP_PROGRAM='$(install_sh) -c -s'
LD='/usr/bin/ld -m elf_x86_64'
LDFLAGS=''
LIBOBJS=''
LIBS='-lm -lz -lm '
LIBTOOL='$(SHELL) $(top_builddir)/libtool'
LIPO=''
LN_S='ln -s'
LTLIBOBJS=''
LT_SYS_LIBRARY_PATH=''
MAINT='#'
MAINTAINER_MODE_FALSE=''
MAINTAINER_MODE_TRUE='#'
MAKEINFO='${SHELL} /home/wangws/wws_home/Fuzz_oggvideotools/target_progs/target_libpng/libpng/missing makeinfo'
MANIFEST_TOOL=':'
MKDIR_P='/usr/bin/mkdir -p'
NM='/usr/bin/nm -B'
NMEDIT=''
OBJDUMP='objdump'
OBJEXT='o'
OTOOL64=''
OTOOL=''
PACKAGE='libpng'
PACKAGE_BUGREPORT='png-mng-implement@lists.sourceforge.net'
PACKAGE_NAME='libpng'
PACKAGE_STRING='libpng 1.6.34'
PACKAGE_TARNAME='libpng'
PACKAGE_URL=''
PACKAGE_VERSION='1.6.34'
PATH_SEPARATOR=':'
PNGLIB_MAJOR='1'
PNGLIB_MINOR='6'
PNGLIB_RELEASE='34'
PNGLIB_VERSION='1.6.34'
PNG_ARM_NEON_FALSE=''
PNG_ARM_NEON_TRUE='#'
PNG_COPTS=''
PNG_INTEL_SSE_FALSE='#'
PNG_INTEL_SSE_TRUE=''
PNG_MIPS_MSA_FALSE='#'
PNG_MIPS_MSA_TRUE=''
PNG_POWERPC_VSX_FALSE='#'
PNG_POWERPC_VSX_TRUE=''
PNG_PREFIX=''
POW_LIB=''
RANLIB='ranlib'
SED='/usr/bin/sed'
SET_MAKE=''
SHELL='/bin/sh'
STRIP='strip'
SYMBOL_PREFIX=''
VERSION='1.6.34'
ac_ct_AR='ar'
ac_ct_CC='/home/wangws/wws_home/Fuzz_oggvideotools/origin/afl-2.52b/afl-gcc'
ac_ct_DUMPBIN=''
am__EXEEXT_FALSE=''
am__EXEEXT_TRUE='#'
am__fastdepCCAS_FALSE='#'
am__fastdepCCAS_TRUE=''
am__fastdepCC_FALSE='#'
am__fastdepCC_TRUE=''
am__include='include'
am__isrc=''
am__leading_dot='.'
am__nodep='_no'
am__quote=''
am__tar='$${TAR-tar} chof - "$$tardir"'
am__untar='$${TAR-tar} xf -'
binconfigs='${binconfigs}'
bindir='${exec_prefix}/bin'
build='x86_64-unknown-linux-gnu'
build_alias=''
build_cpu='x86_64'
build_os='linux-gnu'
build_vendor='unknown'
datadir='${datarootdir}'
datarootdir='${prefix}/share'
docdir='${datarootdir}/doc/${PACKAGE_TARNAME}'
dvidir='${docdir}'
exec_prefix='${prefix}'
host='x86_64-unknown-linux-gnu'
host_alias=''
host_cpu='x86_64'
host_os='linux-gnu'
host_vendor='unknown'
htmldir='${docdir}'
includedir='${prefix}/include'
infodir='${datarootdir}/info'
install_sh='${SHELL} /home/wangws/wws_home/Fuzz_oggvideotools/target_progs/target_libpng/libpng/install-sh'
libdir='${exec_prefix}/lib'
libexecdir='${exec_prefix}/libexec'
localedir='${datarootdir}/locale'
localstatedir='${prefix}/var'
mandir='${datarootdir}/man'
mkdir_p='$(MKDIR_P)'
oldincludedir='/usr/include'
pdfdir='${docdir}'
pkgconfigdir='${libdir}/pkgconfig'
prefix='/usr/local'
program_transform_name='s,x,x,'
psdir='${docdir}'
sbindir='${exec_prefix}/sbin'
sharedstatedir='${prefix}/com'
sysconfdir='${prefix}/etc'
target_alias=''

## ----------- ##
## confdefs.h. ##
## ----------- ##

/* confdefs.h */
#define PACKAGE_NAME "libpng"
#define PACKAGE_TARNAME "libpng"
#define PACKAGE_VERSION "1.6.34"
#define PACKAGE_STRING "libpng 1.6.34"
#define PACKAGE_BUGREPORT "png-mng-implement@lists.sourceforge.net"
#define PACKAGE_URL ""
#define PACKAGE "libpng"
#define VERSION "1.6.34"
#define STDC_HEADERS 1
#define HAVE_SYS_TYPES_H 1
#define HAVE_SYS_STAT_H 1
#define HAVE_STDLIB_H 1
#define HAVE_STRING_H 1
#define HAVE_MEMORY_H 1
#define HAVE_STRINGS_H 1
#define HAVE_INTTYPES_H 1
#define HAVE_STDINT_H 1
#define HAVE_UNISTD_H 1
#define HAVE_DLFCN_H 1
#define LT_OBJDIR ".libs/"
#define STDC_HEADERS 1
#define restrict __restrict
#define HAVE_MEMSET 1
#define HAVE_LIBM 1
#define HAVE_LIBZ 1
#define HAVE_LIBM 1
#define HAVE_FEENABLEEXCEPT 1

configure: exit 0

## ---------------------- ##
## Running config.status. ##
## ---------------------- ##

This file was extended by libpng config.status 1.6.34, which was
generated by GNU Autoconf 2.69.  Invocation command line was

  CONFIG_FILES    = 
  CONFIG_HEADERS  = 
  CONFIG_LINKS    = 
  CONFIG_COMMANDS = 
  $ ./config.status 

on GPUH3C

config.status:1135: creating Makefile
config.status:1135: creating libpng.pc
config.status:1135: creating libpng-config
config.status:1135: creating config.h
config.status:1316: config.h is unchanged
config.status:1364: executing depfiles commands
config.status:1364: executing libtool commands
