This file contains any messages produced by compilers while
running configure, to aid debugging if configure makes a mistake.

It was created by vorbisgain configure 0.36, which was
generated by GNU Autoconf 2.59.  Invocation command line was

  $ ./configure CC=afl-gcc CXX=afl-g++ --prefix=/home/wws/Music/Fuzz/target_progs/target_vorbisgain/install

## --------- ##
## Platform. ##
## --------- ##

hostname = wws-pc
uname -m = x86_64
uname -r = 4.15.0-66-generic
uname -s = Linux
uname -v = #75~16.04.1-Ubuntu SMP Tue Oct 1 14:01:08 UTC 2019

/usr/bin/uname -p = unknown
/bin/uname -X     = unknown

/bin/arch              = unknown
/usr/bin/arch -k       = unknown
/usr/convex/getsysinfo = unknown
hostinfo               = unknown
/bin/machine           = unknown
/usr/bin/oslevel       = unknown
/bin/universe          = unknown

PATH: /home/wws/anaconda3/bin
PATH: /home/wws/bin
PATH: /home/wws/.local/bin
PATH: /usr/lib/jvm/jdk-11.0.5/bin
PATH: /usr/local/sbin
PATH: /usr/local/bin
PATH: /usr/sbin
PATH: /usr/bin
PATH: /sbin
PATH: /bin
PATH: /usr/games
PATH: /usr/local/games
PATH: /snap/bin
PATH: /opt/010editor
PATH: /opt/010editor


## ----------- ##
## Core tests. ##
## ----------- ##

configure:1360: checking for a BSD-compatible install
configure:1415: result: /usr/bin/install -c
configure:1426: checking whether build environment is sane
configure:1469: result: yes
configure:1502: checking for gawk
configure:1531: result: no
configure:1502: checking for mawk
configure:1518: found /usr/bin/mawk
configure:1528: result: mawk
configure:1538: checking whether make sets $(MAKE)
configure:1558: result: yes
configure:1778: checking for gcc
configure:1804: result: afl-gcc
configure:2048: checking for C compiler version
configure:2051: afl-gcc --version </dev/null >&5
gcc (Ubuntu 5.4.0-6ubuntu1~16.04.12) 5.4.0 20160609
Copyright (C) 2015 Free Software Foundation, Inc.
This is free software; see the source for copying conditions.  There is NO
warranty; not even for MERCHANTABILITY or FITNESS FOR A PARTICULAR PURPOSE.

configure:2054: $? = 0
configure:2056: afl-gcc -v </dev/null >&5
Using built-in specs.
COLLECT_GCC=gcc
COLLECT_LTO_WRAPPER=/usr/lib/gcc/x86_64-linux-gnu/5/lto-wrapper
Target: x86_64-linux-gnu
Configured with: ../src/configure -v --with-pkgversion='Ubuntu 5.4.0-6ubuntu1~16.04.12' --with-bugurl=file:///usr/share/doc/gcc-5/README.Bugs --enable-languages=c,ada,c++,java,go,d,fortran,objc,obj-c++ --prefix=/usr --program-suffix=-5 --enable-shared --enable-linker-build-id --libexecdir=/usr/lib --without-included-gettext --enable-threads=posix --libdir=/usr/lib --enable-nls --with-sysroot=/ --enable-clocale=gnu --enable-libstdcxx-debug --enable-libstdcxx-time=yes --with-default-libstdcxx-abi=new --enable-gnu-unique-object --disable-vtable-verify --enable-libmpx --enable-plugin --with-system-zlib --disable-browser-plugin --enable-java-awt=gtk --enable-gtk-cairo --with-java-home=/usr/lib/jvm/java-1.5.0-gcj-5-amd64/jre --enable-java-home --with-jvm-root-dir=/usr/lib/jvm/java-1.5.0-gcj-5-amd64 --with-jvm-jar-dir=/usr/lib/jvm-exports/java-1.5.0-gcj-5-amd64 --with-arch-directory=amd64 --with-ecj-jar=/usr/share/java/eclipse-ecj.jar --enable-objc-gc --enable-multiarch --disable-werror --with-arch-32=i686 --with-abi=m64 --with-multilib-list=m32,m64,mx32 --enable-multilib --with-tune=generic --enable-checking=release --build=x86_64-linux-gnu --host=x86_64-linux-gnu --target=x86_64-linux-gnu
Thread model: posix
gcc version 5.4.0 20160609 (Ubuntu 5.4.0-6ubuntu1~16.04.12) 
configure:2059: $? = 0
configure:2061: afl-gcc -V </dev/null >&5
gcc: error: unrecognized command line option '-V'
gcc: fatal error: no input files
compilation terminated.
configure:2064: $? = 1
configure:2087: checking for C compiler default output file name
configure:2090: afl-gcc    conftest.c  >&5
configure:2093: $? = 0
configure:2139: result: a.out
configure:2144: checking whether the C compiler works
configure:2150: ./a.out
configure:2153: $? = 0
configure:2170: result: yes
configure:2177: checking whether we are cross compiling
configure:2179: result: no
configure:2182: checking for suffix of executables
configure:2184: afl-gcc -o conftest    conftest.c  >&5
configure:2187: $? = 0
configure:2212: result: 
configure:2218: checking for suffix of object files
configure:2239: afl-gcc -c   conftest.c >&5
configure:2242: $? = 0
configure:2264: result: o
configure:2268: checking whether we are using the GNU C compiler
configure:2292: afl-gcc -c   conftest.c >&5
configure:2298: $? = 0
configure:2302: test -z 
			 || test ! -s conftest.err
configure:2305: $? = 0
configure:2308: test -s conftest.o
configure:2311: $? = 0
configure:2324: result: yes
configure:2330: checking whether afl-gcc accepts -g
configure:2351: afl-gcc -c -g  conftest.c >&5
configure:2357: $? = 0
configure:2361: test -z 
			 || test ! -s conftest.err
configure:2364: $? = 0
configure:2367: test -s conftest.o
configure:2370: $? = 0
configure:2381: result: yes
configure:2398: checking for afl-gcc option to accept ANSI C
configure:2468: afl-gcc  -c -g -O2  conftest.c >&5
configure:2474: $? = 0
configure:2478: test -z 
			 || test ! -s conftest.err
configure:2481: $? = 0
configure:2484: test -s conftest.o
configure:2487: $? = 0
configure:2505: result: none needed
configure:2523: afl-gcc -c -g -O2  conftest.c >&5
conftest.c:2:3: error: unknown type name 'choke'
   choke me
   ^
conftest.c:2:3: error: expected '=', ',', ';', 'asm' or '__attribute__' at end of input
configure:2529: $? = 1
configure: failed program was:
| #ifndef __cplusplus
|   choke me
| #endif
configure:2673: checking for style of include used by make
configure:2701: result: GNU
configure:2729: checking dependency style of afl-gcc
configure:2812: result: gcc3
configure:2888: checking for Ogg
configure:2923: afl-gcc -o conftest -O2 -fsigned-char      conftest.c   -logg >&5
conftest.c: In function 'main':
conftest.c:19:3: warning: ignoring return value of 'system', declared with attribute warn_unused_result [-Wunused-result]
   system("touch conf.oggtest");
   ^
configure:2926: $? = 0
configure:2928: ./conftest
configure:2931: $? = 0
configure:2949: result: yes
configure:3058: checking for Vorbis
configure:3093: afl-gcc -o conftest -O2 -fsigned-char      conftest.c   -lvorbisfile -lvorbis -lm  -logg >&5
conftest.c: In function 'main':
conftest.c:19:3: warning: ignoring return value of 'system', declared with attribute warn_unused_result [-Wunused-result]
   system("touch conf.vorbistest");
   ^
configure:3096: $? = 0
configure:3098: ./conftest
configure:3101: $? = 0
configure:3119: result: yes
configure:3216: checking for dirent.h that defines DIR
configure:3240: afl-gcc -c -O2 -fsigned-char   conftest.c >&5
configure:3246: $? = 0
configure:3250: test -z 
			 || test ! -s conftest.err
configure:3253: $? = 0
configure:3256: test -s conftest.o
configure:3259: $? = 0
configure:3270: result: yes
configure:3283: checking for library containing opendir
configure:3313: afl-gcc -o conftest -O2 -fsigned-char     conftest.c  >&5
configure:3319: $? = 0
configure:3323: test -z 
			 || test ! -s conftest.err
configure:3326: $? = 0
configure:3329: test -s conftest
configure:3332: $? = 0
configure:3402: result: none required
configure:3543: checking how to run the C preprocessor
configure:3578: afl-gcc -E  conftest.c
configure:3584: $? = 0
configure:3616: afl-gcc -E  conftest.c
conftest.c:12:28: fatal error: ac_nonexistent.h: No such file or directory
compilation terminated.
configure:3622: $? = 1
configure: failed program was:
| /* confdefs.h.  */
| 
| #define PACKAGE_NAME "vorbisgain"
| #define PACKAGE_TARNAME "vorbisgain"
| #define PACKAGE_VERSION "0.36"
| #define PACKAGE_STRING "vorbisgain 0.36"
| #define PACKAGE_BUGREPORT ""
| #define PACKAGE "vorbisgain"
| #define VERSION "0.36"
| #define HAVE_DIRENT_H 1
| /* end confdefs.h.  */
| #include <ac_nonexistent.h>
configure:3661: result: afl-gcc -E
configure:3685: afl-gcc -E  conftest.c
configure:3691: $? = 0
configure:3723: afl-gcc -E  conftest.c
conftest.c:12:28: fatal error: ac_nonexistent.h: No such file or directory
compilation terminated.
configure:3729: $? = 1
configure: failed program was:
| /* confdefs.h.  */
| 
| #define PACKAGE_NAME "vorbisgain"
| #define PACKAGE_TARNAME "vorbisgain"
| #define PACKAGE_VERSION "0.36"
| #define PACKAGE_STRING "vorbisgain 0.36"
| #define PACKAGE_BUGREPORT ""
| #define PACKAGE "vorbisgain"
| #define VERSION "0.36"
| #define HAVE_DIRENT_H 1
| /* end confdefs.h.  */
| #include <ac_nonexistent.h>
configure:3773: checking for egrep
configure:3783: result: grep -E
configure:3788: checking for ANSI C header files
configure:3813: afl-gcc -c -O2 -fsigned-char   conftest.c >&5
configure:3819: $? = 0
configure:3823: test -z 
			 || test ! -s conftest.err
configure:3826: $? = 0
configure:3829: test -s conftest.o
configure:3832: $? = 0
configure:3921: afl-gcc -o conftest -O2 -fsigned-char     conftest.c  >&5
conftest.c: In function 'main':
conftest.c:29:7: warning: implicit declaration of function 'exit' [-Wimplicit-function-declaration]
       exit(2);
       ^
conftest.c:29:7: warning: incompatible implicit declaration of built-in function 'exit'
conftest.c:29:7: note: include '<stdlib.h>' or provide a declaration of 'exit'
conftest.c:30:3: warning: incompatible implicit declaration of built-in function 'exit'
   exit (0);
   ^
conftest.c:30:3: note: include '<stdlib.h>' or provide a declaration of 'exit'
configure:3924: $? = 0
configure:3926: ./conftest
configure:3929: $? = 0
configure:3944: result: yes
configure:3954: checking whether termios.h defines TIOCGWINSZ
configure:3981: result: no
configure:3985: checking whether sys/ioctl.h defines TIOCGWINSZ
configure:4012: result: yes
configure:4038: checking for sys/types.h
configure:4054: afl-gcc -c -O2 -fsigned-char   conftest.c >&5
configure:4060: $? = 0
configure:4064: test -z 
			 || test ! -s conftest.err
configure:4067: $? = 0
configure:4070: test -s conftest.o
configure:4073: $? = 0
configure:4084: result: yes
configure:4038: checking for sys/stat.h
configure:4054: afl-gcc -c -O2 -fsigned-char   conftest.c >&5
configure:4060: $? = 0
configure:4064: test -z 
			 || test ! -s conftest.err
configure:4067: $? = 0
configure:4070: test -s conftest.o
configure:4073: $? = 0
configure:4084: result: yes
configure:4038: checking for stdlib.h
configure:4054: afl-gcc -c -O2 -fsigned-char   conftest.c >&5
configure:4060: $? = 0
configure:4064: test -z 
			 || test ! -s conftest.err
configure:4067: $? = 0
configure:4070: test -s conftest.o
configure:4073: $? = 0
configure:4084: result: yes
configure:4038: checking for string.h
configure:4054: afl-gcc -c -O2 -fsigned-char   conftest.c >&5
configure:4060: $? = 0
configure:4064: test -z 
			 || test ! -s conftest.err
configure:4067: $? = 0
configure:4070: test -s conftest.o
configure:4073: $? = 0
configure:4084: result: yes
configure:4038: checking for memory.h
configure:4054: afl-gcc -c -O2 -fsigned-char   conftest.c >&5
configure:4060: $? = 0
configure:4064: test -z 
			 || test ! -s conftest.err
configure:4067: $? = 0
configure:4070: test -s conftest.o
configure:4073: $? = 0
configure:4084: result: yes
configure:4038: checking for strings.h
configure:4054: afl-gcc -c -O2 -fsigned-char   conftest.c >&5
configure:4060: $? = 0
configure:4064: test -z 
			 || test ! -s conftest.err
configure:4067: $? = 0
configure:4070: test -s conftest.o
configure:4073: $? = 0
configure:4084: result: yes
configure:4038: checking for inttypes.h
configure:4054: afl-gcc -c -O2 -fsigned-char   conftest.c >&5
configure:4060: $? = 0
configure:4064: test -z 
			 || test ! -s conftest.err
configure:4067: $? = 0
configure:4070: test -s conftest.o
configure:4073: $? = 0
configure:4084: result: yes
configure:4038: checking for stdint.h
configure:4054: afl-gcc -c -O2 -fsigned-char   conftest.c >&5
configure:4060: $? = 0
configure:4064: test -z 
			 || test ! -s conftest.err
configure:4067: $? = 0
configure:4070: test -s conftest.o
configure:4073: $? = 0
configure:4084: result: yes
configure:4038: checking for unistd.h
configure:4054: afl-gcc -c -O2 -fsigned-char   conftest.c >&5
configure:4060: $? = 0
configure:4064: test -z 
			 || test ! -s conftest.err
configure:4067: $? = 0
configure:4070: test -s conftest.o
configure:4073: $? = 0
configure:4084: result: yes
configure:4115: checking errno.h usability
configure:4127: afl-gcc -c -O2 -fsigned-char   conftest.c >&5
configure:4133: $? = 0
configure:4137: test -z 
			 || test ! -s conftest.err
configure:4140: $? = 0
configure:4143: test -s conftest.o
configure:4146: $? = 0
configure:4156: result: yes
configure:4160: checking errno.h presence
configure:4170: afl-gcc -E  conftest.c
configure:4176: $? = 0
configure:4196: result: yes
configure:4231: checking for errno.h
configure:4238: result: yes
configure:4106: checking for stdlib.h
configure:4111: result: yes
configure:4106: checking for string.h
configure:4111: result: yes
configure:4106: checking for unistd.h
configure:4111: result: yes
configure:4115: checking utime.h usability
configure:4127: afl-gcc -c -O2 -fsigned-char   conftest.c >&5
configure:4133: $? = 0
configure:4137: test -z 
			 || test ! -s conftest.err
configure:4140: $? = 0
configure:4143: test -s conftest.o
configure:4146: $? = 0
configure:4156: result: yes
configure:4160: checking utime.h presence
configure:4170: afl-gcc -E  conftest.c
configure:4176: $? = 0
configure:4196: result: yes
configure:4231: checking for utime.h
configure:4238: result: yes
configure:4115: checking termios.h usability
configure:4127: afl-gcc -c -O2 -fsigned-char   conftest.c >&5
configure:4133: $? = 0
configure:4137: test -z 
			 || test ! -s conftest.err
configure:4140: $? = 0
configure:4143: test -s conftest.o
configure:4146: $? = 0
configure:4156: result: yes
configure:4160: checking termios.h presence
configure:4170: afl-gcc -E  conftest.c
configure:4176: $? = 0
configure:4196: result: yes
configure:4231: checking for termios.h
configure:4238: result: yes
configure:4256: checking for an ANSI C-conforming const
configure:4323: afl-gcc -c -O2 -fsigned-char   conftest.c >&5
configure:4329: $? = 0
configure:4333: test -z 
			 || test ! -s conftest.err
configure:4336: $? = 0
configure:4339: test -s conftest.o
configure:4342: $? = 0
configure:4353: result: yes
configure:4363: checking for inline
configure:4384: afl-gcc -c -O2 -fsigned-char   conftest.c >&5
configure:4390: $? = 0
configure:4394: test -z 
			 || test ! -s conftest.err
configure:4397: $? = 0
configure:4400: test -s conftest.o
configure:4403: $? = 0
configure:4415: result: inline
configure:4434: checking for size_t
configure:4458: afl-gcc -c -O2 -fsigned-char   conftest.c >&5
configure:4464: $? = 0
configure:4468: test -z 
			 || test ! -s conftest.err
configure:4471: $? = 0
configure:4474: test -s conftest.o
configure:4477: $? = 0
configure:4488: result: yes
configure:4508: checking whether lstat dereferences a symlink specified with a trailing slash
configure:4539: afl-gcc -o conftest -O2 -fsigned-char     conftest.c  >&5
configure:4542: $? = 0
configure:4544: ./conftest
configure:4547: $? = 0
configure:4568: result: yes
configure:4589: checking whether stat accepts an empty string
configure:4614: afl-gcc -o conftest -O2 -fsigned-char     conftest.c  >&5
configure:4617: $? = 0
configure:4619: ./conftest
configure:4622: $? = 1
configure: program exited with status 1
configure: failed program was:
| /* confdefs.h.  */
| 
| #define PACKAGE_NAME "vorbisgain"
| #define PACKAGE_TARNAME "vorbisgain"
| #define PACKAGE_VERSION "0.36"
| #define PACKAGE_STRING "vorbisgain 0.36"
| #define PACKAGE_BUGREPORT ""
| #define PACKAGE "vorbisgain"
| #define VERSION "0.36"
| #define HAVE_DIRENT_H 1
| #define STDC_HEADERS 1
| #define GWINSZ_IN_SYS_IOCTL 1
| #define HAVE_SYS_TYPES_H 1
| #define HAVE_SYS_STAT_H 1
| #define HAVE_STDLIB_H 1
| #define HAVE_STRING_H 1
| #define HAVE_MEMORY_H 1
| #define HAVE_STRINGS_H 1
| #define HAVE_INTTYPES_H 1
| #define HAVE_STDINT_H 1
| #define HAVE_UNISTD_H 1
| #define HAVE_ERRNO_H 1
| #define HAVE_STDLIB_H 1
| #define HAVE_STRING_H 1
| #define HAVE_UNISTD_H 1
| #define HAVE_UTIME_H 1
| #define HAVE_TERMIOS_H 1
| #define LSTAT_FOLLOWS_SLASHED_SYMLINK 1
| /* end confdefs.h.  */
| #include <stdio.h>
| #if HAVE_SYS_TYPES_H
| # include <sys/types.h>
| #endif
| #if HAVE_SYS_STAT_H
| # include <sys/stat.h>
| #endif
| #if STDC_HEADERS
| # include <stdlib.h>
| # include <stddef.h>
| #else
| # if HAVE_STDLIB_H
| #  include <stdlib.h>
| # endif
| #endif
| #if HAVE_STRING_H
| # if !STDC_HEADERS && HAVE_MEMORY_H
| #  include <memory.h>
| # endif
| # include <string.h>
| #endif
| #if HAVE_STRINGS_H
| # include <strings.h>
| #endif
| #if HAVE_INTTYPES_H
| # include <inttypes.h>
| #else
| # if HAVE_STDINT_H
| #  include <stdint.h>
| # endif
| #endif
| #if HAVE_UNISTD_H
| # include <unistd.h>
| #endif
| int
| main ()
| {
| struct stat sbuf;
|   exit (stat ("", &sbuf) ? 1 : 0);
|   ;
|   return 0;
| }
configure:4636: result: no
configure:4658: checking for vprintf
configure:4715: afl-gcc -o conftest -O2 -fsigned-char     conftest.c  >&5
conftest.c:54:6: warning: conflicting types for built-in function 'vprintf'
 char vprintf ();
      ^
configure:4721: $? = 0
configure:4725: test -z 
			 || test ! -s conftest.err
configure:4728: $? = 0
configure:4731: test -s conftest
configure:4734: $? = 0
configure:4746: result: yes
configure:4753: checking for _doprnt
configure:4810: afl-gcc -o conftest -O2 -fsigned-char     conftest.c  >&5
/tmp/ccEkhmTJ.o:(.data+0x0): undefined reference to `_doprnt'
/tmp/ccEkhmTJ.o: In function `main':
/home/wws/Music/Fuzz/target_progs/target_vorbisgain/vorbisgain-0.36/conftest.c:70: undefined reference to `_doprnt'
collect2: error: ld returned 1 exit status
configure:4816: $? = 1
configure: failed program was:
| /* confdefs.h.  */
| 
| #define PACKAGE_NAME "vorbisgain"
| #define PACKAGE_TARNAME "vorbisgain"
| #define PACKAGE_VERSION "0.36"
| #define PACKAGE_STRING "vorbisgain 0.36"
| #define PACKAGE_BUGREPORT ""
| #define PACKAGE "vorbisgain"
| #define VERSION "0.36"
| #define HAVE_DIRENT_H 1
| #define STDC_HEADERS 1
| #define GWINSZ_IN_SYS_IOCTL 1
| #define HAVE_SYS_TYPES_H 1
| #define HAVE_SYS_STAT_H 1
| #define HAVE_STDLIB_H 1
| #define HAVE_STRING_H 1
| #define HAVE_MEMORY_H 1
| #define HAVE_STRINGS_H 1
| #define HAVE_INTTYPES_H 1
| #define HAVE_STDINT_H 1
| #define HAVE_UNISTD_H 1
| #define HAVE_ERRNO_H 1
| #define HAVE_STDLIB_H 1
| #define HAVE_STRING_H 1
| #define HAVE_UNISTD_H 1
| #define HAVE_UTIME_H 1
| #define HAVE_TERMIOS_H 1
| #define LSTAT_FOLLOWS_SLASHED_SYMLINK 1
| #define HAVE_VPRINTF 1
| /* end confdefs.h.  */
| /* Define _doprnt to an innocuous variant, in case <limits.h> declares _doprnt.
|    For example, HP-UX 11i <limits.h> declares gettimeofday.  */
| #define _doprnt innocuous__doprnt
| 
| /* System header to define __stub macros and hopefully few prototypes,
|     which can conflict with char _doprnt (); below.
|     Prefer <limits.h> to <assert.h> if __STDC__ is defined, since
|     <limits.h> exists even on freestanding compilers.  */
| 
| #ifdef __STDC__
| # include <limits.h>
| #else
| # include <assert.h>
| #endif
| 
| #undef _doprnt
| 
| /* Override any gcc2 internal prototype to avoid an error.  */
| #ifdef __cplusplus
| extern "C"
| {
| #endif
| /* We use char because int might match the return type of a gcc2
|    builtin and then its argument prototype would still apply.  */
| char _doprnt ();
| /* The GNU C library defines this for functions which it implements
|     to always fail with ENOSYS.  Some functions are actually named
|     something starting with __ and the normal name is an alias.  */
| #if defined (__stub__doprnt) || defined (__stub____doprnt)
| choke me
| #else
| char (*f) () = _doprnt;
| #endif
| #ifdef __cplusplus
| }
| #endif
| 
| int
| main ()
| {
| return f != _doprnt;
|   ;
|   return 0;
| }
configure:4841: result: no
configure:4866: checking for floor
configure:4923: afl-gcc -o conftest -O2 -fsigned-char     conftest.c  >&5
conftest.c:55:6: warning: conflicting types for built-in function 'floor'
 char floor ();
      ^
/tmp/cc4mow1O.o:(.data+0x0): undefined reference to `floor'
/tmp/cc4mow1O.o: In function `main':
/home/wws/Music/Fuzz/target_progs/target_vorbisgain/vorbisgain-0.36/conftest.c:70: undefined reference to `floor'
collect2: error: ld returned 1 exit status
configure:4929: $? = 1
configure: failed program was:
| /* confdefs.h.  */
| 
| #define PACKAGE_NAME "vorbisgain"
| #define PACKAGE_TARNAME "vorbisgain"
| #define PACKAGE_VERSION "0.36"
| #define PACKAGE_STRING "vorbisgain 0.36"
| #define PACKAGE_BUGREPORT ""
| #define PACKAGE "vorbisgain"
| #define VERSION "0.36"
| #define HAVE_DIRENT_H 1
| #define STDC_HEADERS 1
| #define GWINSZ_IN_SYS_IOCTL 1
| #define HAVE_SYS_TYPES_H 1
| #define HAVE_SYS_STAT_H 1
| #define HAVE_STDLIB_H 1
| #define HAVE_STRING_H 1
| #define HAVE_MEMORY_H 1
| #define HAVE_STRINGS_H 1
| #define HAVE_INTTYPES_H 1
| #define HAVE_STDINT_H 1
| #define HAVE_UNISTD_H 1
| #define HAVE_ERRNO_H 1
| #define HAVE_STDLIB_H 1
| #define HAVE_STRING_H 1
| #define HAVE_UNISTD_H 1
| #define HAVE_UTIME_H 1
| #define HAVE_TERMIOS_H 1
| #define LSTAT_FOLLOWS_SLASHED_SYMLINK 1
| #define HAVE_VPRINTF 1
| /* end confdefs.h.  */
| /* Define floor to an innocuous variant, in case <limits.h> declares floor.
|    For example, HP-UX 11i <limits.h> declares gettimeofday.  */
| #define floor innocuous_floor
| 
| /* System header to define __stub macros and hopefully few prototypes,
|     which can conflict with char floor (); below.
|     Prefer <limits.h> to <assert.h> if __STDC__ is defined, since
|     <limits.h> exists even on freestanding compilers.  */
| 
| #ifdef __STDC__
| # include <limits.h>
| #else
| # include <assert.h>
| #endif
| 
| #undef floor
| 
| /* Override any gcc2 internal prototype to avoid an error.  */
| #ifdef __cplusplus
| extern "C"
| {
| #endif
| /* We use char because int might match the return type of a gcc2
|    builtin and then its argument prototype would still apply.  */
| char floor ();
| /* The GNU C library defines this for functions which it implements
|     to always fail with ENOSYS.  Some functions are actually named
|     something starting with __ and the normal name is an alias.  */
| #if defined (__stub_floor) || defined (__stub___floor)
| choke me
| #else
| char (*f) () = floor;
| #endif
| #ifdef __cplusplus
| }
| #endif
| 
| int
| main ()
| {
| return f != floor;
|   ;
|   return 0;
| }
configure:4954: result: no
configure:4866: checking for getcwd
configure:4923: afl-gcc -o conftest -O2 -fsigned-char     conftest.c  >&5
configure:4929: $? = 0
configure:4933: test -z 
			 || test ! -s conftest.err
configure:4936: $? = 0
configure:4939: test -s conftest
configure:4942: $? = 0
configure:4954: result: yes
configure:4866: checking for memmove
configure:4923: afl-gcc -o conftest -O2 -fsigned-char     conftest.c  >&5
conftest.c:56:6: warning: conflicting types for built-in function 'memmove'
 char memmove ();
      ^
configure:4929: $? = 0
configure:4933: test -z 
			 || test ! -s conftest.err
configure:4936: $? = 0
configure:4939: test -s conftest
configure:4942: $? = 0
configure:4954: result: yes
configure:4866: checking for memset
configure:4923: afl-gcc -o conftest -O2 -fsigned-char     conftest.c  >&5
conftest.c:57:6: warning: conflicting types for built-in function 'memset'
 char memset ();
      ^
configure:4929: $? = 0
configure:4933: test -z 
			 || test ! -s conftest.err
configure:4936: $? = 0
configure:4939: test -s conftest
configure:4942: $? = 0
configure:4954: result: yes
configure:4866: checking for pow
configure:4923: afl-gcc -o conftest -O2 -fsigned-char     conftest.c  >&5
conftest.c:58:6: warning: conflicting types for built-in function 'pow'
 char pow ();
      ^
/tmp/ccNxrWU7.o:(.data+0x0): undefined reference to `pow'
/tmp/ccNxrWU7.o: In function `main':
/home/wws/Music/Fuzz/target_progs/target_vorbisgain/vorbisgain-0.36/conftest.c:73: undefined reference to `pow'
collect2: error: ld returned 1 exit status
configure:4929: $? = 1
configure: failed program was:
| /* confdefs.h.  */
| 
| #define PACKAGE_NAME "vorbisgain"
| #define PACKAGE_TARNAME "vorbisgain"
| #define PACKAGE_VERSION "0.36"
| #define PACKAGE_STRING "vorbisgain 0.36"
| #define PACKAGE_BUGREPORT ""
| #define PACKAGE "vorbisgain"
| #define VERSION "0.36"
| #define HAVE_DIRENT_H 1
| #define STDC_HEADERS 1
| #define GWINSZ_IN_SYS_IOCTL 1
| #define HAVE_SYS_TYPES_H 1
| #define HAVE_SYS_STAT_H 1
| #define HAVE_STDLIB_H 1
| #define HAVE_STRING_H 1
| #define HAVE_MEMORY_H 1
| #define HAVE_STRINGS_H 1
| #define HAVE_INTTYPES_H 1
| #define HAVE_STDINT_H 1
| #define HAVE_UNISTD_H 1
| #define HAVE_ERRNO_H 1
| #define HAVE_STDLIB_H 1
| #define HAVE_STRING_H 1
| #define HAVE_UNISTD_H 1
| #define HAVE_UTIME_H 1
| #define HAVE_TERMIOS_H 1
| #define LSTAT_FOLLOWS_SLASHED_SYMLINK 1
| #define HAVE_VPRINTF 1
| #define HAVE_GETCWD 1
| #define HAVE_MEMMOVE 1
| #define HAVE_MEMSET 1
| /* end confdefs.h.  */
| /* Define pow to an innocuous variant, in case <limits.h> declares pow.
|    For example, HP-UX 11i <limits.h> declares gettimeofday.  */
| #define pow innocuous_pow
| 
| /* System header to define __stub macros and hopefully few prototypes,
|     which can conflict with char pow (); below.
|     Prefer <limits.h> to <assert.h> if __STDC__ is defined, since
|     <limits.h> exists even on freestanding compilers.  */
| 
| #ifdef __STDC__
| # include <limits.h>
| #else
| # include <assert.h>
| #endif
| 
| #undef pow
| 
| /* Override any gcc2 internal prototype to avoid an error.  */
| #ifdef __cplusplus
| extern "C"
| {
| #endif
| /* We use char because int might match the return type of a gcc2
|    builtin and then its argument prototype would still apply.  */
| char pow ();
| /* The GNU C library defines this for functions which it implements
|     to always fail with ENOSYS.  Some functions are actually named
|     something starting with __ and the normal name is an alias.  */
| #if defined (__stub_pow) || defined (__stub___pow)
| choke me
| #else
| char (*f) () = pow;
| #endif
| #ifdef __cplusplus
| }
| #endif
| 
| int
| main ()
| {
| return f != pow;
|   ;
|   return 0;
| }
configure:4954: result: no
configure:4866: checking for strchr
configure:4923: afl-gcc -o conftest -O2 -fsigned-char     conftest.c  >&5
conftest.c:58:6: warning: conflicting types for built-in function 'strchr'
 char strchr ();
      ^
configure:4929: $? = 0
configure:4933: test -z 
			 || test ! -s conftest.err
configure:4936: $? = 0
configure:4939: test -s conftest
configure:4942: $? = 0
configure:4954: result: yes
configure:4866: checking for strdup
configure:4923: afl-gcc -o conftest -O2 -fsigned-char     conftest.c  >&5
conftest.c:59:6: warning: conflicting types for built-in function 'strdup'
 char strdup ();
      ^
configure:4929: $? = 0
configure:4933: test -z 
			 || test ! -s conftest.err
configure:4936: $? = 0
configure:4939: test -s conftest
configure:4942: $? = 0
configure:4954: result: yes
configure:4866: checking for strerror
configure:4923: afl-gcc -o conftest -O2 -fsigned-char     conftest.c  >&5
configure:4929: $? = 0
configure:4933: test -z 
			 || test ! -s conftest.err
configure:4936: $? = 0
configure:4939: test -s conftest
configure:4942: $? = 0
configure:4954: result: yes
configure:4966: checking for ov_read_float in -lvorbisfile
configure:4996: afl-gcc -o conftest -O2 -fsigned-char     conftest.c -lvorbisfile  -lvorbisfile -lvorbis -lm  -logg  >&5
configure:5002: $? = 0
configure:5006: test -z 
			 || test ! -s conftest.err
configure:5009: $? = 0
configure:5012: test -s conftest
configure:5015: $? = 0
configure:5028: result: yes
configure:5049: checking if ov_read_float() takes four arguments
configure:5069: afl-gcc -c -O2 -fsigned-char     conftest.c >&5
configure:5075: $? = 0
configure:5079: test -z 
			 || test ! -s conftest.err
configure:5082: $? = 0
configure:5085: test -s conftest.o
configure:5088: $? = 0
configure:5090: result: yes
configure:5243: creating ./config.status

## ---------------------- ##
## Running config.status. ##
## ---------------------- ##

This file was extended by vorbisgain config.status 0.36, which was
generated by GNU Autoconf 2.59.  Invocation command line was

  CONFIG_FILES    = 
  CONFIG_HEADERS  = 
  CONFIG_LINKS    = 
  CONFIG_COMMANDS = 
  $ ./config.status 

on wws-pc

config.status:690: creating Makefile
config.status:794: creating config.h
config.status:1114: executing depfiles commands

## ---------------- ##
## Cache variables. ##
## ---------------- ##

ac_cv_c_compiler_gnu=yes
ac_cv_c_const=yes
ac_cv_c_inline=inline
ac_cv_env_CC_set=set
ac_cv_env_CC_value=afl-gcc
ac_cv_env_CFLAGS_set=
ac_cv_env_CFLAGS_value=
ac_cv_env_CPPFLAGS_set=
ac_cv_env_CPPFLAGS_value=
ac_cv_env_CPP_set=
ac_cv_env_CPP_value=
ac_cv_env_LDFLAGS_set=
ac_cv_env_LDFLAGS_value=
ac_cv_env_build_alias_set=
ac_cv_env_build_alias_value=
ac_cv_env_host_alias_set=
ac_cv_env_host_alias_value=
ac_cv_env_target_alias_set=
ac_cv_env_target_alias_value=
ac_cv_exeext=
ac_cv_func__doprnt=no
ac_cv_func_floor=no
ac_cv_func_getcwd=yes
ac_cv_func_lstat_dereferences_slashed_symlink=yes
ac_cv_func_memmove=yes
ac_cv_func_memset=yes
ac_cv_func_pow=no
ac_cv_func_stat_empty_string_bug=no
ac_cv_func_strchr=yes
ac_cv_func_strdup=yes
ac_cv_func_strerror=yes
ac_cv_func_vprintf=yes
ac_cv_header_dirent_dirent_h=yes
ac_cv_header_errno_h=yes
ac_cv_header_inttypes_h=yes
ac_cv_header_memory_h=yes
ac_cv_header_stdc=yes
ac_cv_header_stdint_h=yes
ac_cv_header_stdlib_h=yes
ac_cv_header_string_h=yes
ac_cv_header_strings_h=yes
ac_cv_header_sys_stat_h=yes
ac_cv_header_sys_types_h=yes
ac_cv_header_termios_h=yes
ac_cv_header_unistd_h=yes
ac_cv_header_utime_h=yes
ac_cv_lib_vorbisfile_ov_read_float=yes
ac_cv_objext=o
ac_cv_path_install='/usr/bin/install -c'
ac_cv_prog_AWK=mawk
ac_cv_prog_CPP='afl-gcc -E'
ac_cv_prog_ac_ct_CC=afl-gcc
ac_cv_prog_cc_g=yes
ac_cv_prog_cc_stdc=
ac_cv_prog_egrep='grep -E'
ac_cv_prog_make_make_set=yes
ac_cv_search_opendir='none required'
ac_cv_sys_tiocgwinsz_in_sys_ioctl_h=yes
ac_cv_sys_tiocgwinsz_in_termios_h=no
ac_cv_type_size_t=yes
am_cv_CC_dependencies_compiler_type=gcc3

## ----------------- ##
## Output variables. ##
## ----------------- ##

ACLOCAL='${SHELL} /home/wws/Music/Fuzz/target_progs/target_vorbisgain/vorbisgain-0.36/missing --run aclocal-1.7'
AMDEPBACKSLASH='\'
AMDEP_FALSE='#'
AMDEP_TRUE=''
AMTAR='${SHELL} /home/wws/Music/Fuzz/target_progs/target_vorbisgain/vorbisgain-0.36/missing --run tar'
AUTOCONF='${SHELL} /home/wws/Music/Fuzz/target_progs/target_vorbisgain/vorbisgain-0.36/missing --run autoconf'
AUTOHEADER='${SHELL} /home/wws/Music/Fuzz/target_progs/target_vorbisgain/vorbisgain-0.36/missing --run autoheader'
AUTOMAKE='${SHELL} /home/wws/Music/Fuzz/target_progs/target_vorbisgain/vorbisgain-0.36/missing --run automake-1.7'
AWK='mawk'
CC='afl-gcc'
CCDEPMODE='depmode=gcc3'
CFLAGS='-O2 -fsigned-char '
CPP='afl-gcc -E'
CPPFLAGS=''
CYGPATH_W='echo'
DEFS='-DHAVE_CONFIG_H'
DEPDIR='.deps'
ECHO_C=''
ECHO_N='-n'
ECHO_T=''
EGREP='grep -E'
EXEEXT=''
INSTALL_DATA='${INSTALL} -m 644'
INSTALL_PROGRAM='${INSTALL}'
INSTALL_SCRIPT='${INSTALL}'
INSTALL_STRIP_PROGRAM='${SHELL} $(install_sh) -c -s'
LDFLAGS=' '
LIBOBJS=''
LIBS='-lvorbisfile '
LTLIBOBJS=''
MAKEINFO='${SHELL} /home/wws/Music/Fuzz/target_progs/target_vorbisgain/vorbisgain-0.36/missing --run makeinfo'
OBJEXT='o'
OGG_CFLAGS=''
OGG_LIBS=' -logg'
PACKAGE='vorbisgain'
PACKAGE_BUGREPORT=''
PACKAGE_NAME='vorbisgain'
PACKAGE_STRING='vorbisgain 0.36'
PACKAGE_TARNAME='vorbisgain'
PACKAGE_VERSION='0.36'
PATH_SEPARATOR=':'
SET_MAKE=''
SHELL='/bin/bash'
STRIP=''
VERSION='0.36'
VORBIS_CFLAGS=''
VORBIS_LIBS=' -lvorbisfile -lvorbis -lm'
ac_ct_CC='afl-gcc'
ac_ct_STRIP=''
am__fastdepCC_FALSE='#'
am__fastdepCC_TRUE=''
am__include='include'
am__leading_dot='.'
am__quote=''
bindir='${exec_prefix}/bin'
build_alias=''
datadir='${prefix}/share'
exec_prefix='${prefix}'
host_alias=''
includedir='${prefix}/include'
infodir='${prefix}/info'
install_sh='/home/wws/Music/Fuzz/target_progs/target_vorbisgain/vorbisgain-0.36/install-sh'
libdir='${exec_prefix}/lib'
libexecdir='${exec_prefix}/libexec'
localstatedir='${prefix}/var'
mandir='${prefix}/man'
oldincludedir='/usr/include'
prefix='/home/wws/Music/Fuzz/target_progs/target_vorbisgain/install'
program_transform_name='s,x,x,'
sbindir='${exec_prefix}/sbin'
sharedstatedir='${prefix}/com'
sysconfdir='${prefix}/etc'
target_alias=''

## ----------- ##
## confdefs.h. ##
## ----------- ##

#define GWINSZ_IN_SYS_IOCTL 1
#define HAVE_DIRENT_H 1
#define HAVE_ERRNO_H 1
#define HAVE_GETCWD 1
#define HAVE_INTTYPES_H 1
#define HAVE_LIBVORBISFILE 1
#define HAVE_MEMMOVE 1
#define HAVE_MEMORY_H 1
#define HAVE_MEMSET 1
#define HAVE_STDINT_H 1
#define HAVE_STDLIB_H 1
#define HAVE_STDLIB_H 1
#define HAVE_STRCHR 1
#define HAVE_STRDUP 1
#define HAVE_STRERROR 1
#define HAVE_STRINGS_H 1
#define HAVE_STRING_H 1
#define HAVE_STRING_H 1
#define HAVE_SYS_STAT_H 1
#define HAVE_SYS_TYPES_H 1
#define HAVE_TERMIOS_H 1
#define HAVE_UNISTD_H 1
#define HAVE_UNISTD_H 1
#define HAVE_UTIME_H 1
#define HAVE_VPRINTF 1
#define LSTAT_FOLLOWS_SLASHED_SYMLINK 1
#define PACKAGE "vorbisgain"
#define PACKAGE_BUGREPORT ""
#define PACKAGE_NAME "vorbisgain"
#define PACKAGE_STRING "vorbisgain 0.36"
#define PACKAGE_TARNAME "vorbisgain"
#define PACKAGE_VERSION "0.36"
#define STDC_HEADERS 1
#define VERSION "0.36"

configure: exit 0
