This file contains any messages produced by compilers while
running configure, to aid debugging if configure makes a mistake.

It was created by wavtool-pl configure 0.1, which was
generated by GNU Autoconf 2.69.  Invocation command line was

  $ ./configure CC=/home/wws/Fuzz_oggvideotools/origin/afl-2.52b/afl-gcc CXX=/home/wws/Fuzz_oggvideotools/origin/afl-2.52b/afl-g++ --prefix=/home/wws/Fuzz_oggvideotools/target_progs/target_wavtool/install

## --------- ##
## Platform. ##
## --------- ##

hostname = 276a7c1cdfcd
uname -m = x86_64
uname -r = 4.18.0-80.11.2.el8_0.x86_64
uname -s = Linux
uname -v = #1 SMP Sun Sep 15 11:24:21 UTC 2019

/usr/bin/uname -p = unknown
/bin/uname -X     = unknown

/bin/arch              = unknown
/usr/bin/arch -k       = unknown
/usr/convex/getsysinfo = unknown
/usr/bin/hostinfo      = unknown
/bin/machine           = unknown
/usr/bin/oslevel       = unknown
/bin/universe          = unknown

PATH: /usr/local/sbin
PATH: /usr/local/bin
PATH: /usr/sbin
PATH: /usr/bin
PATH: /sbin
PATH: /bin
PATH: /usr/games
PATH: /usr/local/games


## ----------- ##
## Core tests. ##
## ----------- ##

configure:2275: checking for a BSD-compatible install
configure:2343: result: /usr/bin/install -c
configure:2354: checking whether build environment is sane
configure:2409: result: yes
configure:2560: checking for a thread-safe mkdir -p
configure:2599: result: /bin/mkdir -p
configure:2606: checking for gawk
configure:2636: result: no
configure:2606: checking for mawk
configure:2622: found /usr/bin/mawk
configure:2633: result: mawk
configure:2644: checking whether make sets $(MAKE)
configure:2666: result: yes
configure:2695: checking whether make supports nested variables
configure:2712: result: yes
configure:2845: checking for gawk
configure:2872: result: mawk
configure:2931: checking for gcc
configure:2958: result: /home/wws/Fuzz_oggvideotools/origin/afl-2.52b/afl-gcc
configure:3187: checking for C compiler version
configure:3196: /home/wws/Fuzz_oggvideotools/origin/afl-2.52b/afl-gcc --version >&5
gcc (Ubuntu 5.4.0-6ubuntu1~16.04.12) 5.4.0 20160609
Copyright (C) 2015 Free Software Foundation, Inc.
This is free software; see the source for copying conditions.  There is NO
warranty; not even for MERCHANTABILITY or FITNESS FOR A PARTICULAR PURPOSE.

configure:3207: $? = 0
configure:3196: /home/wws/Fuzz_oggvideotools/origin/afl-2.52b/afl-gcc -v >&5
Using built-in specs.
COLLECT_GCC=gcc
COLLECT_LTO_WRAPPER=/usr/lib/gcc/x86_64-linux-gnu/5/lto-wrapper
Target: x86_64-linux-gnu
Configured with: ../src/configure -v --with-pkgversion='Ubuntu 5.4.0-6ubuntu1~16.04.12' --with-bugurl=file:///usr/share/doc/gcc-5/README.Bugs --enable-languages=c,ada,c++,java,go,d,fortran,objc,obj-c++ --prefix=/usr --program-suffix=-5 --enable-shared --enable-linker-build-id --libexecdir=/usr/lib --without-included-gettext --enable-threads=posix --libdir=/usr/lib --enable-nls --with-sysroot=/ --enable-clocale=gnu --enable-libstdcxx-debug --enable-libstdcxx-time=yes --with-default-libstdcxx-abi=new --enable-gnu-unique-object --disable-vtable-verify --enable-libmpx --enable-plugin --with-system-zlib --disable-browser-plugin --enable-java-awt=gtk --enable-gtk-cairo --with-java-home=/usr/lib/jvm/java-1.5.0-gcj-5-amd64/jre --enable-java-home --with-jvm-root-dir=/usr/lib/jvm/java-1.5.0-gcj-5-amd64 --with-jvm-jar-dir=/usr/lib/jvm-exports/java-1.5.0-gcj-5-amd64 --with-arch-directory=amd64 --with-ecj-jar=/usr/share/java/eclipse-ecj.jar --enable-objc-gc --enable-multiarch --disable-werror --with-arch-32=i686 --with-abi=m64 --with-multilib-list=m32,m64,mx32 --enable-multilib --with-tune=generic --enable-checking=release --build=x86_64-linux-gnu --host=x86_64-linux-gnu --target=x86_64-linux-gnu
Thread model: posix
gcc version 5.4.0 20160609 (Ubuntu 5.4.0-6ubuntu1~16.04.12) 
configure:3207: $? = 0
configure:3196: /home/wws/Fuzz_oggvideotools/origin/afl-2.52b/afl-gcc -V >&5
gcc: error: unrecognized command line option '-V'
gcc: fatal error: no input files
compilation terminated.
configure:3207: $? = 1
configure:3196: /home/wws/Fuzz_oggvideotools/origin/afl-2.52b/afl-gcc -qversion >&5
gcc: error: unrecognized command line option '-qversion'
gcc: fatal error: no input files
compilation terminated.
configure:3207: $? = 1
configure:3227: checking whether the C compiler works
configure:3249: /home/wws/Fuzz_oggvideotools/origin/afl-2.52b/afl-gcc    conftest.c  >&5
configure:3253: $? = 0
configure:3301: result: yes
configure:3304: checking for C compiler default output file name
configure:3306: result: a.out
configure:3312: checking for suffix of executables
configure:3319: /home/wws/Fuzz_oggvideotools/origin/afl-2.52b/afl-gcc -o conftest    conftest.c  >&5
configure:3323: $? = 0
configure:3345: result: 
configure:3367: checking whether we are cross compiling
configure:3375: /home/wws/Fuzz_oggvideotools/origin/afl-2.52b/afl-gcc -o conftest    conftest.c  >&5
configure:3379: $? = 0
configure:3386: ./conftest
configure:3390: $? = 0
configure:3405: result: no
configure:3410: checking for suffix of object files
configure:3432: /home/wws/Fuzz_oggvideotools/origin/afl-2.52b/afl-gcc -c   conftest.c >&5
configure:3436: $? = 0
configure:3457: result: o
configure:3461: checking whether we are using the GNU C compiler
configure:3480: /home/wws/Fuzz_oggvideotools/origin/afl-2.52b/afl-gcc -c   conftest.c >&5
configure:3480: $? = 0
configure:3489: result: yes
configure:3498: checking whether /home/wws/Fuzz_oggvideotools/origin/afl-2.52b/afl-gcc accepts -g
configure:3518: /home/wws/Fuzz_oggvideotools/origin/afl-2.52b/afl-gcc -c -g  conftest.c >&5
configure:3518: $? = 0
configure:3559: result: yes
configure:3576: checking for /home/wws/Fuzz_oggvideotools/origin/afl-2.52b/afl-gcc option to accept ISO C89
configure:3639: /home/wws/Fuzz_oggvideotools/origin/afl-2.52b/afl-gcc  -c -g -O2  conftest.c >&5
configure:3639: $? = 0
configure:3652: result: none needed
configure:3677: checking whether /home/wws/Fuzz_oggvideotools/origin/afl-2.52b/afl-gcc understands -c and -o together
configure:3699: /home/wws/Fuzz_oggvideotools/origin/afl-2.52b/afl-gcc -c conftest.c -o conftest2.o
configure:3702: $? = 0
configure:3699: /home/wws/Fuzz_oggvideotools/origin/afl-2.52b/afl-gcc -c conftest.c -o conftest2.o
configure:3702: $? = 0
configure:3714: result: yes
configure:3742: checking for style of include used by make
configure:3770: result: GNU
configure:3796: checking dependency style of /home/wws/Fuzz_oggvideotools/origin/afl-2.52b/afl-gcc
configure:3907: result: gcc3
configure:3923: checking whether ln -s works
configure:3927: result: yes
configure:3938: checking for main in -lm
configure:3957: /home/wws/Fuzz_oggvideotools/origin/afl-2.52b/afl-gcc -o conftest -g -O2   conftest.c -lm   >&5
configure:3957: $? = 0
configure:3966: result: yes
configure:3980: checking for sys/wait.h that is POSIX.1 compatible
configure:4006: /home/wws/Fuzz_oggvideotools/origin/afl-2.52b/afl-gcc -c -g -O2  conftest.c >&5
configure:4006: $? = 0
configure:4013: result: yes
configure:4026: checking how to run the C preprocessor
configure:4057: /home/wws/Fuzz_oggvideotools/origin/afl-2.52b/afl-gcc -E  conftest.c
configure:4057: $? = 0
configure:4071: /home/wws/Fuzz_oggvideotools/origin/afl-2.52b/afl-gcc -E  conftest.c
conftest.c:13:28: fatal error: ac_nonexistent.h: No such file or directory
compilation terminated.
configure:4071: $? = 1
configure: failed program was:
| /* confdefs.h */
| #define PACKAGE_NAME "wavtool-pl"
| #define PACKAGE_TARNAME "wavtool-pl"
| #define PACKAGE_VERSION "0.1"
| #define PACKAGE_STRING "wavtool-pl 0.1"
| #define PACKAGE_BUGREPORT "paulliu@debian.org"
| #define PACKAGE_URL ""
| #define PACKAGE "wavtool-pl"
| #define VERSION "0.1"
| #define HAVE_LIBM 1
| #define HAVE_SYS_WAIT_H 1
| /* end confdefs.h.  */
| #include <ac_nonexistent.h>
configure:4096: result: /home/wws/Fuzz_oggvideotools/origin/afl-2.52b/afl-gcc -E
configure:4116: /home/wws/Fuzz_oggvideotools/origin/afl-2.52b/afl-gcc -E  conftest.c
configure:4116: $? = 0
configure:4130: /home/wws/Fuzz_oggvideotools/origin/afl-2.52b/afl-gcc -E  conftest.c
conftest.c:13:28: fatal error: ac_nonexistent.h: No such file or directory
compilation terminated.
configure:4130: $? = 1
configure: failed program was:
| /* confdefs.h */
| #define PACKAGE_NAME "wavtool-pl"
| #define PACKAGE_TARNAME "wavtool-pl"
| #define PACKAGE_VERSION "0.1"
| #define PACKAGE_STRING "wavtool-pl 0.1"
| #define PACKAGE_BUGREPORT "paulliu@debian.org"
| #define PACKAGE_URL ""
| #define PACKAGE "wavtool-pl"
| #define VERSION "0.1"
| #define HAVE_LIBM 1
| #define HAVE_SYS_WAIT_H 1
| /* end confdefs.h.  */
| #include <ac_nonexistent.h>
configure:4159: checking for grep that handles long lines and -e
configure:4217: result: /bin/grep
configure:4222: checking for egrep
configure:4284: result: /bin/grep -E
configure:4289: checking for ANSI C header files
configure:4309: /home/wws/Fuzz_oggvideotools/origin/afl-2.52b/afl-gcc -c -g -O2  conftest.c >&5
configure:4309: $? = 0
configure:4382: /home/wws/Fuzz_oggvideotools/origin/afl-2.52b/afl-gcc -o conftest -g -O2   conftest.c -lm  >&5
configure:4382: $? = 0
configure:4382: ./conftest
configure:4382: $? = 0
configure:4393: result: yes
configure:4406: checking for sys/types.h
configure:4406: /home/wws/Fuzz_oggvideotools/origin/afl-2.52b/afl-gcc -c -g -O2  conftest.c >&5
configure:4406: $? = 0
configure:4406: result: yes
configure:4406: checking for sys/stat.h
configure:4406: /home/wws/Fuzz_oggvideotools/origin/afl-2.52b/afl-gcc -c -g -O2  conftest.c >&5
configure:4406: $? = 0
configure:4406: result: yes
configure:4406: checking for stdlib.h
configure:4406: /home/wws/Fuzz_oggvideotools/origin/afl-2.52b/afl-gcc -c -g -O2  conftest.c >&5
configure:4406: $? = 0
configure:4406: result: yes
configure:4406: checking for string.h
configure:4406: /home/wws/Fuzz_oggvideotools/origin/afl-2.52b/afl-gcc -c -g -O2  conftest.c >&5
configure:4406: $? = 0
configure:4406: result: yes
configure:4406: checking for memory.h
configure:4406: /home/wws/Fuzz_oggvideotools/origin/afl-2.52b/afl-gcc -c -g -O2  conftest.c >&5
configure:4406: $? = 0
configure:4406: result: yes
configure:4406: checking for strings.h
configure:4406: /home/wws/Fuzz_oggvideotools/origin/afl-2.52b/afl-gcc -c -g -O2  conftest.c >&5
configure:4406: $? = 0
configure:4406: result: yes
configure:4406: checking for inttypes.h
configure:4406: /home/wws/Fuzz_oggvideotools/origin/afl-2.52b/afl-gcc -c -g -O2  conftest.c >&5
configure:4406: $? = 0
configure:4406: result: yes
configure:4406: checking for stdint.h
configure:4406: /home/wws/Fuzz_oggvideotools/origin/afl-2.52b/afl-gcc -c -g -O2  conftest.c >&5
configure:4406: $? = 0
configure:4406: result: yes
configure:4406: checking for unistd.h
configure:4406: /home/wws/Fuzz_oggvideotools/origin/afl-2.52b/afl-gcc -c -g -O2  conftest.c >&5
configure:4406: $? = 0
configure:4406: result: yes
configure:4420: checking for unistd.h
configure:4420: result: yes
configure:4432: checking for an ANSI C-conforming const
configure:4498: /home/wws/Fuzz_oggvideotools/origin/afl-2.52b/afl-gcc -c -g -O2  conftest.c >&5
configure:4498: $? = 0
configure:4505: result: yes
configure:4515: checking for pid_t
configure:4515: /home/wws/Fuzz_oggvideotools/origin/afl-2.52b/afl-gcc -c -g -O2  conftest.c >&5
configure:4515: $? = 0
configure:4515: /home/wws/Fuzz_oggvideotools/origin/afl-2.52b/afl-gcc -c -g -O2  conftest.c >&5
conftest.c: In function 'main':
conftest.c:60:20: error: expected expression before ')' token
 if (sizeof ((pid_t)))
                    ^
configure:4515: $? = 1
configure: failed program was:
| /* confdefs.h */
| #define PACKAGE_NAME "wavtool-pl"
| #define PACKAGE_TARNAME "wavtool-pl"
| #define PACKAGE_VERSION "0.1"
| #define PACKAGE_STRING "wavtool-pl 0.1"
| #define PACKAGE_BUGREPORT "paulliu@debian.org"
| #define PACKAGE_URL ""
| #define PACKAGE "wavtool-pl"
| #define VERSION "0.1"
| #define HAVE_LIBM 1
| #define HAVE_SYS_WAIT_H 1
| #define STDC_HEADERS 1
| #define HAVE_SYS_TYPES_H 1
| #define HAVE_SYS_STAT_H 1
| #define HAVE_STDLIB_H 1
| #define HAVE_STRING_H 1
| #define HAVE_MEMORY_H 1
| #define HAVE_STRINGS_H 1
| #define HAVE_INTTYPES_H 1
| #define HAVE_STDINT_H 1
| #define HAVE_UNISTD_H 1
| #define HAVE_UNISTD_H 1
| /* end confdefs.h.  */
| #include <stdio.h>
| #ifdef HAVE_SYS_TYPES_H
| # include <sys/types.h>
| #endif
| #ifdef HAVE_SYS_STAT_H
| # include <sys/stat.h>
| #endif
| #ifdef STDC_HEADERS
| # include <stdlib.h>
| # include <stddef.h>
| #else
| # ifdef HAVE_STDLIB_H
| #  include <stdlib.h>
| # endif
| #endif
| #ifdef HAVE_STRING_H
| # if !defined STDC_HEADERS && defined HAVE_MEMORY_H
| #  include <memory.h>
| # endif
| # include <string.h>
| #endif
| #ifdef HAVE_STRINGS_H
| # include <strings.h>
| #endif
| #ifdef HAVE_INTTYPES_H
| # include <inttypes.h>
| #endif
| #ifdef HAVE_STDINT_H
| # include <stdint.h>
| #endif
| #ifdef HAVE_UNISTD_H
| # include <unistd.h>
| #endif
| int
| main ()
| {
| if (sizeof ((pid_t)))
| 	    return 0;
|   ;
|   return 0;
| }
configure:4515: result: yes
configure:4528: checking vfork.h usability
configure:4528: /home/wws/Fuzz_oggvideotools/origin/afl-2.52b/afl-gcc -c -g -O2  conftest.c >&5
conftest.c:57:19: fatal error: vfork.h: No such file or directory
compilation terminated.
configure:4528: $? = 1
configure: failed program was:
| /* confdefs.h */
| #define PACKAGE_NAME "wavtool-pl"
| #define PACKAGE_TARNAME "wavtool-pl"
| #define PACKAGE_VERSION "0.1"
| #define PACKAGE_STRING "wavtool-pl 0.1"
| #define PACKAGE_BUGREPORT "paulliu@debian.org"
| #define PACKAGE_URL ""
| #define PACKAGE "wavtool-pl"
| #define VERSION "0.1"
| #define HAVE_LIBM 1
| #define HAVE_SYS_WAIT_H 1
| #define STDC_HEADERS 1
| #define HAVE_SYS_TYPES_H 1
| #define HAVE_SYS_STAT_H 1
| #define HAVE_STDLIB_H 1
| #define HAVE_STRING_H 1
| #define HAVE_MEMORY_H 1
| #define HAVE_STRINGS_H 1
| #define HAVE_INTTYPES_H 1
| #define HAVE_STDINT_H 1
| #define HAVE_UNISTD_H 1
| #define HAVE_UNISTD_H 1
| /* end confdefs.h.  */
| #include <stdio.h>
| #ifdef HAVE_SYS_TYPES_H
| # include <sys/types.h>
| #endif
| #ifdef HAVE_SYS_STAT_H
| # include <sys/stat.h>
| #endif
| #ifdef STDC_HEADERS
| # include <stdlib.h>
| # include <stddef.h>
| #else
| # ifdef HAVE_STDLIB_H
| #  include <stdlib.h>
| # endif
| #endif
| #ifdef HAVE_STRING_H
| # if !defined STDC_HEADERS && defined HAVE_MEMORY_H
| #  include <memory.h>
| # endif
| # include <string.h>
| #endif
| #ifdef HAVE_STRINGS_H
| # include <strings.h>
| #endif
| #ifdef HAVE_INTTYPES_H
| # include <inttypes.h>
| #endif
| #ifdef HAVE_STDINT_H
| # include <stdint.h>
| #endif
| #ifdef HAVE_UNISTD_H
| # include <unistd.h>
| #endif
| #include <vfork.h>
configure:4528: result: no
configure:4528: checking vfork.h presence
configure:4528: /home/wws/Fuzz_oggvideotools/origin/afl-2.52b/afl-gcc -E  conftest.c
conftest.c:24:19: fatal error: vfork.h: No such file or directory
compilation terminated.
configure:4528: $? = 1
configure: failed program was:
| /* confdefs.h */
| #define PACKAGE_NAME "wavtool-pl"
| #define PACKAGE_TARNAME "wavtool-pl"
| #define PACKAGE_VERSION "0.1"
| #define PACKAGE_STRING "wavtool-pl 0.1"
| #define PACKAGE_BUGREPORT "paulliu@debian.org"
| #define PACKAGE_URL ""
| #define PACKAGE "wavtool-pl"
| #define VERSION "0.1"
| #define HAVE_LIBM 1
| #define HAVE_SYS_WAIT_H 1
| #define STDC_HEADERS 1
| #define HAVE_SYS_TYPES_H 1
| #define HAVE_SYS_STAT_H 1
| #define HAVE_STDLIB_H 1
| #define HAVE_STRING_H 1
| #define HAVE_MEMORY_H 1
| #define HAVE_STRINGS_H 1
| #define HAVE_INTTYPES_H 1
| #define HAVE_STDINT_H 1
| #define HAVE_UNISTD_H 1
| #define HAVE_UNISTD_H 1
| /* end confdefs.h.  */
| #include <vfork.h>
configure:4528: result: no
configure:4528: checking for vfork.h
configure:4528: result: no
configure:4541: checking for fork
configure:4541: /home/wws/Fuzz_oggvideotools/origin/afl-2.52b/afl-gcc -o conftest -g -O2   conftest.c -lm  >&5
conftest.c:47:6: warning: conflicting types for built-in function 'fork'
 char fork ();
      ^
configure:4541: $? = 0
configure:4541: result: yes
configure:4541: checking for vfork
configure:4541: /home/wws/Fuzz_oggvideotools/origin/afl-2.52b/afl-gcc -o conftest -g -O2   conftest.c -lm  >&5
configure:4541: $? = 0
configure:4541: result: yes
configure:4551: checking for working fork
configure:4573: /home/wws/Fuzz_oggvideotools/origin/afl-2.52b/afl-gcc -o conftest -g -O2   conftest.c -lm  >&5
configure:4573: $? = 0
configure:4573: ./conftest
configure:4573: $? = 0
configure:4583: result: yes
configure:4604: checking for working vfork
configure:4714: result: yes
configure:4739: checking for working memcmp
configure:4782: /home/wws/Fuzz_oggvideotools/origin/afl-2.52b/afl-gcc -o conftest -g -O2   conftest.c -lm  >&5
configure:4782: $? = 0
configure:4782: ./conftest
configure:4782: $? = 0
configure:4792: result: yes
configure:4801: checking return type of signal handlers
configure:4819: /home/wws/Fuzz_oggvideotools/origin/afl-2.52b/afl-gcc -c -g -O2  conftest.c >&5
conftest.c: In function 'main':
conftest.c:34:9: error: void value not ignored as it ought to be
 return *(signal (0, 0)) (0) == 1;
         ^
configure:4819: $? = 1
configure: failed program was:
| /* confdefs.h */
| #define PACKAGE_NAME "wavtool-pl"
| #define PACKAGE_TARNAME "wavtool-pl"
| #define PACKAGE_VERSION "0.1"
| #define PACKAGE_STRING "wavtool-pl 0.1"
| #define PACKAGE_BUGREPORT "paulliu@debian.org"
| #define PACKAGE_URL ""
| #define PACKAGE "wavtool-pl"
| #define VERSION "0.1"
| #define HAVE_LIBM 1
| #define HAVE_SYS_WAIT_H 1
| #define STDC_HEADERS 1
| #define HAVE_SYS_TYPES_H 1
| #define HAVE_SYS_STAT_H 1
| #define HAVE_STDLIB_H 1
| #define HAVE_STRING_H 1
| #define HAVE_MEMORY_H 1
| #define HAVE_STRINGS_H 1
| #define HAVE_INTTYPES_H 1
| #define HAVE_STDINT_H 1
| #define HAVE_UNISTD_H 1
| #define HAVE_UNISTD_H 1
| #define HAVE_FORK 1
| #define HAVE_VFORK 1
| #define HAVE_WORKING_VFORK 1
| #define HAVE_WORKING_FORK 1
| /* end confdefs.h.  */
| #include <sys/types.h>
| #include <signal.h>
| 
| int
| main ()
| {
| return *(signal (0, 0)) (0) == 1;
|   ;
|   return 0;
| }
configure:4826: result: void
configure:4836: checking for memset
configure:4836: /home/wws/Fuzz_oggvideotools/origin/afl-2.52b/afl-gcc -o conftest -g -O2   conftest.c -lm  >&5
conftest.c:52:6: warning: conflicting types for built-in function 'memset'
 char memset ();
      ^
configure:4836: $? = 0
configure:4836: result: yes
configure:4901: checking for pkg-config
configure:4919: found /usr/bin/pkg-config
configure:4931: result: /usr/bin/pkg-config
configure:4956: checking pkg-config is at least version 0.9.0
configure:4959: result: yes
configure:4969: checking for SNDFILE
configure:4976: $PKG_CONFIG --exists --print-errors "sndfile"
configure:4979: $? = 0
configure:4993: $PKG_CONFIG --exists --print-errors "sndfile"
configure:4996: $? = 0
configure:5054: result: yes
configure:5171: checking that generated files are newer than configure
configure:5177: result: done
configure:5200: creating ./config.status

## ---------------------- ##
## Running config.status. ##
## ---------------------- ##

This file was extended by wavtool-pl config.status 0.1, which was
generated by GNU Autoconf 2.69.  Invocation command line was

  CONFIG_FILES    = 
  CONFIG_HEADERS  = 
  CONFIG_LINKS    = 
  CONFIG_COMMANDS = 
  $ ./config.status 

on 276a7c1cdfcd

config.status:869: creating Makefile
config.status:869: creating src/Makefile
config.status:869: creating config.h
config.status:1050: config.h is unchanged
config.status:1098: executing depfiles commands

## ---------------- ##
## Cache variables. ##
## ---------------- ##

ac_cv_c_compiler_gnu=yes
ac_cv_c_const=yes
ac_cv_env_CC_set=set
ac_cv_env_CC_value=/home/wws/Fuzz_oggvideotools/origin/afl-2.52b/afl-gcc
ac_cv_env_CFLAGS_set=
ac_cv_env_CFLAGS_value=
ac_cv_env_CPPFLAGS_set=
ac_cv_env_CPPFLAGS_value=
ac_cv_env_CPP_set=
ac_cv_env_CPP_value=
ac_cv_env_LDFLAGS_set=
ac_cv_env_LDFLAGS_value=
ac_cv_env_LIBS_set=
ac_cv_env_LIBS_value=
ac_cv_env_PKG_CONFIG_LIBDIR_set=
ac_cv_env_PKG_CONFIG_LIBDIR_value=
ac_cv_env_PKG_CONFIG_PATH_set=
ac_cv_env_PKG_CONFIG_PATH_value=
ac_cv_env_PKG_CONFIG_set=
ac_cv_env_PKG_CONFIG_value=
ac_cv_env_SNDFILE_CFLAGS_set=
ac_cv_env_SNDFILE_CFLAGS_value=
ac_cv_env_SNDFILE_LIBS_set=
ac_cv_env_SNDFILE_LIBS_value=
ac_cv_env_build_alias_set=
ac_cv_env_build_alias_value=
ac_cv_env_host_alias_set=
ac_cv_env_host_alias_value=
ac_cv_env_target_alias_set=
ac_cv_env_target_alias_value=
ac_cv_func_fork=yes
ac_cv_func_fork_works=yes
ac_cv_func_memcmp_working=yes
ac_cv_func_memset=yes
ac_cv_func_vfork=yes
ac_cv_func_vfork_works=yes
ac_cv_header_inttypes_h=yes
ac_cv_header_memory_h=yes
ac_cv_header_stdc=yes
ac_cv_header_stdint_h=yes
ac_cv_header_stdlib_h=yes
ac_cv_header_string_h=yes
ac_cv_header_strings_h=yes
ac_cv_header_sys_stat_h=yes
ac_cv_header_sys_types_h=yes
ac_cv_header_sys_wait_h=yes
ac_cv_header_unistd_h=yes
ac_cv_header_vfork_h=no
ac_cv_lib_m=ac_cv_lib_m_main
ac_cv_lib_m_main=yes
ac_cv_objext=o
ac_cv_path_EGREP='/bin/grep -E'
ac_cv_path_GREP=/bin/grep
ac_cv_path_ac_pt_PKG_CONFIG=/usr/bin/pkg-config
ac_cv_path_install='/usr/bin/install -c'
ac_cv_path_mkdir=/bin/mkdir
ac_cv_prog_AWK=mawk
ac_cv_prog_CPP='/home/wws/Fuzz_oggvideotools/origin/afl-2.52b/afl-gcc -E'
ac_cv_prog_ac_ct_CC=/home/wws/Fuzz_oggvideotools/origin/afl-2.52b/afl-gcc
ac_cv_prog_cc_c89=
ac_cv_prog_cc_g=yes
ac_cv_prog_make_make_set=yes
ac_cv_type_pid_t=yes
ac_cv_type_signal=void
am_cv_CC_dependencies_compiler_type=gcc3
am_cv_make_support_nested_variables=yes
am_cv_prog_cc_c_o=yes
pkg_cv_SNDFILE_CFLAGS=
pkg_cv_SNDFILE_LIBS=-lsndfile

## ----------------- ##
## Output variables. ##
## ----------------- ##

ACLOCAL='${SHELL} /home/wws/Fuzz_oggvideotools/target_progs/target_wavtool/wavtool-pl-0.1/missing aclocal-1.14'
AMDEPBACKSLASH='\'
AMDEP_FALSE='#'
AMDEP_TRUE=''
AMTAR='$${TAR-tar}'
AM_BACKSLASH='\'
AM_DEFAULT_V='$(AM_DEFAULT_VERBOSITY)'
AM_DEFAULT_VERBOSITY='1'
AM_V='$(V)'
AUTOCONF='${SHELL} /home/wws/Fuzz_oggvideotools/target_progs/target_wavtool/wavtool-pl-0.1/missing autoconf'
AUTOHEADER='${SHELL} /home/wws/Fuzz_oggvideotools/target_progs/target_wavtool/wavtool-pl-0.1/missing autoheader'
AUTOMAKE='${SHELL} /home/wws/Fuzz_oggvideotools/target_progs/target_wavtool/wavtool-pl-0.1/missing automake-1.14'
AWK='mawk'
CC='/home/wws/Fuzz_oggvideotools/origin/afl-2.52b/afl-gcc'
CCDEPMODE='depmode=gcc3'
CFLAGS='-g -O2'
CPP='/home/wws/Fuzz_oggvideotools/origin/afl-2.52b/afl-gcc -E'
CPPFLAGS=''
CYGPATH_W='echo'
DEFS='-DHAVE_CONFIG_H'
DEPDIR='.deps'
ECHO_C=''
ECHO_N='-n'
ECHO_T=''
EGREP='/bin/grep -E'
EXEEXT=''
GREP='/bin/grep'
INSTALL_DATA='${INSTALL} -m 644'
INSTALL_PROGRAM='${INSTALL}'
INSTALL_SCRIPT='${INSTALL}'
INSTALL_STRIP_PROGRAM='$(install_sh) -c -s'
LDFLAGS=''
LIBOBJS=''
LIBS='-lm '
LN_S='ln -s'
LTLIBOBJS=''
MAKEINFO='${SHELL} /home/wws/Fuzz_oggvideotools/target_progs/target_wavtool/wavtool-pl-0.1/missing makeinfo'
MKDIR_P='/bin/mkdir -p'
OBJEXT='o'
PACKAGE='wavtool-pl'
PACKAGE_BUGREPORT='paulliu@debian.org'
PACKAGE_NAME='wavtool-pl'
PACKAGE_STRING='wavtool-pl 0.1'
PACKAGE_TARNAME='wavtool-pl'
PACKAGE_URL=''
PACKAGE_VERSION='0.1'
PATH_SEPARATOR=':'
PKG_CONFIG='/usr/bin/pkg-config'
PKG_CONFIG_LIBDIR=''
PKG_CONFIG_PATH=''
SET_MAKE=''
SHELL='/bin/bash'
SNDFILE_CFLAGS=''
SNDFILE_LIBS='-lsndfile'
STRIP=''
VERSION='0.1'
ac_ct_CC='/home/wws/Fuzz_oggvideotools/origin/afl-2.52b/afl-gcc'
am__EXEEXT_FALSE=''
am__EXEEXT_TRUE='#'
am__fastdepCC_FALSE='#'
am__fastdepCC_TRUE=''
am__include='include'
am__isrc=''
am__leading_dot='.'
am__nodep='_no'
am__quote=''
am__tar='$${TAR-tar} chof - "$$tardir"'
am__untar='$${TAR-tar} xf -'
bindir='${exec_prefix}/bin'
build_alias=''
datadir='${datarootdir}'
datarootdir='${prefix}/share'
docdir='${datarootdir}/doc/${PACKAGE_TARNAME}'
dvidir='${docdir}'
exec_prefix='${prefix}'
host_alias=''
htmldir='${docdir}'
includedir='${prefix}/include'
infodir='${datarootdir}/info'
install_sh='${SHELL} /home/wws/Fuzz_oggvideotools/target_progs/target_wavtool/wavtool-pl-0.1/install-sh'
libdir='${exec_prefix}/lib'
libexecdir='${exec_prefix}/libexec'
localedir='${datarootdir}/locale'
localstatedir='${prefix}/var'
mandir='${datarootdir}/man'
mkdir_p='$(MKDIR_P)'
oldincludedir='/usr/include'
pdfdir='${docdir}'
prefix='/home/wws/Fuzz_oggvideotools/target_progs/target_wavtool/install'
program_transform_name='s,x,x,'
psdir='${docdir}'
runstatedir='${localstatedir}/run'
sbindir='${exec_prefix}/sbin'
sharedstatedir='${prefix}/com'
sysconfdir='${prefix}/etc'
target_alias=''

## ----------- ##
## confdefs.h. ##
## ----------- ##

/* confdefs.h */
#define PACKAGE_NAME "wavtool-pl"
#define PACKAGE_TARNAME "wavtool-pl"
#define PACKAGE_VERSION "0.1"
#define PACKAGE_STRING "wavtool-pl 0.1"
#define PACKAGE_BUGREPORT "paulliu@debian.org"
#define PACKAGE_URL ""
#define PACKAGE "wavtool-pl"
#define VERSION "0.1"
#define HAVE_LIBM 1
#define HAVE_SYS_WAIT_H 1
#define STDC_HEADERS 1
#define HAVE_SYS_TYPES_H 1
#define HAVE_SYS_STAT_H 1
#define HAVE_STDLIB_H 1
#define HAVE_STRING_H 1
#define HAVE_MEMORY_H 1
#define HAVE_STRINGS_H 1
#define HAVE_INTTYPES_H 1
#define HAVE_STDINT_H 1
#define HAVE_UNISTD_H 1
#define HAVE_UNISTD_H 1
#define HAVE_FORK 1
#define HAVE_VFORK 1
#define HAVE_WORKING_VFORK 1
#define HAVE_WORKING_FORK 1
#define RETSIGTYPE void
#define HAVE_MEMSET 1

configure: exit 0

## ---------------------- ##
## Running config.status. ##
## ---------------------- ##

This file was extended by wavtool-pl config.status 0.1, which was
generated by GNU Autoconf 2.69.  Invocation command line was

  CONFIG_FILES    = 
  CONFIG_HEADERS  = 
  CONFIG_LINKS    = 
  CONFIG_COMMANDS = 
  $ ./config.status config.h

on 276a7c1cdfcd

config.status:869: creating config.h
config.status:1050: config.h is unchanged
