This file contains any messages produced by compilers while
running configure, to aid debugging if configure makes a mistake.

It was created by wavbreaker configure 0.11, which was
generated by GNU Autoconf 2.69.  Invocation command line was

  $ ./configure CC=afl-gcc CXX=afl-g++ --prefix=/home/wws/Music/Fuzz/target_progs/target_wavbreaker/install/ --no-create --no-recursion

## --------- ##
## Platform. ##
## --------- ##

hostname = wws-pc
uname -m = x86_64
uname -r = 4.15.0-66-generic
uname -s = Linux
uname -v = #75~16.04.1-Ubuntu SMP Tue Oct 1 14:01:08 UTC 2019

/usr/bin/uname -p = unknown
/bin/uname -X     = unknown

/bin/arch              = unknown
/usr/bin/arch -k       = unknown
/usr/convex/getsysinfo = unknown
/usr/bin/hostinfo      = unknown
/bin/machine           = unknown
/usr/bin/oslevel       = unknown
/bin/universe          = unknown

PATH: /home/wws/anaconda3/bin
PATH: /home/wws/bin
PATH: /home/wws/.local/bin
PATH: /usr/lib/jvm/jdk-11.0.5/bin
PATH: /usr/local/sbin
PATH: /usr/local/bin
PATH: /usr/sbin
PATH: /usr/bin
PATH: /sbin
PATH: /bin
PATH: /usr/games
PATH: /usr/local/games
PATH: /snap/bin
PATH: /opt/010editor
PATH: /opt/010editor


## ----------- ##
## Core tests. ##
## ----------- ##

configure:2270: checking for a BSD-compatible install
configure:2338: result: /usr/bin/install -c
configure:2349: checking whether build environment is sane
configure:2399: result: yes
configure:2540: checking for a thread-safe mkdir -p
configure:2579: result: /bin/mkdir -p
configure:2592: checking for gawk
configure:2622: result: no
configure:2592: checking for mawk
configure:2608: found /usr/bin/mawk
configure:2619: result: mawk
configure:2630: checking whether make sets $(MAKE)
configure:2652: result: yes
configure:2736: checking whether NLS is requested
configure:2745: result: yes
configure:2783: checking for msgfmt
configure: trying /usr/bin/msgfmt...
0 translated messages.
configure:2815: result: /usr/bin/msgfmt
configure:2824: checking for gmsgfmt
configure:2855: result: /usr/bin/msgfmt
configure:2906: checking for xgettext
configure: trying /usr/bin/xgettext...
/usr/bin/xgettext: warning: file '/dev/null' extension '' is unknown; will try C
configure:2938: result: /usr/bin/xgettext
configure:2984: checking for msgmerge
configure: trying /usr/bin/msgmerge...
configure:3015: result: /usr/bin/msgmerge
configure:3057: checking for style of include used by make
configure:3085: result: GNU
configure:3156: checking for gcc
configure:3183: result: afl-gcc
configure:3412: checking for C compiler version
configure:3421: afl-gcc --version >&5
gcc (Ubuntu 5.4.0-6ubuntu1~16.04.12) 5.4.0 20160609
Copyright (C) 2015 Free Software Foundation, Inc.
This is free software; see the source for copying conditions.  There is NO
warranty; not even for MERCHANTABILITY or FITNESS FOR A PARTICULAR PURPOSE.

configure:3432: $? = 0
configure:3421: afl-gcc -v >&5
Using built-in specs.
COLLECT_GCC=gcc
COLLECT_LTO_WRAPPER=/usr/lib/gcc/x86_64-linux-gnu/5/lto-wrapper
Target: x86_64-linux-gnu
Configured with: ../src/configure -v --with-pkgversion='Ubuntu 5.4.0-6ubuntu1~16.04.12' --with-bugurl=file:///usr/share/doc/gcc-5/README.Bugs --enable-languages=c,ada,c++,java,go,d,fortran,objc,obj-c++ --prefix=/usr --program-suffix=-5 --enable-shared --enable-linker-build-id --libexecdir=/usr/lib --without-included-gettext --enable-threads=posix --libdir=/usr/lib --enable-nls --with-sysroot=/ --enable-clocale=gnu --enable-libstdcxx-debug --enable-libstdcxx-time=yes --with-default-libstdcxx-abi=new --enable-gnu-unique-object --disable-vtable-verify --enable-libmpx --enable-plugin --with-system-zlib --disable-browser-plugin --enable-java-awt=gtk --enable-gtk-cairo --with-java-home=/usr/lib/jvm/java-1.5.0-gcj-5-amd64/jre --enable-java-home --with-jvm-root-dir=/usr/lib/jvm/java-1.5.0-gcj-5-amd64 --with-jvm-jar-dir=/usr/lib/jvm-exports/java-1.5.0-gcj-5-amd64 --with-arch-directory=amd64 --with-ecj-jar=/usr/share/java/eclipse-ecj.jar --enable-objc-gc --enable-multiarch --disable-werror --with-arch-32=i686 --with-abi=m64 --with-multilib-list=m32,m64,mx32 --enable-multilib --with-tune=generic --enable-checking=release --build=x86_64-linux-gnu --host=x86_64-linux-gnu --target=x86_64-linux-gnu
Thread model: posix
gcc version 5.4.0 20160609 (Ubuntu 5.4.0-6ubuntu1~16.04.12) 
configure:3432: $? = 0
configure:3421: afl-gcc -V >&5
gcc: error: unrecognized command line option '-V'
gcc: fatal error: no input files
compilation terminated.
configure:3432: $? = 1
configure:3421: afl-gcc -qversion >&5
gcc: error: unrecognized command line option '-qversion'
gcc: fatal error: no input files
compilation terminated.
configure:3432: $? = 1
configure:3452: checking whether the C compiler works
configure:3474: afl-gcc    conftest.c  >&5
configure:3478: $? = 0
configure:3526: result: yes
configure:3529: checking for C compiler default output file name
configure:3531: result: a.out
configure:3537: checking for suffix of executables
configure:3544: afl-gcc -o conftest    conftest.c  >&5
configure:3548: $? = 0
configure:3570: result: 
configure:3592: checking whether we are cross compiling
configure:3600: afl-gcc -o conftest    conftest.c  >&5
configure:3604: $? = 0
configure:3611: ./conftest
configure:3615: $? = 0
configure:3630: result: no
configure:3635: checking for suffix of object files
configure:3657: afl-gcc -c   conftest.c >&5
configure:3661: $? = 0
configure:3682: result: o
configure:3686: checking whether we are using the GNU C compiler
configure:3705: afl-gcc -c   conftest.c >&5
configure:3705: $? = 0
configure:3714: result: yes
configure:3723: checking whether afl-gcc accepts -g
configure:3743: afl-gcc -c -g  conftest.c >&5
configure:3743: $? = 0
configure:3784: result: yes
configure:3801: checking for afl-gcc option to accept ISO C89
configure:3864: afl-gcc  -c -g -O2  conftest.c >&5
configure:3864: $? = 0
configure:3877: result: none needed
configure:3899: checking dependency style of afl-gcc
configure:4010: result: gcc3
configure:4029: checking build system type
configure:4043: result: x86_64-unknown-linux-gnu
configure:4063: checking host system type
configure:4076: result: x86_64-unknown-linux-gnu
configure:4120: checking for ld used by GCC
configure:4184: result: /usr/bin/ld
configure:4191: checking if the linker (/usr/bin/ld) is GNU ld
configure:4204: result: yes
configure:4211: checking for shared library run path origin
configure:4224: result: done
configure:4682: checking for CFPreferencesCopyAppValue
configure:4700: afl-gcc -o conftest -g -O2   conftest.c  -Wl,-framework -Wl,CoreFoundation >&5
conftest.c:11:42: fatal error: CoreFoundation/CFPreferences.h: No such file or directory
compilation terminated.
configure:4700: $? = 1
configure: failed program was:
| /* confdefs.h */
| #define PACKAGE_NAME "wavbreaker"
| #define PACKAGE_TARNAME "wavbreaker"
| #define PACKAGE_VERSION "0.11"
| #define PACKAGE_STRING "wavbreaker 0.11"
| #define PACKAGE_BUGREPORT ""
| #define PACKAGE_URL ""
| #define PACKAGE "wavbreaker"
| #define VERSION "0.11"
| /* end confdefs.h.  */
| #include <CoreFoundation/CFPreferences.h>
| int
| main ()
| {
| CFPreferencesCopyAppValue(NULL, NULL)
|   ;
|   return 0;
| }
configure:4709: result: no
configure:4716: checking for CFLocaleCopyCurrent
configure:4734: afl-gcc -o conftest -g -O2   conftest.c  -Wl,-framework -Wl,CoreFoundation >&5
conftest.c:11:37: fatal error: CoreFoundation/CFLocale.h: No such file or directory
compilation terminated.
configure:4734: $? = 1
configure: failed program was:
| /* confdefs.h */
| #define PACKAGE_NAME "wavbreaker"
| #define PACKAGE_TARNAME "wavbreaker"
| #define PACKAGE_VERSION "0.11"
| #define PACKAGE_STRING "wavbreaker 0.11"
| #define PACKAGE_BUGREPORT ""
| #define PACKAGE_URL ""
| #define PACKAGE "wavbreaker"
| #define VERSION "0.11"
| /* end confdefs.h.  */
| #include <CoreFoundation/CFLocale.h>
| int
| main ()
| {
| CFLocaleCopyCurrent();
|   ;
|   return 0;
| }
configure:4743: result: no
configure:4792: checking for GNU gettext in libc
configure:4812: afl-gcc -o conftest -g -O2   conftest.c  >&5
configure:4812: $? = 0
configure:4821: result: yes
configure:5427: checking whether to use NLS
configure:5429: result: yes
configure:5432: checking where the gettext function comes from
configure:5443: result: libc
configure:5531: checking for gawk
configure:5558: result: mawk
configure:5617: checking for gcc
configure:5644: result: afl-gcc
configure:5873: checking for C compiler version
configure:5882: afl-gcc --version >&5
gcc (Ubuntu 5.4.0-6ubuntu1~16.04.12) 5.4.0 20160609
Copyright (C) 2015 Free Software Foundation, Inc.
This is free software; see the source for copying conditions.  There is NO
warranty; not even for MERCHANTABILITY or FITNESS FOR A PARTICULAR PURPOSE.

configure:5893: $? = 0
configure:5882: afl-gcc -v >&5
Using built-in specs.
COLLECT_GCC=gcc
COLLECT_LTO_WRAPPER=/usr/lib/gcc/x86_64-linux-gnu/5/lto-wrapper
Target: x86_64-linux-gnu
Configured with: ../src/configure -v --with-pkgversion='Ubuntu 5.4.0-6ubuntu1~16.04.12' --with-bugurl=file:///usr/share/doc/gcc-5/README.Bugs --enable-languages=c,ada,c++,java,go,d,fortran,objc,obj-c++ --prefix=/usr --program-suffix=-5 --enable-shared --enable-linker-build-id --libexecdir=/usr/lib --without-included-gettext --enable-threads=posix --libdir=/usr/lib --enable-nls --with-sysroot=/ --enable-clocale=gnu --enable-libstdcxx-debug --enable-libstdcxx-time=yes --with-default-libstdcxx-abi=new --enable-gnu-unique-object --disable-vtable-verify --enable-libmpx --enable-plugin --with-system-zlib --disable-browser-plugin --enable-java-awt=gtk --enable-gtk-cairo --with-java-home=/usr/lib/jvm/java-1.5.0-gcj-5-amd64/jre --enable-java-home --with-jvm-root-dir=/usr/lib/jvm/java-1.5.0-gcj-5-amd64 --with-jvm-jar-dir=/usr/lib/jvm-exports/java-1.5.0-gcj-5-amd64 --with-arch-directory=amd64 --with-ecj-jar=/usr/share/java/eclipse-ecj.jar --enable-objc-gc --enable-multiarch --disable-werror --with-arch-32=i686 --with-abi=m64 --with-multilib-list=m32,m64,mx32 --enable-multilib --with-tune=generic --enable-checking=release --build=x86_64-linux-gnu --host=x86_64-linux-gnu --target=x86_64-linux-gnu
Thread model: posix
gcc version 5.4.0 20160609 (Ubuntu 5.4.0-6ubuntu1~16.04.12) 
configure:5893: $? = 0
configure:5882: afl-gcc -V >&5
gcc: error: unrecognized command line option '-V'
gcc: fatal error: no input files
compilation terminated.
configure:5893: $? = 1
configure:5882: afl-gcc -qversion >&5
gcc: error: unrecognized command line option '-qversion'
gcc: fatal error: no input files
compilation terminated.
configure:5893: $? = 1
configure:5897: checking whether we are using the GNU C compiler
configure:5925: result: yes
configure:5934: checking whether afl-gcc accepts -g
configure:5995: result: yes
configure:6012: checking for afl-gcc option to accept ISO C89
configure:6088: result: none needed
configure:6110: checking dependency style of afl-gcc
configure:6221: result: gcc3
configure:6237: checking whether ln -s works
configure:6241: result: yes
configure:6250: checking for cos in -lm
configure:6275: afl-gcc -o conftest -g -O2   conftest.c -lm   >&5
conftest.c:21:6: warning: conflicting types for built-in function 'cos'
 char cos ();
      ^
configure:6275: $? = 0
configure:6284: result: yes
configure:6302: checking how to run the C preprocessor
configure:6333: afl-gcc -E  conftest.c
configure:6333: $? = 0
configure:6347: afl-gcc -E  conftest.c
conftest.c:15:28: fatal error: ac_nonexistent.h: No such file or directory
compilation terminated.
configure:6347: $? = 1
configure: failed program was:
| /* confdefs.h */
| #define PACKAGE_NAME "wavbreaker"
| #define PACKAGE_TARNAME "wavbreaker"
| #define PACKAGE_VERSION "0.11"
| #define PACKAGE_STRING "wavbreaker 0.11"
| #define PACKAGE_BUGREPORT ""
| #define PACKAGE_URL ""
| #define PACKAGE "wavbreaker"
| #define VERSION "0.11"
| #define ENABLE_NLS 1
| #define HAVE_GETTEXT 1
| #define HAVE_DCGETTEXT 1
| #define HAVE_LIBM 1
| /* end confdefs.h.  */
| #include <ac_nonexistent.h>
configure:6372: result: afl-gcc -E
configure:6392: afl-gcc -E  conftest.c
configure:6392: $? = 0
configure:6406: afl-gcc -E  conftest.c
conftest.c:15:28: fatal error: ac_nonexistent.h: No such file or directory
compilation terminated.
configure:6406: $? = 1
configure: failed program was:
| /* confdefs.h */
| #define PACKAGE_NAME "wavbreaker"
| #define PACKAGE_TARNAME "wavbreaker"
| #define PACKAGE_VERSION "0.11"
| #define PACKAGE_STRING "wavbreaker 0.11"
| #define PACKAGE_BUGREPORT ""
| #define PACKAGE_URL ""
| #define PACKAGE "wavbreaker"
| #define VERSION "0.11"
| #define ENABLE_NLS 1
| #define HAVE_GETTEXT 1
| #define HAVE_DCGETTEXT 1
| #define HAVE_LIBM 1
| /* end confdefs.h.  */
| #include <ac_nonexistent.h>
configure:6435: checking for grep that handles long lines and -e
configure:6493: result: /bin/grep
configure:6498: checking for egrep
configure:6560: result: /bin/grep -E
configure:6565: checking for ANSI C header files
configure:6585: afl-gcc -c -g -O2  conftest.c >&5
configure:6585: $? = 0
configure:6658: afl-gcc -o conftest -g -O2   conftest.c -lm  >&5
configure:6658: $? = 0
configure:6658: ./conftest
configure:6658: $? = 0
configure:6669: result: yes
configure:6682: checking for sys/types.h
configure:6682: afl-gcc -c -g -O2  conftest.c >&5
configure:6682: $? = 0
configure:6682: result: yes
configure:6682: checking for sys/stat.h
configure:6682: afl-gcc -c -g -O2  conftest.c >&5
configure:6682: $? = 0
configure:6682: result: yes
configure:6682: checking for stdlib.h
configure:6682: afl-gcc -c -g -O2  conftest.c >&5
configure:6682: $? = 0
configure:6682: result: yes
configure:6682: checking for string.h
configure:6682: afl-gcc -c -g -O2  conftest.c >&5
configure:6682: $? = 0
configure:6682: result: yes
configure:6682: checking for memory.h
configure:6682: afl-gcc -c -g -O2  conftest.c >&5
configure:6682: $? = 0
configure:6682: result: yes
configure:6682: checking for strings.h
configure:6682: afl-gcc -c -g -O2  conftest.c >&5
configure:6682: $? = 0
configure:6682: result: yes
configure:6682: checking for inttypes.h
configure:6682: afl-gcc -c -g -O2  conftest.c >&5
configure:6682: $? = 0
configure:6682: result: yes
configure:6682: checking for stdint.h
configure:6682: afl-gcc -c -g -O2  conftest.c >&5
configure:6682: $? = 0
configure:6682: result: yes
configure:6682: checking for unistd.h
configure:6682: afl-gcc -c -g -O2  conftest.c >&5
configure:6682: $? = 0
configure:6682: result: yes
configure:6697: checking fcntl.h usability
configure:6697: afl-gcc -c -g -O2  conftest.c >&5
configure:6697: $? = 0
configure:6697: result: yes
configure:6697: checking fcntl.h presence
configure:6697: afl-gcc -E  conftest.c
configure:6697: $? = 0
configure:6697: result: yes
configure:6697: checking for fcntl.h
configure:6697: result: yes
configure:6697: checking limits.h usability
configure:6697: afl-gcc -c -g -O2  conftest.c >&5
configure:6697: $? = 0
configure:6697: result: yes
configure:6697: checking limits.h presence
configure:6697: afl-gcc -E  conftest.c
configure:6697: $? = 0
configure:6697: result: yes
configure:6697: checking for limits.h
configure:6697: result: yes
configure:6697: checking for stdlib.h
configure:6697: result: yes
configure:6697: checking for string.h
configure:6697: result: yes
configure:6697: checking sys/ioctl.h usability
configure:6697: afl-gcc -c -g -O2  conftest.c >&5
configure:6697: $? = 0
configure:6697: result: yes
configure:6697: checking sys/ioctl.h presence
configure:6697: afl-gcc -E  conftest.c
configure:6697: $? = 0
configure:6697: result: yes
configure:6697: checking for sys/ioctl.h
configure:6697: result: yes
configure:6697: checking for unistd.h
configure:6697: result: yes
configure:6709: checking for an ANSI C-conforming const
configure:6775: afl-gcc -c -g -O2  conftest.c >&5
configure:6775: $? = 0
configure:6782: result: yes
configure:6793: checking whether afl-gcc needs -traditional
configure:6827: result: no
configure:6836: checking for stdlib.h
configure:6836: result: yes
configure:6846: checking for GNU libc compatible malloc
configure:6870: afl-gcc -o conftest -g -O2   conftest.c -lm  >&5
configure:6870: $? = 0
configure:6870: ./conftest
configure:6870: $? = 0
configure:6880: result: yes
configure:6901: checking for working memcmp
configure:6944: afl-gcc -o conftest -g -O2   conftest.c -lm  >&5
configure:6944: $? = 0
configure:6944: ./conftest
configure:6944: $? = 0
configure:6954: result: yes
configure:6963: checking whether lstat correctly handles trailing slash
configure:6989: afl-gcc -o conftest -g -O2   conftest.c -lm  >&5
configure:6989: $? = 0
configure:6989: ./conftest
configure:6989: $? = 0
configure:7006: result: yes
configure:7025: checking whether stat accepts an empty string
configure:7045: afl-gcc -o conftest -g -O2   conftest.c -lm  >&5
configure:7045: $? = 0
configure:7045: ./conftest
configure:7045: $? = 0
configure:7055: result: no
configure:7074: checking for strchr
configure:7074: afl-gcc -o conftest -g -O2   conftest.c -lm  >&5
conftest.c:57:6: warning: conflicting types for built-in function 'strchr'
 char strchr ();
      ^
configure:7074: $? = 0
configure:7074: result: yes
configure:7074: checking for strdup
configure:7074: afl-gcc -o conftest -g -O2   conftest.c -lm  >&5
conftest.c:58:6: warning: conflicting types for built-in function 'strdup'
 char strdup ();
      ^
configure:7074: $? = 0
configure:7074: result: yes
configure:7074: checking for strrchr
configure:7074: afl-gcc -o conftest -g -O2   conftest.c -lm  >&5
conftest.c:59:6: warning: conflicting types for built-in function 'strrchr'
 char strrchr ();
      ^
configure:7074: $? = 0
configure:7074: result: yes
configure:7074: checking for strstr
configure:7074: afl-gcc -o conftest -g -O2   conftest.c -lm  >&5
conftest.c:60:6: warning: conflicting types for built-in function 'strstr'
 char strstr ();
      ^
configure:7074: $? = 0
configure:7074: result: yes
configure:7088: checking for snd_pcm_open in -lasound
configure:7113: afl-gcc -o conftest -g -O2   conftest.c -lasound  -lm  >&5
configure:7113: $? = 0
configure:7122: result: yes
configure:7197: checking for pkg-config
configure:7215: found /usr/bin/pkg-config
configure:7227: result: /usr/bin/pkg-config
configure:7252: checking pkg-config is at least version 0.9.0
configure:7255: result: yes
configure:7265: checking for PULSE
configure:7272: $PKG_CONFIG --exists --print-errors "libpulse-simple"
configure:7275: $? = 0
configure:7289: $PKG_CONFIG --exists --print-errors "libpulse-simple"
configure:7292: $? = 0
configure:7330: result: yes
configure:7350: checking sys/soundcard.h usability
configure:7350: afl-gcc -c -g -O2  conftest.c >&5
configure:7350: $? = 0
configure:7350: result: yes
configure:7350: checking sys/soundcard.h presence
configure:7350: afl-gcc -E  conftest.c
configure:7350: $? = 0
configure:7350: result: yes
configure:7350: checking for sys/soundcard.h
configure:7350: result: yes
configure:7350: checking machine/soundcard.h usability
configure:7350: afl-gcc -c -g -O2  conftest.c >&5
conftest.c:74:31: fatal error: machine/soundcard.h: No such file or directory
compilation terminated.
configure:7350: $? = 1
configure: failed program was:
| /* confdefs.h */
| #define PACKAGE_NAME "wavbreaker"
| #define PACKAGE_TARNAME "wavbreaker"
| #define PACKAGE_VERSION "0.11"
| #define PACKAGE_STRING "wavbreaker 0.11"
| #define PACKAGE_BUGREPORT ""
| #define PACKAGE_URL ""
| #define PACKAGE "wavbreaker"
| #define VERSION "0.11"
| #define ENABLE_NLS 1
| #define HAVE_GETTEXT 1
| #define HAVE_DCGETTEXT 1
| #define HAVE_LIBM 1
| #define STDC_HEADERS 1
| #define HAVE_SYS_TYPES_H 1
| #define HAVE_SYS_STAT_H 1
| #define HAVE_STDLIB_H 1
| #define HAVE_STRING_H 1
| #define HAVE_MEMORY_H 1
| #define HAVE_STRINGS_H 1
| #define HAVE_INTTYPES_H 1
| #define HAVE_STDINT_H 1
| #define HAVE_UNISTD_H 1
| #define HAVE_FCNTL_H 1
| #define HAVE_LIMITS_H 1
| #define HAVE_STDLIB_H 1
| #define HAVE_STRING_H 1
| #define HAVE_SYS_IOCTL_H 1
| #define HAVE_UNISTD_H 1
| #define HAVE_STDLIB_H 1
| #define HAVE_MALLOC 1
| #define LSTAT_FOLLOWS_SLASHED_SYMLINK 1
| #define HAVE_STRCHR 1
| #define HAVE_STRDUP 1
| #define HAVE_STRRCHR 1
| #define HAVE_STRSTR 1
| #define HAVE_ALSA 1
| #define HAVE_PULSE 1
| #define HAVE_SYS_SOUNDCARD_H 1
| /* end confdefs.h.  */
| #include <stdio.h>
| #ifdef HAVE_SYS_TYPES_H
| # include <sys/types.h>
| #endif
| #ifdef HAVE_SYS_STAT_H
| # include <sys/stat.h>
| #endif
| #ifdef STDC_HEADERS
| # include <stdlib.h>
| # include <stddef.h>
| #else
| # ifdef HAVE_STDLIB_H
| #  include <stdlib.h>
| # endif
| #endif
| #ifdef HAVE_STRING_H
| # if !defined STDC_HEADERS && defined HAVE_MEMORY_H
| #  include <memory.h>
| # endif
| # include <string.h>
| #endif
| #ifdef HAVE_STRINGS_H
| # include <strings.h>
| #endif
| #ifdef HAVE_INTTYPES_H
| # include <inttypes.h>
| #endif
| #ifdef HAVE_STDINT_H
| # include <stdint.h>
| #endif
| #ifdef HAVE_UNISTD_H
| # include <unistd.h>
| #endif
| #include <machine/soundcard.h>
configure:7350: result: no
configure:7350: checking machine/soundcard.h presence
configure:7350: afl-gcc -E  conftest.c
conftest.c:41:31: fatal error: machine/soundcard.h: No such file or directory
compilation terminated.
configure:7350: $? = 1
configure: failed program was:
| /* confdefs.h */
| #define PACKAGE_NAME "wavbreaker"
| #define PACKAGE_TARNAME "wavbreaker"
| #define PACKAGE_VERSION "0.11"
| #define PACKAGE_STRING "wavbreaker 0.11"
| #define PACKAGE_BUGREPORT ""
| #define PACKAGE_URL ""
| #define PACKAGE "wavbreaker"
| #define VERSION "0.11"
| #define ENABLE_NLS 1
| #define HAVE_GETTEXT 1
| #define HAVE_DCGETTEXT 1
| #define HAVE_LIBM 1
| #define STDC_HEADERS 1
| #define HAVE_SYS_TYPES_H 1
| #define HAVE_SYS_STAT_H 1
| #define HAVE_STDLIB_H 1
| #define HAVE_STRING_H 1
| #define HAVE_MEMORY_H 1
| #define HAVE_STRINGS_H 1
| #define HAVE_INTTYPES_H 1
| #define HAVE_STDINT_H 1
| #define HAVE_UNISTD_H 1
| #define HAVE_FCNTL_H 1
| #define HAVE_LIMITS_H 1
| #define HAVE_STDLIB_H 1
| #define HAVE_STRING_H 1
| #define HAVE_SYS_IOCTL_H 1
| #define HAVE_UNISTD_H 1
| #define HAVE_STDLIB_H 1
| #define HAVE_MALLOC 1
| #define LSTAT_FOLLOWS_SLASHED_SYMLINK 1
| #define HAVE_STRCHR 1
| #define HAVE_STRDUP 1
| #define HAVE_STRRCHR 1
| #define HAVE_STRSTR 1
| #define HAVE_ALSA 1
| #define HAVE_PULSE 1
| #define HAVE_SYS_SOUNDCARD_H 1
| /* end confdefs.h.  */
| #include <machine/soundcard.h>
configure:7350: result: no
configure:7350: checking for machine/soundcard.h
configure:7350: result: no
configure:7373: checking for WAVBREAKER
configure:7380: $PKG_CONFIG --exists --print-errors "gtk+-2.0 gthread-2.0 libxml-2.0"
configure:7383: $? = 0
configure:7397: $PKG_CONFIG --exists --print-errors "gtk+-2.0 gthread-2.0 libxml-2.0"
configure:7400: $? = 0
configure:7458: result: yes
configure:7640: creating ./config.status

## ---------------- ##
## Cache variables. ##
## ---------------- ##

ac_cv_build=x86_64-unknown-linux-gnu
ac_cv_c_compiler_gnu=yes
ac_cv_c_const=yes
ac_cv_env_CC_set=set
ac_cv_env_CC_value=afl-gcc
ac_cv_env_CFLAGS_set=
ac_cv_env_CFLAGS_value=
ac_cv_env_CPPFLAGS_set=
ac_cv_env_CPPFLAGS_value=
ac_cv_env_CPP_set=
ac_cv_env_CPP_value=
ac_cv_env_LDFLAGS_set=
ac_cv_env_LDFLAGS_value=
ac_cv_env_LIBS_set=
ac_cv_env_LIBS_value=
ac_cv_env_PKG_CONFIG_LIBDIR_set=
ac_cv_env_PKG_CONFIG_LIBDIR_value=
ac_cv_env_PKG_CONFIG_PATH_set=
ac_cv_env_PKG_CONFIG_PATH_value=
ac_cv_env_PKG_CONFIG_set=
ac_cv_env_PKG_CONFIG_value=
ac_cv_env_PULSE_CFLAGS_set=
ac_cv_env_PULSE_CFLAGS_value=
ac_cv_env_PULSE_LIBS_set=
ac_cv_env_PULSE_LIBS_value=
ac_cv_env_WAVBREAKER_CFLAGS_set=
ac_cv_env_WAVBREAKER_CFLAGS_value=
ac_cv_env_WAVBREAKER_LIBS_set=
ac_cv_env_WAVBREAKER_LIBS_value=
ac_cv_env_build_alias_set=
ac_cv_env_build_alias_value=
ac_cv_env_host_alias_set=
ac_cv_env_host_alias_value=
ac_cv_env_target_alias_set=
ac_cv_env_target_alias_value=
ac_cv_func_lstat_dereferences_slashed_symlink=yes
ac_cv_func_malloc_0_nonnull=yes
ac_cv_func_memcmp_working=yes
ac_cv_func_stat_empty_string_bug=no
ac_cv_func_strchr=yes
ac_cv_func_strdup=yes
ac_cv_func_strrchr=yes
ac_cv_func_strstr=yes
ac_cv_header_fcntl_h=yes
ac_cv_header_inttypes_h=yes
ac_cv_header_limits_h=yes
ac_cv_header_machine_soundcard_h=no
ac_cv_header_memory_h=yes
ac_cv_header_stdc=yes
ac_cv_header_stdint_h=yes
ac_cv_header_stdlib_h=yes
ac_cv_header_string_h=yes
ac_cv_header_strings_h=yes
ac_cv_header_sys_ioctl_h=yes
ac_cv_header_sys_soundcard_h=yes
ac_cv_header_sys_stat_h=yes
ac_cv_header_sys_types_h=yes
ac_cv_header_unistd_h=yes
ac_cv_host=x86_64-unknown-linux-gnu
ac_cv_lib_asound_snd_pcm_open=yes
ac_cv_lib_m_cos=yes
ac_cv_objext=o
ac_cv_path_EGREP='/bin/grep -E'
ac_cv_path_GMSGFMT=/usr/bin/msgfmt
ac_cv_path_GREP=/bin/grep
ac_cv_path_MSGFMT=/usr/bin/msgfmt
ac_cv_path_MSGMERGE=/usr/bin/msgmerge
ac_cv_path_XGETTEXT=/usr/bin/xgettext
ac_cv_path_ac_pt_PKG_CONFIG=/usr/bin/pkg-config
ac_cv_path_install='/usr/bin/install -c'
ac_cv_path_mkdir=/bin/mkdir
ac_cv_prog_AWK=mawk
ac_cv_prog_CPP='afl-gcc -E'
ac_cv_prog_ac_ct_CC=afl-gcc
ac_cv_prog_cc_c89=
ac_cv_prog_cc_g=yes
ac_cv_prog_gcc_traditional=no
ac_cv_prog_make_make_set=yes
acl_cv_hardcode_direct=no
acl_cv_hardcode_libdir_flag_spec='${wl}-rpath ${wl}$libdir'
acl_cv_hardcode_libdir_separator=
acl_cv_hardcode_minus_L=no
acl_cv_libext=a
acl_cv_path_LD=/usr/bin/ld
acl_cv_prog_gnu_ld=yes
acl_cv_rpath=done
acl_cv_shlibext=so
acl_cv_wl=-Wl,
am_cv_CC_dependencies_compiler_type=gcc3
gt_cv_func_CFLocaleCopyCurrent=no
gt_cv_func_CFPreferencesCopyAppValue=no
gt_cv_func_gnugettext1_libc=yes
pkg_cv_PULSE_CFLAGS=-D_REENTRANT
pkg_cv_PULSE_LIBS='-lpulse-simple -lpulse'
pkg_cv_WAVBREAKER_CFLAGS='-pthread -I/usr/include/gtk-2.0 -I/usr/lib/x86_64-linux-gnu/gtk-2.0/include -I/usr/include/gio-unix-2.0/ -I/usr/include/cairo -I/usr/include/pango-1.0 -I/usr/include/atk-1.0 -I/usr/include/cairo -I/usr/include/pixman-1 -I/usr/include/libpng12 -I/usr/include/gdk-pixbuf-2.0 -I/usr/include/libpng12 -I/usr/include/pango-1.0 -I/usr/include/harfbuzz -I/usr/include/pango-1.0 -I/usr/include/freetype2 -I/usr/include/glib-2.0 -I/usr/lib/x86_64-linux-gnu/glib-2.0/include -I/usr/include/libxml2'
pkg_cv_WAVBREAKER_LIBS='-lgtk-x11-2.0 -lgdk-x11-2.0 -lpangocairo-1.0 -latk-1.0 -lcairo -lgdk_pixbuf-2.0 -lgio-2.0 -lpangoft2-1.0 -lpango-1.0 -lgobject-2.0 -lfontconfig -lfreetype -lgthread-2.0 -pthread -lglib-2.0 -lxml2'

## ----------------- ##
## Output variables. ##
## ----------------- ##

ACLOCAL='${SHELL} /home/wws/Music/Fuzz/target_progs/target_wavbreaker/wavbreaker-0.11/missing --run aclocal-1.11'
ALSA_LIBS='-lasound'
AMDEPBACKSLASH='\'
AMDEP_FALSE='#'
AMDEP_TRUE=''
AMTAR='$${TAR-tar}'
AUTOCONF='${SHELL} /home/wws/Music/Fuzz/target_progs/target_wavbreaker/wavbreaker-0.11/missing --run autoconf'
AUTOHEADER='${SHELL} /home/wws/Music/Fuzz/target_progs/target_wavbreaker/wavbreaker-0.11/missing --run autoheader'
AUTOMAKE='${SHELL} /home/wws/Music/Fuzz/target_progs/target_wavbreaker/wavbreaker-0.11/missing --run automake-1.11'
AWK='mawk'
CC='afl-gcc'
CCDEPMODE='depmode=gcc3'
CFLAGS='-g -O2'
CPP='afl-gcc -E'
CPPFLAGS=''
CYGPATH_W='echo'
DEFS='-DHAVE_CONFIG_H'
DEPDIR='.deps'
ECHO_C=''
ECHO_N='-n'
ECHO_T=''
EGREP='/bin/grep -E'
EXEEXT=''
GMSGFMT='/usr/bin/msgfmt'
GMSGFMT_015='/usr/bin/msgfmt'
GREP='/bin/grep'
INSTALL_DATA='${INSTALL} -m 644'
INSTALL_PROGRAM='${INSTALL}'
INSTALL_SCRIPT='${INSTALL}'
INSTALL_STRIP_PROGRAM='$(install_sh) -c -s'
INTLLIBS=''
INTL_MACOSX_LIBS=''
LDFLAGS=''
LIBICONV='-liconv'
LIBINTL=''
LIBOBJS=''
LIBS='-lm '
LN_S='ln -s'
LTLIBICONV='-liconv'
LTLIBINTL=''
LTLIBOBJS=''
MAKEINFO='${SHELL} /home/wws/Music/Fuzz/target_progs/target_wavbreaker/wavbreaker-0.11/missing --run makeinfo'
MKDIR_P='/bin/mkdir -p'
MSGFMT='/usr/bin/msgfmt'
MSGFMT_015='/usr/bin/msgfmt'
MSGMERGE='/usr/bin/msgmerge'
NEED_ALSA_FALSE='#'
NEED_ALSA_TRUE=''
NEED_OSS_FALSE='#'
NEED_OSS_TRUE=''
NEED_PULSE_FALSE='#'
NEED_PULSE_TRUE=''
OBJEXT='o'
PACKAGE='wavbreaker'
PACKAGE_BUGREPORT=''
PACKAGE_NAME='wavbreaker'
PACKAGE_STRING='wavbreaker 0.11'
PACKAGE_TARNAME='wavbreaker'
PACKAGE_URL=''
PACKAGE_VERSION='0.11'
PATH_SEPARATOR=':'
PKG_CONFIG='/usr/bin/pkg-config'
PKG_CONFIG_LIBDIR=''
PKG_CONFIG_PATH=''
POSUB='po'
PULSE_CFLAGS='-D_REENTRANT'
PULSE_LIBS='-lpulse-simple -lpulse'
SET_MAKE=''
SHELL='/bin/bash'
STRIP=''
USE_NLS='yes'
VERSION='0.11'
WAVBREAKER_CFLAGS='-pthread -I/usr/include/gtk-2.0 -I/usr/lib/x86_64-linux-gnu/gtk-2.0/include -I/usr/include/gio-unix-2.0/ -I/usr/include/cairo -I/usr/include/pango-1.0 -I/usr/include/atk-1.0 -I/usr/include/cairo -I/usr/include/pixman-1 -I/usr/include/libpng12 -I/usr/include/gdk-pixbuf-2.0 -I/usr/include/libpng12 -I/usr/include/pango-1.0 -I/usr/include/harfbuzz -I/usr/include/pango-1.0 -I/usr/include/freetype2 -I/usr/include/glib-2.0 -I/usr/lib/x86_64-linux-gnu/glib-2.0/include -I/usr/include/libxml2'
WAVBREAKER_LIBS='-lgtk-x11-2.0 -lgdk-x11-2.0 -lpangocairo-1.0 -latk-1.0 -lcairo -lgdk_pixbuf-2.0 -lgio-2.0 -lpangoft2-1.0 -lpango-1.0 -lgobject-2.0 -lfontconfig -lfreetype -lgthread-2.0 -pthread -lglib-2.0 -lxml2'
XGETTEXT='/usr/bin/xgettext'
XGETTEXT_015='/usr/bin/xgettext'
ac_ct_CC='afl-gcc'
am__EXEEXT_FALSE=''
am__EXEEXT_TRUE='#'
am__fastdepCC_FALSE='#'
am__fastdepCC_TRUE=''
am__include='include'
am__isrc=''
am__leading_dot='.'
am__nodep='_no'
am__quote=''
am__tar='$${TAR-tar} chof - "$$tardir"'
am__untar='$${TAR-tar} xf -'
bindir='${exec_prefix}/bin'
build='x86_64-unknown-linux-gnu'
build_alias=''
build_cpu='x86_64'
build_os='linux-gnu'
build_vendor='unknown'
datadir='${datarootdir}'
datarootdir='${prefix}/share'
docdir='${datarootdir}/doc/${PACKAGE_TARNAME}'
dvidir='${docdir}'
exec_prefix='${prefix}'
host='x86_64-unknown-linux-gnu'
host_alias=''
host_cpu='x86_64'
host_os='linux-gnu'
host_vendor='unknown'
htmldir='${docdir}'
includedir='${prefix}/include'
infodir='${datarootdir}/info'
install_sh='${SHELL} /home/wws/Music/Fuzz/target_progs/target_wavbreaker/wavbreaker-0.11/install-sh'
libdir='${exec_prefix}/lib'
libexecdir='${exec_prefix}/libexec'
localedir='${datarootdir}/locale'
localstatedir='${prefix}/var'
mandir='${datarootdir}/man'
mkdir_p='/bin/mkdir -p'
oldincludedir='/usr/include'
pdfdir='${docdir}'
prefix='/home/wws/Music/Fuzz/target_progs/target_wavbreaker/install'
program_transform_name='s,x,x,'
psdir='${docdir}'
runstatedir='${localstatedir}/run'
sbindir='${exec_prefix}/sbin'
sharedstatedir='${prefix}/com'
sysconfdir='${prefix}/etc'
target_alias=''

## ----------- ##
## confdefs.h. ##
## ----------- ##

/* confdefs.h */
#define PACKAGE_NAME "wavbreaker"
#define PACKAGE_TARNAME "wavbreaker"
#define PACKAGE_VERSION "0.11"
#define PACKAGE_STRING "wavbreaker 0.11"
#define PACKAGE_BUGREPORT ""
#define PACKAGE_URL ""
#define PACKAGE "wavbreaker"
#define VERSION "0.11"
#define ENABLE_NLS 1
#define HAVE_GETTEXT 1
#define HAVE_DCGETTEXT 1
#define HAVE_LIBM 1
#define STDC_HEADERS 1
#define HAVE_SYS_TYPES_H 1
#define HAVE_SYS_STAT_H 1
#define HAVE_STDLIB_H 1
#define HAVE_STRING_H 1
#define HAVE_MEMORY_H 1
#define HAVE_STRINGS_H 1
#define HAVE_INTTYPES_H 1
#define HAVE_STDINT_H 1
#define HAVE_UNISTD_H 1
#define HAVE_FCNTL_H 1
#define HAVE_LIMITS_H 1
#define HAVE_STDLIB_H 1
#define HAVE_STRING_H 1
#define HAVE_SYS_IOCTL_H 1
#define HAVE_UNISTD_H 1
#define HAVE_STDLIB_H 1
#define HAVE_MALLOC 1
#define LSTAT_FOLLOWS_SLASHED_SYMLINK 1
#define HAVE_STRCHR 1
#define HAVE_STRDUP 1
#define HAVE_STRRCHR 1
#define HAVE_STRSTR 1
#define HAVE_ALSA 1
#define HAVE_PULSE 1
#define HAVE_SYS_SOUNDCARD_H 1
#define HAVE_OSS 1

configure: exit 0

## ---------------------- ##
## Running config.status. ##
## ---------------------- ##

This file was extended by wavbreaker config.status 0.11, which was
generated by GNU Autoconf 2.69.  Invocation command line was

  CONFIG_FILES    = 
  CONFIG_HEADERS  = 
  CONFIG_LINKS    = 
  CONFIG_COMMANDS = 
  $ ./config.status 

on wws-pc

config.status:924: creating Makefile
config.status:924: creating po/Makefile.in
config.status:924: creating images/Makefile
config.status:924: creating src/Makefile
config.status:924: creating doc/Makefile
config.status:924: creating config.h
config.status:1105: config.h is unchanged
config.status:1153: executing po-directories commands
config.status:1153: executing depfiles commands

## ---------------------- ##
## Running config.status. ##
## ---------------------- ##

This file was extended by wavbreaker config.status 0.11, which was
generated by GNU Autoconf 2.69.  Invocation command line was

  CONFIG_FILES    = 
  CONFIG_HEADERS  = 
  CONFIG_LINKS    = 
  CONFIG_COMMANDS = 
  $ ./config.status config.h

on wws-pc

config.status:924: creating config.h
config.status:1105: config.h is unchanged
