This file contains any messages produced by compilers while
running configure, to aid debugging if configure makes a mistake.

It was created by configure, which was
generated by GNU Autoconf 2.69.  Invocation command line was

  $ ./configure CC=/home/wangws/wws_home/Fuzz_oggvideotools/origin/afl-2.52b/afl-gcc CXX=/home/wangws/wws_home/Fuzz_oggvideotools/origin/afl-2.52b/afl-g++ --prefix=/home/wangws/wws_home/Fuzz_oggvideotools/target_progs/target_vorbis-tools-1.4.0/install

## --------- ##
## Platform. ##
## --------- ##

hostname = GPUH3C
uname -m = x86_64
uname -r = 4.18.0-80.11.2.el8_0.x86_64
uname -s = Linux
uname -v = #1 SMP Sun Sep 15 11:24:21 UTC 2019

/usr/bin/uname -p = x86_64
/bin/uname -X     = unknown

/bin/arch              = x86_64
/usr/bin/arch -k       = unknown
/usr/convex/getsysinfo = unknown
/usr/bin/hostinfo      = unknown
/bin/machine           = unknown
/usr/bin/oslevel       = unknown
/bin/universe          = unknown

PATH: /home/wangws/.local/bin
PATH: /home/wangws/bin
PATH: /usr/local/bin
PATH: /usr/bin
PATH: /usr/local/sbin
PATH: /usr/sbin
PATH: /home/wangws/opt/python2/bin
PATH: /home/wangws/opt/inotify/bin
PATH: /home/wangws/opt/valgrind/bin


## ----------- ##
## Core tests. ##
## ----------- ##

configure:2825: checking build system type
configure:2839: result: x86_64-unknown-linux-gnu
configure:2859: checking host system type
configure:2872: result: x86_64-unknown-linux-gnu
configure:2892: checking target system type
configure:2905: result: x86_64-unknown-linux-gnu
configure:2949: checking for a BSD-compatible install
configure:3017: result: /usr/bin/install -c
configure:3028: checking whether build environment is sane
configure:3065: result: yes
configure:3127: checking for gawk
configure:3143: found /usr/bin/gawk
configure:3154: result: gawk
configure:3165: checking whether make sets $(MAKE)
configure:3187: result: yes
configure:3365: checking whether to enable maintainer-specific portions of Makefiles
configure:3374: result: no
configure:3405: checking for style of include used by make
configure:3433: result: GNU
configure:3506: checking for gcc
configure:3533: result: /home/wangws/wws_home/Fuzz_oggvideotools/origin/afl-2.52b/afl-gcc
configure:3762: checking for C compiler version
configure:3771: /home/wangws/wws_home/Fuzz_oggvideotools/origin/afl-2.52b/afl-gcc --version >&5
gcc (GCC) 8.3.1 20190507 (Red Hat 8.3.1-4)
Copyright (C) 2018 Free Software Foundation, Inc.
This is free software; see the source for copying conditions.  There is NO
warranty; not even for MERCHANTABILITY or FITNESS FOR A PARTICULAR PURPOSE.

configure:3782: $? = 0
configure:3771: /home/wangws/wws_home/Fuzz_oggvideotools/origin/afl-2.52b/afl-gcc -v >&5
Using built-in specs.
COLLECT_GCC=gcc
COLLECT_LTO_WRAPPER=/usr/libexec/gcc/x86_64-redhat-linux/8/lto-wrapper
OFFLOAD_TARGET_NAMES=nvptx-none
OFFLOAD_TARGET_DEFAULT=1
Target: x86_64-redhat-linux
Configured with: ../configure --enable-bootstrap --enable-languages=c,c++,fortran,lto --prefix=/usr --mandir=/usr/share/man --infodir=/usr/share/info --with-bugurl=http://bugzilla.redhat.com/bugzilla --enable-shared --enable-threads=posix --enable-checking=release --enable-multilib --with-system-zlib --enable-__cxa_atexit --disable-libunwind-exceptions --enable-gnu-unique-object --enable-linker-build-id --with-gcc-major-version-only --with-linker-hash-style=gnu --enable-plugin --enable-initfini-array --with-isl --disable-libmpx --enable-offload-targets=nvptx-none --without-cuda-driver --enable-gnu-indirect-function --enable-cet --with-tune=generic --with-arch_32=x86-64 --build=x86_64-redhat-linux
Thread model: posix
gcc version 8.3.1 20190507 (Red Hat 8.3.1-4) (GCC) 
configure:3782: $? = 0
configure:3771: /home/wangws/wws_home/Fuzz_oggvideotools/origin/afl-2.52b/afl-gcc -V >&5
gcc: error: unrecognized command line option '-V'
gcc: fatal error: no input files
compilation terminated.
configure:3782: $? = 1
configure:3771: /home/wangws/wws_home/Fuzz_oggvideotools/origin/afl-2.52b/afl-gcc -qversion >&5
gcc: error: unrecognized command line option '-qversion'; did you mean '--version'?
gcc: fatal error: no input files
compilation terminated.
configure:3782: $? = 1
configure:3802: checking whether the C compiler works
configure:3824: /home/wangws/wws_home/Fuzz_oggvideotools/origin/afl-2.52b/afl-gcc    conftest.c  >&5
configure:3828: $? = 0
configure:3876: result: yes
configure:3879: checking for C compiler default output file name
configure:3881: result: a.out
configure:3887: checking for suffix of executables
configure:3894: /home/wangws/wws_home/Fuzz_oggvideotools/origin/afl-2.52b/afl-gcc -o conftest    conftest.c  >&5
configure:3898: $? = 0
configure:3920: result: 
configure:3942: checking whether we are cross compiling
configure:3950: /home/wangws/wws_home/Fuzz_oggvideotools/origin/afl-2.52b/afl-gcc -o conftest    conftest.c  >&5
configure:3954: $? = 0
configure:3961: ./conftest
configure:3965: $? = 0
configure:3980: result: no
configure:3985: checking for suffix of object files
configure:4007: /home/wangws/wws_home/Fuzz_oggvideotools/origin/afl-2.52b/afl-gcc -c   conftest.c >&5
configure:4011: $? = 0
configure:4032: result: o
configure:4036: checking whether we are using the GNU C compiler
configure:4055: /home/wangws/wws_home/Fuzz_oggvideotools/origin/afl-2.52b/afl-gcc -c   conftest.c >&5
configure:4055: $? = 0
configure:4064: result: yes
configure:4073: checking whether /home/wangws/wws_home/Fuzz_oggvideotools/origin/afl-2.52b/afl-gcc accepts -g
configure:4093: /home/wangws/wws_home/Fuzz_oggvideotools/origin/afl-2.52b/afl-gcc -c -g  conftest.c >&5
configure:4093: $? = 0
configure:4134: result: yes
configure:4151: checking for /home/wangws/wws_home/Fuzz_oggvideotools/origin/afl-2.52b/afl-gcc option to accept ISO C89
configure:4214: /home/wangws/wws_home/Fuzz_oggvideotools/origin/afl-2.52b/afl-gcc  -c -g -O2  conftest.c >&5
configure:4214: $? = 0
configure:4227: result: none needed
configure:4249: checking dependency style of /home/wangws/wws_home/Fuzz_oggvideotools/origin/afl-2.52b/afl-gcc
configure:4339: result: gcc3
configure:4362: checking how to run the C preprocessor
configure:4393: /home/wangws/wws_home/Fuzz_oggvideotools/origin/afl-2.52b/afl-gcc -E  conftest.c
configure:4393: $? = 0
configure:4407: /home/wangws/wws_home/Fuzz_oggvideotools/origin/afl-2.52b/afl-gcc -E  conftest.c
conftest.c:11:10: fatal error: ac_nonexistent.h: No such file or directory
 #include <ac_nonexistent.h>
          ^~~~~~~~~~~~~~~~~~
compilation terminated.
configure:4407: $? = 1
configure: failed program was:
| /* confdefs.h */
| #define PACKAGE_NAME ""
| #define PACKAGE_TARNAME ""
| #define PACKAGE_VERSION ""
| #define PACKAGE_STRING ""
| #define PACKAGE_BUGREPORT ""
| #define PACKAGE_URL ""
| #define PACKAGE "vorbis-tools"
| #define VERSION "1.4.0"
| /* end confdefs.h.  */
| #include <ac_nonexistent.h>
configure:4432: result: /home/wangws/wws_home/Fuzz_oggvideotools/origin/afl-2.52b/afl-gcc -E
configure:4452: /home/wangws/wws_home/Fuzz_oggvideotools/origin/afl-2.52b/afl-gcc -E  conftest.c
configure:4452: $? = 0
configure:4466: /home/wangws/wws_home/Fuzz_oggvideotools/origin/afl-2.52b/afl-gcc -E  conftest.c
conftest.c:11:10: fatal error: ac_nonexistent.h: No such file or directory
 #include <ac_nonexistent.h>
          ^~~~~~~~~~~~~~~~~~
compilation terminated.
configure:4466: $? = 1
configure: failed program was:
| /* confdefs.h */
| #define PACKAGE_NAME ""
| #define PACKAGE_TARNAME ""
| #define PACKAGE_VERSION ""
| #define PACKAGE_STRING ""
| #define PACKAGE_BUGREPORT ""
| #define PACKAGE_URL ""
| #define PACKAGE "vorbis-tools"
| #define VERSION "1.4.0"
| /* end confdefs.h.  */
| #include <ac_nonexistent.h>
configure:4495: checking for grep that handles long lines and -e
configure:4553: result: /usr/bin/grep
configure:4558: checking for egrep
configure:4620: result: /usr/bin/grep -E
configure:4625: checking for ANSI C header files
configure:4645: /home/wangws/wws_home/Fuzz_oggvideotools/origin/afl-2.52b/afl-gcc -c -g -O2  conftest.c >&5
configure:4645: $? = 0
configure:4718: /home/wangws/wws_home/Fuzz_oggvideotools/origin/afl-2.52b/afl-gcc -o conftest -g -O2   conftest.c  >&5
configure:4718: $? = 0
configure:4718: ./conftest
configure:4718: $? = 0
configure:4729: result: yes
configure:4742: checking for sys/types.h
configure:4742: /home/wangws/wws_home/Fuzz_oggvideotools/origin/afl-2.52b/afl-gcc -c -g -O2  conftest.c >&5
configure:4742: $? = 0
configure:4742: result: yes
configure:4742: checking for sys/stat.h
configure:4742: /home/wangws/wws_home/Fuzz_oggvideotools/origin/afl-2.52b/afl-gcc -c -g -O2  conftest.c >&5
configure:4742: $? = 0
configure:4742: result: yes
configure:4742: checking for stdlib.h
configure:4742: /home/wangws/wws_home/Fuzz_oggvideotools/origin/afl-2.52b/afl-gcc -c -g -O2  conftest.c >&5
configure:4742: $? = 0
configure:4742: result: yes
configure:4742: checking for string.h
configure:4742: /home/wangws/wws_home/Fuzz_oggvideotools/origin/afl-2.52b/afl-gcc -c -g -O2  conftest.c >&5
configure:4742: $? = 0
configure:4742: result: yes
configure:4742: checking for memory.h
configure:4742: /home/wangws/wws_home/Fuzz_oggvideotools/origin/afl-2.52b/afl-gcc -c -g -O2  conftest.c >&5
configure:4742: $? = 0
configure:4742: result: yes
configure:4742: checking for strings.h
configure:4742: /home/wangws/wws_home/Fuzz_oggvideotools/origin/afl-2.52b/afl-gcc -c -g -O2  conftest.c >&5
configure:4742: $? = 0
configure:4742: result: yes
configure:4742: checking for inttypes.h
configure:4742: /home/wangws/wws_home/Fuzz_oggvideotools/origin/afl-2.52b/afl-gcc -c -g -O2  conftest.c >&5
configure:4742: $? = 0
configure:4742: result: yes
configure:4742: checking for stdint.h
configure:4742: /home/wangws/wws_home/Fuzz_oggvideotools/origin/afl-2.52b/afl-gcc -c -g -O2  conftest.c >&5
configure:4742: $? = 0
configure:4742: result: yes
configure:4742: checking for unistd.h
configure:4742: /home/wangws/wws_home/Fuzz_oggvideotools/origin/afl-2.52b/afl-gcc -c -g -O2  conftest.c >&5
configure:4742: $? = 0
configure:4742: result: yes
configure:4755: checking minix/config.h usability
configure:4755: /home/wangws/wws_home/Fuzz_oggvideotools/origin/afl-2.52b/afl-gcc -c -g -O2  conftest.c >&5
conftest.c:54:10: fatal error: minix/config.h: No such file or directory
 #include <minix/config.h>
          ^~~~~~~~~~~~~~~~
compilation terminated.
configure:4755: $? = 1
configure: failed program was:
| /* confdefs.h */
| #define PACKAGE_NAME ""
| #define PACKAGE_TARNAME ""
| #define PACKAGE_VERSION ""
| #define PACKAGE_STRING ""
| #define PACKAGE_BUGREPORT ""
| #define PACKAGE_URL ""
| #define PACKAGE "vorbis-tools"
| #define VERSION "1.4.0"
| #define STDC_HEADERS 1
| #define HAVE_SYS_TYPES_H 1
| #define HAVE_SYS_STAT_H 1
| #define HAVE_STDLIB_H 1
| #define HAVE_STRING_H 1
| #define HAVE_MEMORY_H 1
| #define HAVE_STRINGS_H 1
| #define HAVE_INTTYPES_H 1
| #define HAVE_STDINT_H 1
| #define HAVE_UNISTD_H 1
| /* end confdefs.h.  */
| #include <stdio.h>
| #ifdef HAVE_SYS_TYPES_H
| # include <sys/types.h>
| #endif
| #ifdef HAVE_SYS_STAT_H
| # include <sys/stat.h>
| #endif
| #ifdef STDC_HEADERS
| # include <stdlib.h>
| # include <stddef.h>
| #else
| # ifdef HAVE_STDLIB_H
| #  include <stdlib.h>
| # endif
| #endif
| #ifdef HAVE_STRING_H
| # if !defined STDC_HEADERS && defined HAVE_MEMORY_H
| #  include <memory.h>
| # endif
| # include <string.h>
| #endif
| #ifdef HAVE_STRINGS_H
| # include <strings.h>
| #endif
| #ifdef HAVE_INTTYPES_H
| # include <inttypes.h>
| #endif
| #ifdef HAVE_STDINT_H
| # include <stdint.h>
| #endif
| #ifdef HAVE_UNISTD_H
| # include <unistd.h>
| #endif
| #include <minix/config.h>
configure:4755: result: no
configure:4755: checking minix/config.h presence
configure:4755: /home/wangws/wws_home/Fuzz_oggvideotools/origin/afl-2.52b/afl-gcc -E  conftest.c
conftest.c:21:10: fatal error: minix/config.h: No such file or directory
 #include <minix/config.h>
          ^~~~~~~~~~~~~~~~
compilation terminated.
configure:4755: $? = 1
configure: failed program was:
| /* confdefs.h */
| #define PACKAGE_NAME ""
| #define PACKAGE_TARNAME ""
| #define PACKAGE_VERSION ""
| #define PACKAGE_STRING ""
| #define PACKAGE_BUGREPORT ""
| #define PACKAGE_URL ""
| #define PACKAGE "vorbis-tools"
| #define VERSION "1.4.0"
| #define STDC_HEADERS 1
| #define HAVE_SYS_TYPES_H 1
| #define HAVE_SYS_STAT_H 1
| #define HAVE_STDLIB_H 1
| #define HAVE_STRING_H 1
| #define HAVE_MEMORY_H 1
| #define HAVE_STRINGS_H 1
| #define HAVE_INTTYPES_H 1
| #define HAVE_STDINT_H 1
| #define HAVE_UNISTD_H 1
| /* end confdefs.h.  */
| #include <minix/config.h>
configure:4755: result: no
configure:4755: checking for minix/config.h
configure:4755: result: no
configure:4776: checking whether it is safe to define __EXTENSIONS__
configure:4794: /home/wangws/wws_home/Fuzz_oggvideotools/origin/afl-2.52b/afl-gcc -c -g -O2  conftest.c >&5
configure:4794: $? = 0
configure:4801: result: yes
configure:4866: checking for gcc
configure:4893: result: /home/wangws/wws_home/Fuzz_oggvideotools/origin/afl-2.52b/afl-gcc
configure:5122: checking for C compiler version
configure:5131: /home/wangws/wws_home/Fuzz_oggvideotools/origin/afl-2.52b/afl-gcc --version >&5
gcc (GCC) 8.3.1 20190507 (Red Hat 8.3.1-4)
Copyright (C) 2018 Free Software Foundation, Inc.
This is free software; see the source for copying conditions.  There is NO
warranty; not even for MERCHANTABILITY or FITNESS FOR A PARTICULAR PURPOSE.

configure:5142: $? = 0
configure:5131: /home/wangws/wws_home/Fuzz_oggvideotools/origin/afl-2.52b/afl-gcc -v >&5
Using built-in specs.
COLLECT_GCC=gcc
COLLECT_LTO_WRAPPER=/usr/libexec/gcc/x86_64-redhat-linux/8/lto-wrapper
OFFLOAD_TARGET_NAMES=nvptx-none
OFFLOAD_TARGET_DEFAULT=1
Target: x86_64-redhat-linux
Configured with: ../configure --enable-bootstrap --enable-languages=c,c++,fortran,lto --prefix=/usr --mandir=/usr/share/man --infodir=/usr/share/info --with-bugurl=http://bugzilla.redhat.com/bugzilla --enable-shared --enable-threads=posix --enable-checking=release --enable-multilib --with-system-zlib --enable-__cxa_atexit --disable-libunwind-exceptions --enable-gnu-unique-object --enable-linker-build-id --with-gcc-major-version-only --with-linker-hash-style=gnu --enable-plugin --enable-initfini-array --with-isl --disable-libmpx --enable-offload-targets=nvptx-none --without-cuda-driver --enable-gnu-indirect-function --enable-cet --with-tune=generic --with-arch_32=x86-64 --build=x86_64-redhat-linux
Thread model: posix
gcc version 8.3.1 20190507 (Red Hat 8.3.1-4) (GCC) 
configure:5142: $? = 0
configure:5131: /home/wangws/wws_home/Fuzz_oggvideotools/origin/afl-2.52b/afl-gcc -V >&5
gcc: error: unrecognized command line option '-V'
gcc: fatal error: no input files
compilation terminated.
configure:5142: $? = 1
configure:5131: /home/wangws/wws_home/Fuzz_oggvideotools/origin/afl-2.52b/afl-gcc -qversion >&5
gcc: error: unrecognized command line option '-qversion'; did you mean '--version'?
gcc: fatal error: no input files
compilation terminated.
configure:5142: $? = 1
configure:5146: checking whether we are using the GNU C compiler
configure:5174: result: yes
configure:5183: checking whether /home/wangws/wws_home/Fuzz_oggvideotools/origin/afl-2.52b/afl-gcc accepts -g
configure:5244: result: yes
configure:5261: checking for /home/wangws/wws_home/Fuzz_oggvideotools/origin/afl-2.52b/afl-gcc option to accept ISO C89
configure:5337: result: none needed
configure:5359: checking dependency style of /home/wangws/wws_home/Fuzz_oggvideotools/origin/afl-2.52b/afl-gcc
configure:5449: result: gcc3
configure:5493: checking for a sed that does not truncate output
configure:5557: result: /usr/bin/sed
configure:5575: checking for fgrep
configure:5637: result: /usr/bin/grep -F
configure:5672: checking for ld used by /home/wangws/wws_home/Fuzz_oggvideotools/origin/afl-2.52b/afl-gcc
configure:5739: result: /usr/bin/ld
configure:5746: checking if the linker (/usr/bin/ld) is GNU ld
configure:5761: result: yes
configure:5773: checking for BSD- or MS-compatible name lister (nm)
configure:5822: result: /usr/bin/nm -B
configure:5940: checking the name lister (/usr/bin/nm -B) interface
configure:5947: /home/wangws/wws_home/Fuzz_oggvideotools/origin/afl-2.52b/afl-gcc -c -g -O2  conftest.c >&5
configure:5950: /usr/bin/nm -B "conftest.o"
configure:5953: output
0000000000000000 B some_variable
configure:5960: result: BSD nm
configure:5963: checking whether ln -s works
configure:5967: result: yes
configure:5975: checking the maximum length of command line arguments
configure:6095: result: 1572864
configure:6112: checking whether the shell understands some XSI constructs
configure:6122: result: yes
configure:6126: checking whether the shell understands "+="
configure:6132: result: yes
configure:6167: checking for /usr/bin/ld option to reload object files
configure:6174: result: -r
configure:6243: checking for objdump
configure:6259: found /usr/bin/objdump
configure:6270: result: objdump
configure:6302: checking how to recognize dependent libraries
configure:6498: result: pass_all
configure:6558: checking for ar
configure:6574: found /usr/bin/ar
configure:6585: result: ar
configure:6663: checking for strip
configure:6679: found /usr/bin/strip
configure:6690: result: strip
configure:6762: checking for ranlib
configure:6778: found /usr/bin/ranlib
configure:6789: result: ranlib
configure:6879: checking command to parse /usr/bin/nm -B output from /home/wangws/wws_home/Fuzz_oggvideotools/origin/afl-2.52b/afl-gcc object
configure:6997: /home/wangws/wws_home/Fuzz_oggvideotools/origin/afl-2.52b/afl-gcc -c -g -O2  conftest.c >&5
configure:7000: $? = 0
configure:7004: /usr/bin/nm -B conftest.o \| sed -n -e 's/^.*[	 ]\([ABCDGIRSTW][ABCDGIRSTW]*\)[	 ][	 ]*\([_A-Za-z][_A-Za-z0-9]*\)$/\1 \2 \2/p' \> conftest.nm
configure:7007: $? = 0
configure:7061: /home/wangws/wws_home/Fuzz_oggvideotools/origin/afl-2.52b/afl-gcc -o conftest -g -O2   conftest.c conftstm.o >&5
configure:7064: $? = 0
configure:7102: result: ok
configure:7197: /home/wangws/wws_home/Fuzz_oggvideotools/origin/afl-2.52b/afl-gcc -c -g -O2  conftest.c >&5
configure:7200: $? = 0
configure:7907: checking for dlfcn.h
configure:7907: /home/wangws/wws_home/Fuzz_oggvideotools/origin/afl-2.52b/afl-gcc -c -g -O2  conftest.c >&5
configure:7907: $? = 0
configure:7907: result: yes
configure:8091: checking for objdir
configure:8106: result: .libs
configure:8398: checking if /home/wangws/wws_home/Fuzz_oggvideotools/origin/afl-2.52b/afl-gcc supports -fno-rtti -fno-exceptions
configure:8416: /home/wangws/wws_home/Fuzz_oggvideotools/origin/afl-2.52b/afl-gcc -c -g -O2  -fno-rtti -fno-exceptions conftest.c >&5
cc1: warning: command line option '-fno-rtti' is valid for C++/ObjC++ but not for C
configure:8420: $? = 0
configure:8433: result: no
configure:8453: checking for /home/wangws/wws_home/Fuzz_oggvideotools/origin/afl-2.52b/afl-gcc option to produce PIC
configure:8725: result: -fPIC -DPIC
configure:8737: checking if /home/wangws/wws_home/Fuzz_oggvideotools/origin/afl-2.52b/afl-gcc PIC flag -fPIC -DPIC works
configure:8755: /home/wangws/wws_home/Fuzz_oggvideotools/origin/afl-2.52b/afl-gcc -c -g -O2  -fPIC -DPIC -DPIC conftest.c >&5
configure:8759: $? = 0
configure:8772: result: yes
configure:8796: checking if /home/wangws/wws_home/Fuzz_oggvideotools/origin/afl-2.52b/afl-gcc static flag -static works
configure:8824: result: no
configure:8839: checking if /home/wangws/wws_home/Fuzz_oggvideotools/origin/afl-2.52b/afl-gcc supports -c -o file.o
configure:8860: /home/wangws/wws_home/Fuzz_oggvideotools/origin/afl-2.52b/afl-gcc -c -g -O2  -o out/conftest2.o conftest.c >&5
configure:8864: $? = 0
configure:8886: result: yes
configure:8894: checking if /home/wangws/wws_home/Fuzz_oggvideotools/origin/afl-2.52b/afl-gcc supports -c -o file.o
configure:8941: result: yes
configure:8974: checking whether the /home/wangws/wws_home/Fuzz_oggvideotools/origin/afl-2.52b/afl-gcc linker (/usr/bin/ld -m elf_x86_64) supports shared libraries
configure:9964: result: yes
configure:10001: checking whether -lc should be explicitly linked in
configure:10006: /home/wangws/wws_home/Fuzz_oggvideotools/origin/afl-2.52b/afl-gcc -c -g -O2  conftest.c >&5
configure:10009: $? = 0
configure:10024: /home/wangws/wws_home/Fuzz_oggvideotools/origin/afl-2.52b/afl-gcc -shared conftest.o  -v -Wl,-soname -Wl,conftest -o conftest 2\>\&1 \| /usr/bin/grep  -lc  \>/dev/null 2\>\&1
configure:10027: $? = 0
configure:10039: result: no
configure:10203: checking dynamic linker characteristics
configure:10636: /home/wangws/wws_home/Fuzz_oggvideotools/origin/afl-2.52b/afl-gcc -o conftest -g -O2   -Wl,-rpath -Wl,/foo conftest.c  >&5
configure:10636: $? = 0
configure:10866: result: GNU/Linux ld.so
configure:10968: checking how to hardcode library paths into programs
configure:10993: result: immediate
configure:11513: checking whether stripping libraries is possible
configure:11518: result: yes
configure:11553: checking if libtool supports shared libraries
configure:11555: result: yes
configure:11558: checking whether to build shared libraries
configure:11579: result: yes
configure:11582: checking whether to build static libraries
configure:11586: result: yes
configure:11624: checking whether NLS is requested
configure:11633: result: yes
configure:11674: checking for msgfmt
configure: trying /usr/bin/msgfmt...
0 translated messages.
configure:11706: result: /usr/bin/msgfmt
configure:11715: checking for gmsgfmt
configure:11746: result: /usr/bin/msgfmt
configure:11797: checking for xgettext
configure: trying /usr/bin/xgettext...
/usr/bin/xgettext: warning: file '/dev/null' extension '' is unknown; will try C
configure:11829: result: /usr/bin/xgettext
configure:11875: checking for msgmerge
configure: trying /usr/bin/msgmerge...
configure:11906: result: /usr/bin/msgmerge
configure:11924: checking whether we are using the GNU C Library 2 or newer
configure:11951: result: yes
configure:12000: checking for ranlib
configure:12027: result: ranlib
configure:12054: checking for simple visibility declarations
configure:12076: /home/wangws/wws_home/Fuzz_oggvideotools/origin/afl-2.52b/afl-gcc -c -g -O2 -fvisibility=hidden  conftest.c >&5
configure:12076: $? = 0
configure:12085: result: yes
configure:12100: checking for inline
configure:12116: /home/wangws/wws_home/Fuzz_oggvideotools/origin/afl-2.52b/afl-gcc -c -g -O2  conftest.c >&5
configure:12116: $? = 0
configure:12124: result: inline
configure:12142: checking for size_t
configure:12142: /home/wangws/wws_home/Fuzz_oggvideotools/origin/afl-2.52b/afl-gcc -c -g -O2  conftest.c >&5
configure:12142: $? = 0
configure:12142: /home/wangws/wws_home/Fuzz_oggvideotools/origin/afl-2.52b/afl-gcc -c -g -O2  conftest.c >&5
conftest.c: In function 'main':
conftest.c:65:21: error: expected expression before ')' token
 if (sizeof ((size_t)))
                     ^
configure:12142: $? = 1
configure: failed program was:
| /* confdefs.h */
| #define PACKAGE_NAME ""
| #define PACKAGE_TARNAME ""
| #define PACKAGE_VERSION ""
| #define PACKAGE_STRING ""
| #define PACKAGE_BUGREPORT ""
| #define PACKAGE_URL ""
| #define PACKAGE "vorbis-tools"
| #define VERSION "1.4.0"
| #define STDC_HEADERS 1
| #define HAVE_SYS_TYPES_H 1
| #define HAVE_SYS_STAT_H 1
| #define HAVE_STDLIB_H 1
| #define HAVE_STRING_H 1
| #define HAVE_MEMORY_H 1
| #define HAVE_STRINGS_H 1
| #define HAVE_INTTYPES_H 1
| #define HAVE_STDINT_H 1
| #define HAVE_UNISTD_H 1
| #define __EXTENSIONS__ 1
| #define _ALL_SOURCE 1
| #define _GNU_SOURCE 1
| #define _POSIX_PTHREAD_SEMANTICS 1
| #define _TANDEM_SOURCE 1
| #define HAVE_DLFCN_H 1
| #define LT_OBJDIR ".libs/"
| #define HAVE_VISIBILITY 1
| /* end confdefs.h.  */
| #include <stdio.h>
| #ifdef HAVE_SYS_TYPES_H
| # include <sys/types.h>
| #endif
| #ifdef HAVE_SYS_STAT_H
| # include <sys/stat.h>
| #endif
| #ifdef STDC_HEADERS
| # include <stdlib.h>
| # include <stddef.h>
| #else
| # ifdef HAVE_STDLIB_H
| #  include <stdlib.h>
| # endif
| #endif
| #ifdef HAVE_STRING_H
| # if !defined STDC_HEADERS && defined HAVE_MEMORY_H
| #  include <memory.h>
| # endif
| # include <string.h>
| #endif
| #ifdef HAVE_STRINGS_H
| # include <strings.h>
| #endif
| #ifdef HAVE_INTTYPES_H
| # include <inttypes.h>
| #endif
| #ifdef HAVE_STDINT_H
| # include <stdint.h>
| #endif
| #ifdef HAVE_UNISTD_H
| # include <unistd.h>
| #endif
| int
| main ()
| {
| if (sizeof ((size_t)))
| 	    return 0;
|   ;
|   return 0;
| }
configure:12142: result: yes
configure:12154: checking for stdint.h
configure:12171: /home/wangws/wws_home/Fuzz_oggvideotools/origin/afl-2.52b/afl-gcc -c -g -O2  conftest.c >&5
configure:12171: $? = 0
configure:12178: result: yes
configure:12190: checking for working alloca.h
configure:12207: /home/wangws/wws_home/Fuzz_oggvideotools/origin/afl-2.52b/afl-gcc -o conftest -g -O2   conftest.c  >&5
configure:12207: $? = 0
configure:12215: result: yes
configure:12223: checking for alloca
configure:12260: /home/wangws/wws_home/Fuzz_oggvideotools/origin/afl-2.52b/afl-gcc -o conftest -g -O2   conftest.c  >&5
configure:12260: $? = 0
configure:12268: result: yes
configure:12380: checking for stdlib.h
configure:12380: result: yes
configure:12380: checking for unistd.h
configure:12380: result: yes
configure:12380: checking for sys/param.h
configure:12380: /home/wangws/wws_home/Fuzz_oggvideotools/origin/afl-2.52b/afl-gcc -c -g -O2  conftest.c >&5
configure:12380: $? = 0
configure:12380: result: yes
configure:12400: checking for getpagesize
configure:12400: /home/wangws/wws_home/Fuzz_oggvideotools/origin/afl-2.52b/afl-gcc -o conftest -g -O2   conftest.c  >&5
configure:12400: $? = 0
configure:12400: result: yes
configure:12409: checking for working mmap
configure:12556: /home/wangws/wws_home/Fuzz_oggvideotools/origin/afl-2.52b/afl-gcc -o conftest -g -O2   conftest.c  >&5
configure:12556: $? = 0
configure:12556: ./conftest
configure:12556: $? = 0
configure:12566: result: yes
configure:12577: checking whether integer division by zero raises SIGFPE
configure:12643: /home/wangws/wws_home/Fuzz_oggvideotools/origin/afl-2.52b/afl-gcc -o conftest -g -O2   conftest.c  >&5
conftest.c:51:5: warning: built-in function 'nan' declared as non-function [-Wbuiltin-declaration-mismatch]
 int nan;
     ^~~
configure:12643: $? = 0
configure:12643: ./conftest
configure:12643: $? = 0
configure:12655: result: yes
configure:12668: checking for inttypes.h
configure:12685: /home/wangws/wws_home/Fuzz_oggvideotools/origin/afl-2.52b/afl-gcc -c -g -O2  conftest.c >&5
configure:12685: $? = 0
configure:12692: result: yes
configure:12703: checking for unsigned long long int
configure:12743: /home/wangws/wws_home/Fuzz_oggvideotools/origin/afl-2.52b/afl-gcc -o conftest -g -O2   conftest.c  >&5
configure:12743: $? = 0
configure:12751: result: yes
configure:12781: checking for inttypes.h
configure:12781: result: yes
configure:12792: checking whether the inttypes.h PRIxNN macros are broken
configure:12813: /home/wangws/wws_home/Fuzz_oggvideotools/origin/afl-2.52b/afl-gcc -c -g -O2  conftest.c >&5
configure:12813: $? = 0
configure:12821: result: no
configure:12916: checking for ld used by GCC
configure:12980: result: /usr/bin/ld -m elf_x86_64
configure:12987: checking if the linker (/usr/bin/ld -m elf_x86_64) is GNU ld
configure:13000: result: yes
configure:13007: checking for shared library run path origin
configure:13020: result: done
configure:13066: checking whether imported symbols can be declared weak
configure:13081: /home/wangws/wws_home/Fuzz_oggvideotools/origin/afl-2.52b/afl-gcc -o conftest -g -O2   conftest.c  >&5
configure:13081: $? = 0
configure:13086: result: yes
configure:13091: checking pthread.h usability
configure:13091: /home/wangws/wws_home/Fuzz_oggvideotools/origin/afl-2.52b/afl-gcc -c -g -O2  conftest.c >&5
configure:13091: $? = 0
configure:13091: result: yes
configure:13091: checking pthread.h presence
configure:13091: /home/wangws/wws_home/Fuzz_oggvideotools/origin/afl-2.52b/afl-gcc -E  conftest.c
configure:13091: $? = 0
configure:13091: result: yes
configure:13091: checking for pthread.h
configure:13091: result: yes
configure:13119: /home/wangws/wws_home/Fuzz_oggvideotools/origin/afl-2.52b/afl-gcc -o conftest -g -O2   conftest.c  >&5
/tmp/cc05mopR.o: In function `main':
/home/wangws/wws_home/Fuzz_oggvideotools/target_progs/target_vorbis-tools-1.4.0/vorbis-tools-1.4.0/conftest.c:47: undefined reference to `pthread_mutexattr_init'
collect2: error: ld returned 1 exit status
configure:13119: $? = 1
configure: failed program was:
| /* confdefs.h */
| #define PACKAGE_NAME ""
| #define PACKAGE_TARNAME ""
| #define PACKAGE_VERSION ""
| #define PACKAGE_STRING ""
| #define PACKAGE_BUGREPORT ""
| #define PACKAGE_URL ""
| #define PACKAGE "vorbis-tools"
| #define VERSION "1.4.0"
| #define STDC_HEADERS 1
| #define HAVE_SYS_TYPES_H 1
| #define HAVE_SYS_STAT_H 1
| #define HAVE_STDLIB_H 1
| #define HAVE_STRING_H 1
| #define HAVE_MEMORY_H 1
| #define HAVE_STRINGS_H 1
| #define HAVE_INTTYPES_H 1
| #define HAVE_STDINT_H 1
| #define HAVE_UNISTD_H 1
| #define __EXTENSIONS__ 1
| #define _ALL_SOURCE 1
| #define _GNU_SOURCE 1
| #define _POSIX_PTHREAD_SEMANTICS 1
| #define _TANDEM_SOURCE 1
| #define HAVE_DLFCN_H 1
| #define LT_OBJDIR ".libs/"
| #define HAVE_VISIBILITY 1
| #define HAVE_STDINT_H_WITH_UINTMAX 1
| #define HAVE_ALLOCA_H 1
| #define HAVE_ALLOCA 1
| #define HAVE_STDLIB_H 1
| #define HAVE_UNISTD_H 1
| #define HAVE_SYS_PARAM_H 1
| #define HAVE_GETPAGESIZE 1
| #define HAVE_MMAP 1
| #define INTDIV0_RAISES_SIGFPE 1
| #define HAVE_INTTYPES_H_WITH_UINTMAX 1
| #define HAVE_UNSIGNED_LONG_LONG_INT 1
| #define HAVE_UINTMAX_T 1
| #define HAVE_INTTYPES_H 1
| /* end confdefs.h.  */
| #include <pthread.h>
| int
| main ()
| {
| pthread_mutex_lock((pthread_mutex_t*)0);
|            pthread_mutexattr_init((pthread_mutexattr_t*)0);
|   ;
|   return 0;
| }
configure:13182: checking for pthread_kill in -lpthread
configure:13207: /home/wangws/wws_home/Fuzz_oggvideotools/origin/afl-2.52b/afl-gcc -o conftest -g -O2   conftest.c -lpthread   >&5
configure:13207: $? = 0
configure:13216: result: yes
configure:13286: checking for pthread_rwlock_t
configure:13286: /home/wangws/wws_home/Fuzz_oggvideotools/origin/afl-2.52b/afl-gcc -c -g -O2  conftest.c >&5
configure:13286: $? = 0
configure:13286: /home/wangws/wws_home/Fuzz_oggvideotools/origin/afl-2.52b/afl-gcc -c -g -O2  conftest.c >&5
conftest.c: In function 'main':
conftest.c:49:31: error: expected expression before ')' token
 if (sizeof ((pthread_rwlock_t)))
                               ^
configure:13286: $? = 1
configure: failed program was:
| /* confdefs.h */
| #define PACKAGE_NAME ""
| #define PACKAGE_TARNAME ""
| #define PACKAGE_VERSION ""
| #define PACKAGE_STRING ""
| #define PACKAGE_BUGREPORT ""
| #define PACKAGE_URL ""
| #define PACKAGE "vorbis-tools"
| #define VERSION "1.4.0"
| #define STDC_HEADERS 1
| #define HAVE_SYS_TYPES_H 1
| #define HAVE_SYS_STAT_H 1
| #define HAVE_STDLIB_H 1
| #define HAVE_STRING_H 1
| #define HAVE_MEMORY_H 1
| #define HAVE_STRINGS_H 1
| #define HAVE_INTTYPES_H 1
| #define HAVE_STDINT_H 1
| #define HAVE_UNISTD_H 1
| #define __EXTENSIONS__ 1
| #define _ALL_SOURCE 1
| #define _GNU_SOURCE 1
| #define _POSIX_PTHREAD_SEMANTICS 1
| #define _TANDEM_SOURCE 1
| #define HAVE_DLFCN_H 1
| #define LT_OBJDIR ".libs/"
| #define HAVE_VISIBILITY 1
| #define HAVE_STDINT_H_WITH_UINTMAX 1
| #define HAVE_ALLOCA_H 1
| #define HAVE_ALLOCA 1
| #define HAVE_STDLIB_H 1
| #define HAVE_UNISTD_H 1
| #define HAVE_SYS_PARAM_H 1
| #define HAVE_GETPAGESIZE 1
| #define HAVE_MMAP 1
| #define INTDIV0_RAISES_SIGFPE 1
| #define HAVE_INTTYPES_H_WITH_UINTMAX 1
| #define HAVE_UNSIGNED_LONG_LONG_INT 1
| #define HAVE_UINTMAX_T 1
| #define HAVE_INTTYPES_H 1
| #define USE_POSIX_THREADS 1
| #define USE_POSIX_THREADS_WEAK 1
| /* end confdefs.h.  */
| #include <pthread.h>
| 
| int
| main ()
| {
| if (sizeof ((pthread_rwlock_t)))
| 	    return 0;
|   ;
|   return 0;
| }
configure:13286: result: yes
configure:13311: /home/wangws/wws_home/Fuzz_oggvideotools/origin/afl-2.52b/afl-gcc -c -g -O2  conftest.c >&5
configure:13311: $? = 0
configure:13909: checking for multithread API to use
configure:13911: result: posix
configure:13939: /home/wangws/wws_home/Fuzz_oggvideotools/origin/afl-2.52b/afl-gcc -o conftest -g -O2   conftest.c  >&5
configure:13939: $? = 0
configure:13950: checking argz.h usability
configure:13950: /home/wangws/wws_home/Fuzz_oggvideotools/origin/afl-2.52b/afl-gcc -c -g -O2  conftest.c >&5
configure:13950: $? = 0
configure:13950: result: yes
configure:13950: checking argz.h presence
configure:13950: /home/wangws/wws_home/Fuzz_oggvideotools/origin/afl-2.52b/afl-gcc -E  conftest.c
configure:13950: $? = 0
configure:13950: result: yes
configure:13950: checking for argz.h
configure:13950: result: yes
configure:13950: checking for inttypes.h
configure:13950: result: yes
configure:13950: checking limits.h usability
configure:13950: /home/wangws/wws_home/Fuzz_oggvideotools/origin/afl-2.52b/afl-gcc -c -g -O2  conftest.c >&5
configure:13950: $? = 0
configure:13950: result: yes
configure:13950: checking limits.h presence
configure:13950: /home/wangws/wws_home/Fuzz_oggvideotools/origin/afl-2.52b/afl-gcc -E  conftest.c
configure:13950: $? = 0
configure:13950: result: yes
configure:13950: checking for limits.h
configure:13950: result: yes
configure:13950: checking for unistd.h
configure:13950: result: yes
configure:13950: checking for sys/param.h
configure:13950: result: yes
configure:13965: checking for getcwd
configure:13965: /home/wangws/wws_home/Fuzz_oggvideotools/origin/afl-2.52b/afl-gcc -o conftest -g -O2   conftest.c  >&5
configure:13965: $? = 0
configure:13965: result: yes
configure:13965: checking for getegid
configure:13965: /home/wangws/wws_home/Fuzz_oggvideotools/origin/afl-2.52b/afl-gcc -o conftest -g -O2   conftest.c  >&5
configure:13965: $? = 0
configure:13965: result: yes
configure:13965: checking for geteuid
configure:13965: /home/wangws/wws_home/Fuzz_oggvideotools/origin/afl-2.52b/afl-gcc -o conftest -g -O2   conftest.c  >&5
configure:13965: $? = 0
configure:13965: result: yes
configure:13965: checking for getgid
configure:13965: /home/wangws/wws_home/Fuzz_oggvideotools/origin/afl-2.52b/afl-gcc -o conftest -g -O2   conftest.c  >&5
configure:13965: $? = 0
configure:13965: result: yes
configure:13965: checking for getuid
configure:13965: /home/wangws/wws_home/Fuzz_oggvideotools/origin/afl-2.52b/afl-gcc -o conftest -g -O2   conftest.c  >&5
configure:13965: $? = 0
configure:13965: result: yes
configure:13965: checking for mempcpy
configure:13965: /home/wangws/wws_home/Fuzz_oggvideotools/origin/afl-2.52b/afl-gcc -o conftest -g -O2   conftest.c  >&5
conftest.c:80:6: warning: conflicting types for built-in function 'mempcpy' [-Wbuiltin-declaration-mismatch]
 char mempcpy ();
      ^~~~~~~
configure:13965: $? = 0
configure:13965: result: yes
configure:13965: checking for munmap
configure:13965: /home/wangws/wws_home/Fuzz_oggvideotools/origin/afl-2.52b/afl-gcc -o conftest -g -O2   conftest.c  >&5
configure:13965: $? = 0
configure:13965: result: yes
configure:13965: checking for stpcpy
configure:13965: /home/wangws/wws_home/Fuzz_oggvideotools/origin/afl-2.52b/afl-gcc -o conftest -g -O2   conftest.c  >&5
conftest.c:82:6: warning: conflicting types for built-in function 'stpcpy' [-Wbuiltin-declaration-mismatch]
 char stpcpy ();
      ^~~~~~
configure:13965: $? = 0
configure:13965: result: yes
configure:13965: checking for strcasecmp
configure:13965: /home/wangws/wws_home/Fuzz_oggvideotools/origin/afl-2.52b/afl-gcc -o conftest -g -O2   conftest.c  >&5
conftest.c:83:6: warning: conflicting types for built-in function 'strcasecmp' [-Wbuiltin-declaration-mismatch]
 char strcasecmp ();
      ^~~~~~~~~~
configure:13965: $? = 0
configure:13965: result: yes
configure:13965: checking for strdup
configure:13965: /home/wangws/wws_home/Fuzz_oggvideotools/origin/afl-2.52b/afl-gcc -o conftest -g -O2   conftest.c  >&5
conftest.c:84:6: warning: conflicting types for built-in function 'strdup' [-Wbuiltin-declaration-mismatch]
 char strdup ();
      ^~~~~~
configure:13965: $? = 0
configure:13965: result: yes
configure:13965: checking for strtoul
configure:13965: /home/wangws/wws_home/Fuzz_oggvideotools/origin/afl-2.52b/afl-gcc -o conftest -g -O2   conftest.c  >&5
configure:13965: $? = 0
configure:13965: result: yes
configure:13965: checking for tsearch
configure:13965: /home/wangws/wws_home/Fuzz_oggvideotools/origin/afl-2.52b/afl-gcc -o conftest -g -O2   conftest.c  >&5
configure:13965: $? = 0
configure:13965: result: yes
configure:13965: checking for argz_count
configure:13965: /home/wangws/wws_home/Fuzz_oggvideotools/origin/afl-2.52b/afl-gcc -o conftest -g -O2   conftest.c  >&5
configure:13965: $? = 0
configure:13965: result: yes
configure:13965: checking for argz_stringify
configure:13965: /home/wangws/wws_home/Fuzz_oggvideotools/origin/afl-2.52b/afl-gcc -o conftest -g -O2   conftest.c  >&5
configure:13965: $? = 0
configure:13965: result: yes
configure:13965: checking for argz_next
configure:13965: /home/wangws/wws_home/Fuzz_oggvideotools/origin/afl-2.52b/afl-gcc -o conftest -g -O2   conftest.c  >&5
configure:13965: $? = 0
configure:13965: result: yes
configure:13965: checking for __fsetlocking
configure:13965: /home/wangws/wws_home/Fuzz_oggvideotools/origin/afl-2.52b/afl-gcc -o conftest -g -O2   conftest.c  >&5
configure:13965: $? = 0
configure:13965: result: yes
configure:13976: checking whether feof_unlocked is declared
configure:13996: /home/wangws/wws_home/Fuzz_oggvideotools/origin/afl-2.52b/afl-gcc -c -g -O2  conftest.c >&5
configure:13996: $? = 0
configure:14003: result: yes
configure:14017: checking whether fgets_unlocked is declared
configure:14037: /home/wangws/wws_home/Fuzz_oggvideotools/origin/afl-2.52b/afl-gcc -c -g -O2  conftest.c >&5
configure:14037: $? = 0
configure:14044: result: yes
configure:14072: checking for iconv
configure:14094: /home/wangws/wws_home/Fuzz_oggvideotools/origin/afl-2.52b/afl-gcc -o conftest -g -O2   conftest.c  >&5
configure:14094: $? = 0
configure:14126: result: yes
configure:14132: checking for iconv declaration
configure:14161: /home/wangws/wws_home/Fuzz_oggvideotools/origin/afl-2.52b/afl-gcc -c -g -O2  conftest.c >&5
configure:14161: $? = 0
configure:14172: result: 
         extern size_t iconv (iconv_t cd, char * *inbuf, size_t *inbytesleft, char * *outbuf, size_t *outbytesleft);
configure:14188: checking for NL_LOCALE_NAME macro
configure:14207: /home/wangws/wws_home/Fuzz_oggvideotools/origin/afl-2.52b/afl-gcc -o conftest -g -O2   conftest.c  >&5
configure:14207: $? = 0
configure:14216: result: yes
configure:14228: checking for bison
configure:14258: result: no
configure:14286: checking for long long int
configure:14326: /home/wangws/wws_home/Fuzz_oggvideotools/origin/afl-2.52b/afl-gcc -o conftest -g -O2   conftest.c  >&5
configure:14326: $? = 0
configure:14356: /home/wangws/wws_home/Fuzz_oggvideotools/origin/afl-2.52b/afl-gcc -o conftest -g -O2   conftest.c  >&5
configure:14356: $? = 0
configure:14356: ./conftest
configure:14356: $? = 0
configure:14371: result: yes
configure:14380: checking for wchar_t
configure:14397: /home/wangws/wws_home/Fuzz_oggvideotools/origin/afl-2.52b/afl-gcc -c -g -O2  conftest.c >&5
configure:14397: $? = 0
configure:14404: result: yes
configure:14413: checking for wint_t
configure:14438: /home/wangws/wws_home/Fuzz_oggvideotools/origin/afl-2.52b/afl-gcc -c -g -O2  conftest.c >&5
configure:14438: $? = 0
configure:14445: result: yes
configure:14456: checking for intmax_t
configure:14482: /home/wangws/wws_home/Fuzz_oggvideotools/origin/afl-2.52b/afl-gcc -c -g -O2  conftest.c >&5
configure:14482: $? = 0
configure:14489: result: yes
configure:14499: checking whether printf() supports POSIX/XSI format strings
configure:14540: /home/wangws/wws_home/Fuzz_oggvideotools/origin/afl-2.52b/afl-gcc -o conftest -g -O2   conftest.c  >&5
configure:14540: $? = 0
configure:14540: ./conftest
configure:14540: $? = 0
configure:14551: result: yes
configure:14562: checking whether we are using the GNU C Library 2.1 or newer
configure:14589: result: yes
configure:14598: checking for stdint.h
configure:14598: result: yes
configure:14608: checking for SIZE_MAX
configure:14680: result: yes
configure:14695: checking for stdint.h
configure:14695: result: yes
configure:14707: checking for CFPreferencesCopyAppValue
configure:14725: /home/wangws/wws_home/Fuzz_oggvideotools/origin/afl-2.52b/afl-gcc -o conftest -g -O2   conftest.c  -Wl,-framework -Wl,CoreFoundation >&5
conftest.c:80:10: fatal error: CoreFoundation/CFPreferences.h: No such file or directory
 #include <CoreFoundation/CFPreferences.h>
          ^~~~~~~~~~~~~~~~~~~~~~~~~~~~~~~~
compilation terminated.
configure:14725: $? = 1
configure: failed program was:
| /* confdefs.h */
| #define PACKAGE_NAME ""
| #define PACKAGE_TARNAME ""
| #define PACKAGE_VERSION ""
| #define PACKAGE_STRING ""
| #define PACKAGE_BUGREPORT ""
| #define PACKAGE_URL ""
| #define PACKAGE "vorbis-tools"
| #define VERSION "1.4.0"
| #define STDC_HEADERS 1
| #define HAVE_SYS_TYPES_H 1
| #define HAVE_SYS_STAT_H 1
| #define HAVE_STDLIB_H 1
| #define HAVE_STRING_H 1
| #define HAVE_MEMORY_H 1
| #define HAVE_STRINGS_H 1
| #define HAVE_INTTYPES_H 1
| #define HAVE_STDINT_H 1
| #define HAVE_UNISTD_H 1
| #define __EXTENSIONS__ 1
| #define _ALL_SOURCE 1
| #define _GNU_SOURCE 1
| #define _POSIX_PTHREAD_SEMANTICS 1
| #define _TANDEM_SOURCE 1
| #define HAVE_DLFCN_H 1
| #define LT_OBJDIR ".libs/"
| #define HAVE_VISIBILITY 1
| #define HAVE_STDINT_H_WITH_UINTMAX 1
| #define HAVE_ALLOCA_H 1
| #define HAVE_ALLOCA 1
| #define HAVE_STDLIB_H 1
| #define HAVE_UNISTD_H 1
| #define HAVE_SYS_PARAM_H 1
| #define HAVE_GETPAGESIZE 1
| #define HAVE_MMAP 1
| #define INTDIV0_RAISES_SIGFPE 1
| #define HAVE_INTTYPES_H_WITH_UINTMAX 1
| #define HAVE_UNSIGNED_LONG_LONG_INT 1
| #define HAVE_UINTMAX_T 1
| #define HAVE_INTTYPES_H 1
| #define USE_POSIX_THREADS 1
| #define USE_POSIX_THREADS_WEAK 1
| #define HAVE_PTHREAD_RWLOCK 1
| #define HAVE_PTHREAD_MUTEX_RECURSIVE 1
| #define HAVE_BUILTIN_EXPECT 1
| #define HAVE_ARGZ_H 1
| #define HAVE_INTTYPES_H 1
| #define HAVE_LIMITS_H 1
| #define HAVE_UNISTD_H 1
| #define HAVE_SYS_PARAM_H 1
| #define HAVE_GETCWD 1
| #define HAVE_GETEGID 1
| #define HAVE_GETEUID 1
| #define HAVE_GETGID 1
| #define HAVE_GETUID 1
| #define HAVE_MEMPCPY 1
| #define HAVE_MUNMAP 1
| #define HAVE_STPCPY 1
| #define HAVE_STRCASECMP 1
| #define HAVE_STRDUP 1
| #define HAVE_STRTOUL 1
| #define HAVE_TSEARCH 1
| #define HAVE_ARGZ_COUNT 1
| #define HAVE_ARGZ_STRINGIFY 1
| #define HAVE_ARGZ_NEXT 1
| #define HAVE___FSETLOCKING 1
| #define HAVE_DECL_FEOF_UNLOCKED 1
| #define HAVE_DECL_FGETS_UNLOCKED 1
| #define HAVE_ICONV 1
| #define ICONV_CONST 
| #define HAVE_NL_LOCALE_NAME 1
| #define HAVE_LONG_LONG_INT 1
| #define HAVE_WCHAR_T 1
| #define HAVE_WINT_T 1
| #define HAVE_INTMAX_T 1
| #define HAVE_POSIX_PRINTF 1
| #define HAVE_STDINT_H 1
| #define HAVE_STDINT_H 1
| /* end confdefs.h.  */
| #include <CoreFoundation/CFPreferences.h>
| int
| main ()
| {
| CFPreferencesCopyAppValue(NULL, NULL)
|   ;
|   return 0;
| }
configure:14734: result: no
configure:14741: checking for CFLocaleCopyCurrent
configure:14759: /home/wangws/wws_home/Fuzz_oggvideotools/origin/afl-2.52b/afl-gcc -o conftest -g -O2   conftest.c  -Wl,-framework -Wl,CoreFoundation >&5
conftest.c:80:10: fatal error: CoreFoundation/CFLocale.h: No such file or directory
 #include <CoreFoundation/CFLocale.h>
          ^~~~~~~~~~~~~~~~~~~~~~~~~~~
compilation terminated.
configure:14759: $? = 1
configure: failed program was:
| /* confdefs.h */
| #define PACKAGE_NAME ""
| #define PACKAGE_TARNAME ""
| #define PACKAGE_VERSION ""
| #define PACKAGE_STRING ""
| #define PACKAGE_BUGREPORT ""
| #define PACKAGE_URL ""
| #define PACKAGE "vorbis-tools"
| #define VERSION "1.4.0"
| #define STDC_HEADERS 1
| #define HAVE_SYS_TYPES_H 1
| #define HAVE_SYS_STAT_H 1
| #define HAVE_STDLIB_H 1
| #define HAVE_STRING_H 1
| #define HAVE_MEMORY_H 1
| #define HAVE_STRINGS_H 1
| #define HAVE_INTTYPES_H 1
| #define HAVE_STDINT_H 1
| #define HAVE_UNISTD_H 1
| #define __EXTENSIONS__ 1
| #define _ALL_SOURCE 1
| #define _GNU_SOURCE 1
| #define _POSIX_PTHREAD_SEMANTICS 1
| #define _TANDEM_SOURCE 1
| #define HAVE_DLFCN_H 1
| #define LT_OBJDIR ".libs/"
| #define HAVE_VISIBILITY 1
| #define HAVE_STDINT_H_WITH_UINTMAX 1
| #define HAVE_ALLOCA_H 1
| #define HAVE_ALLOCA 1
| #define HAVE_STDLIB_H 1
| #define HAVE_UNISTD_H 1
| #define HAVE_SYS_PARAM_H 1
| #define HAVE_GETPAGESIZE 1
| #define HAVE_MMAP 1
| #define INTDIV0_RAISES_SIGFPE 1
| #define HAVE_INTTYPES_H_WITH_UINTMAX 1
| #define HAVE_UNSIGNED_LONG_LONG_INT 1
| #define HAVE_UINTMAX_T 1
| #define HAVE_INTTYPES_H 1
| #define USE_POSIX_THREADS 1
| #define USE_POSIX_THREADS_WEAK 1
| #define HAVE_PTHREAD_RWLOCK 1
| #define HAVE_PTHREAD_MUTEX_RECURSIVE 1
| #define HAVE_BUILTIN_EXPECT 1
| #define HAVE_ARGZ_H 1
| #define HAVE_INTTYPES_H 1
| #define HAVE_LIMITS_H 1
| #define HAVE_UNISTD_H 1
| #define HAVE_SYS_PARAM_H 1
| #define HAVE_GETCWD 1
| #define HAVE_GETEGID 1
| #define HAVE_GETEUID 1
| #define HAVE_GETGID 1
| #define HAVE_GETUID 1
| #define HAVE_MEMPCPY 1
| #define HAVE_MUNMAP 1
| #define HAVE_STPCPY 1
| #define HAVE_STRCASECMP 1
| #define HAVE_STRDUP 1
| #define HAVE_STRTOUL 1
| #define HAVE_TSEARCH 1
| #define HAVE_ARGZ_COUNT 1
| #define HAVE_ARGZ_STRINGIFY 1
| #define HAVE_ARGZ_NEXT 1
| #define HAVE___FSETLOCKING 1
| #define HAVE_DECL_FEOF_UNLOCKED 1
| #define HAVE_DECL_FGETS_UNLOCKED 1
| #define HAVE_ICONV 1
| #define ICONV_CONST 
| #define HAVE_NL_LOCALE_NAME 1
| #define HAVE_LONG_LONG_INT 1
| #define HAVE_WCHAR_T 1
| #define HAVE_WINT_T 1
| #define HAVE_INTMAX_T 1
| #define HAVE_POSIX_PRINTF 1
| #define HAVE_STDINT_H 1
| #define HAVE_STDINT_H 1
| /* end confdefs.h.  */
| #include <CoreFoundation/CFLocale.h>
| int
| main ()
| {
| CFLocaleCopyCurrent();
|   ;
|   return 0;
| }
configure:14768: result: no
configure:14786: checking for ptrdiff_t
configure:14786: /home/wangws/wws_home/Fuzz_oggvideotools/origin/afl-2.52b/afl-gcc -c -g -O2  conftest.c >&5
configure:14786: $? = 0
configure:14786: /home/wangws/wws_home/Fuzz_oggvideotools/origin/afl-2.52b/afl-gcc -c -g -O2  conftest.c >&5
conftest.c: In function 'main':
conftest.c:116:24: error: expected expression before ')' token
 if (sizeof ((ptrdiff_t)))
                        ^
configure:14786: $? = 1
configure: failed program was:
| /* confdefs.h */
| #define PACKAGE_NAME ""
| #define PACKAGE_TARNAME ""
| #define PACKAGE_VERSION ""
| #define PACKAGE_STRING ""
| #define PACKAGE_BUGREPORT ""
| #define PACKAGE_URL ""
| #define PACKAGE "vorbis-tools"
| #define VERSION "1.4.0"
| #define STDC_HEADERS 1
| #define HAVE_SYS_TYPES_H 1
| #define HAVE_SYS_STAT_H 1
| #define HAVE_STDLIB_H 1
| #define HAVE_STRING_H 1
| #define HAVE_MEMORY_H 1
| #define HAVE_STRINGS_H 1
| #define HAVE_INTTYPES_H 1
| #define HAVE_STDINT_H 1
| #define HAVE_UNISTD_H 1
| #define __EXTENSIONS__ 1
| #define _ALL_SOURCE 1
| #define _GNU_SOURCE 1
| #define _POSIX_PTHREAD_SEMANTICS 1
| #define _TANDEM_SOURCE 1
| #define HAVE_DLFCN_H 1
| #define LT_OBJDIR ".libs/"
| #define HAVE_VISIBILITY 1
| #define HAVE_STDINT_H_WITH_UINTMAX 1
| #define HAVE_ALLOCA_H 1
| #define HAVE_ALLOCA 1
| #define HAVE_STDLIB_H 1
| #define HAVE_UNISTD_H 1
| #define HAVE_SYS_PARAM_H 1
| #define HAVE_GETPAGESIZE 1
| #define HAVE_MMAP 1
| #define INTDIV0_RAISES_SIGFPE 1
| #define HAVE_INTTYPES_H_WITH_UINTMAX 1
| #define HAVE_UNSIGNED_LONG_LONG_INT 1
| #define HAVE_UINTMAX_T 1
| #define HAVE_INTTYPES_H 1
| #define USE_POSIX_THREADS 1
| #define USE_POSIX_THREADS_WEAK 1
| #define HAVE_PTHREAD_RWLOCK 1
| #define HAVE_PTHREAD_MUTEX_RECURSIVE 1
| #define HAVE_BUILTIN_EXPECT 1
| #define HAVE_ARGZ_H 1
| #define HAVE_INTTYPES_H 1
| #define HAVE_LIMITS_H 1
| #define HAVE_UNISTD_H 1
| #define HAVE_SYS_PARAM_H 1
| #define HAVE_GETCWD 1
| #define HAVE_GETEGID 1
| #define HAVE_GETEUID 1
| #define HAVE_GETGID 1
| #define HAVE_GETUID 1
| #define HAVE_MEMPCPY 1
| #define HAVE_MUNMAP 1
| #define HAVE_STPCPY 1
| #define HAVE_STRCASECMP 1
| #define HAVE_STRDUP 1
| #define HAVE_STRTOUL 1
| #define HAVE_TSEARCH 1
| #define HAVE_ARGZ_COUNT 1
| #define HAVE_ARGZ_STRINGIFY 1
| #define HAVE_ARGZ_NEXT 1
| #define HAVE___FSETLOCKING 1
| #define HAVE_DECL_FEOF_UNLOCKED 1
| #define HAVE_DECL_FGETS_UNLOCKED 1
| #define HAVE_ICONV 1
| #define ICONV_CONST 
| #define HAVE_NL_LOCALE_NAME 1
| #define HAVE_LONG_LONG_INT 1
| #define HAVE_WCHAR_T 1
| #define HAVE_WINT_T 1
| #define HAVE_INTMAX_T 1
| #define HAVE_POSIX_PRINTF 1
| #define HAVE_STDINT_H 1
| #define HAVE_STDINT_H 1
| /* end confdefs.h.  */
| #include <stdio.h>
| #ifdef HAVE_SYS_TYPES_H
| # include <sys/types.h>
| #endif
| #ifdef HAVE_SYS_STAT_H
| # include <sys/stat.h>
| #endif
| #ifdef STDC_HEADERS
| # include <stdlib.h>
| # include <stddef.h>
| #else
| # ifdef HAVE_STDLIB_H
| #  include <stdlib.h>
| # endif
| #endif
| #ifdef HAVE_STRING_H
| # if !defined STDC_HEADERS && defined HAVE_MEMORY_H
| #  include <memory.h>
| # endif
| # include <string.h>
| #endif
| #ifdef HAVE_STRINGS_H
| # include <strings.h>
| #endif
| #ifdef HAVE_INTTYPES_H
| # include <inttypes.h>
| #endif
| #ifdef HAVE_STDINT_H
| # include <stdint.h>
| #endif
| #ifdef HAVE_UNISTD_H
| # include <unistd.h>
| #endif
| int
| main ()
| {
| if (sizeof ((ptrdiff_t)))
| 	    return 0;
|   ;
|   return 0;
| }
configure:14786: result: yes
configure:14799: checking stddef.h usability
configure:14799: /home/wangws/wws_home/Fuzz_oggvideotools/origin/afl-2.52b/afl-gcc -c -g -O2  conftest.c >&5
configure:14799: $? = 0
configure:14799: result: yes
configure:14799: checking stddef.h presence
configure:14799: /home/wangws/wws_home/Fuzz_oggvideotools/origin/afl-2.52b/afl-gcc -E  conftest.c
configure:14799: $? = 0
configure:14799: result: yes
configure:14799: checking for stddef.h
configure:14799: result: yes
configure:14799: checking for stdlib.h
configure:14799: result: yes
configure:14799: checking for string.h
configure:14799: result: yes
configure:14812: checking for asprintf
configure:14812: /home/wangws/wws_home/Fuzz_oggvideotools/origin/afl-2.52b/afl-gcc -o conftest -g -O2   conftest.c  >&5
configure:14812: $? = 0
configure:14812: result: yes
configure:14812: checking for fwprintf
configure:14812: /home/wangws/wws_home/Fuzz_oggvideotools/origin/afl-2.52b/afl-gcc -o conftest -g -O2   conftest.c  >&5
configure:14812: $? = 0
configure:14812: result: yes
configure:14812: checking for putenv
configure:14812: /home/wangws/wws_home/Fuzz_oggvideotools/origin/afl-2.52b/afl-gcc -o conftest -g -O2   conftest.c  >&5
configure:14812: $? = 0
configure:14812: result: yes
configure:14812: checking for setenv
configure:14812: /home/wangws/wws_home/Fuzz_oggvideotools/origin/afl-2.52b/afl-gcc -o conftest -g -O2   conftest.c  >&5
configure:14812: $? = 0
configure:14812: result: yes
configure:14812: checking for setlocale
configure:14812: /home/wangws/wws_home/Fuzz_oggvideotools/origin/afl-2.52b/afl-gcc -o conftest -g -O2   conftest.c  >&5
configure:14812: $? = 0
configure:14812: result: yes
configure:14812: checking for snprintf
configure:14812: /home/wangws/wws_home/Fuzz_oggvideotools/origin/afl-2.52b/afl-gcc -o conftest -g -O2   conftest.c  >&5
conftest.c:111:6: warning: conflicting types for built-in function 'snprintf' [-Wbuiltin-declaration-mismatch]
 char snprintf ();
      ^~~~~~~~
configure:14812: $? = 0
configure:14812: result: yes
configure:14812: checking for wcslen
configure:14812: /home/wangws/wws_home/Fuzz_oggvideotools/origin/afl-2.52b/afl-gcc -o conftest -g -O2   conftest.c  >&5
configure:14812: $? = 0
configure:14812: result: yes
configure:14823: checking whether _snprintf is declared
configure:14843: /home/wangws/wws_home/Fuzz_oggvideotools/origin/afl-2.52b/afl-gcc -c -g -O2  conftest.c >&5
conftest.c: In function 'main':
conftest.c:96:22: error: '_snprintf' undeclared (first use in this function); did you mean 'vsnprintf'?
   char *p = (char *) _snprintf;
                      ^~~~~~~~~
                      vsnprintf
conftest.c:96:22: note: each undeclared identifier is reported only once for each function it appears in
configure:14843: $? = 1
configure: failed program was:
| /* confdefs.h */
| #define PACKAGE_NAME ""
| #define PACKAGE_TARNAME ""
| #define PACKAGE_VERSION ""
| #define PACKAGE_STRING ""
| #define PACKAGE_BUGREPORT ""
| #define PACKAGE_URL ""
| #define PACKAGE "vorbis-tools"
| #define VERSION "1.4.0"
| #define STDC_HEADERS 1
| #define HAVE_SYS_TYPES_H 1
| #define HAVE_SYS_STAT_H 1
| #define HAVE_STDLIB_H 1
| #define HAVE_STRING_H 1
| #define HAVE_MEMORY_H 1
| #define HAVE_STRINGS_H 1
| #define HAVE_INTTYPES_H 1
| #define HAVE_STDINT_H 1
| #define HAVE_UNISTD_H 1
| #define __EXTENSIONS__ 1
| #define _ALL_SOURCE 1
| #define _GNU_SOURCE 1
| #define _POSIX_PTHREAD_SEMANTICS 1
| #define _TANDEM_SOURCE 1
| #define HAVE_DLFCN_H 1
| #define LT_OBJDIR ".libs/"
| #define HAVE_VISIBILITY 1
| #define HAVE_STDINT_H_WITH_UINTMAX 1
| #define HAVE_ALLOCA_H 1
| #define HAVE_ALLOCA 1
| #define HAVE_STDLIB_H 1
| #define HAVE_UNISTD_H 1
| #define HAVE_SYS_PARAM_H 1
| #define HAVE_GETPAGESIZE 1
| #define HAVE_MMAP 1
| #define INTDIV0_RAISES_SIGFPE 1
| #define HAVE_INTTYPES_H_WITH_UINTMAX 1
| #define HAVE_UNSIGNED_LONG_LONG_INT 1
| #define HAVE_UINTMAX_T 1
| #define HAVE_INTTYPES_H 1
| #define USE_POSIX_THREADS 1
| #define USE_POSIX_THREADS_WEAK 1
| #define HAVE_PTHREAD_RWLOCK 1
| #define HAVE_PTHREAD_MUTEX_RECURSIVE 1
| #define HAVE_BUILTIN_EXPECT 1
| #define HAVE_ARGZ_H 1
| #define HAVE_INTTYPES_H 1
| #define HAVE_LIMITS_H 1
| #define HAVE_UNISTD_H 1
| #define HAVE_SYS_PARAM_H 1
| #define HAVE_GETCWD 1
| #define HAVE_GETEGID 1
| #define HAVE_GETEUID 1
| #define HAVE_GETGID 1
| #define HAVE_GETUID 1
| #define HAVE_MEMPCPY 1
| #define HAVE_MUNMAP 1
| #define HAVE_STPCPY 1
| #define HAVE_STRCASECMP 1
| #define HAVE_STRDUP 1
| #define HAVE_STRTOUL 1
| #define HAVE_TSEARCH 1
| #define HAVE_ARGZ_COUNT 1
| #define HAVE_ARGZ_STRINGIFY 1
| #define HAVE_ARGZ_NEXT 1
| #define HAVE___FSETLOCKING 1
| #define HAVE_DECL_FEOF_UNLOCKED 1
| #define HAVE_DECL_FGETS_UNLOCKED 1
| #define HAVE_ICONV 1
| #define ICONV_CONST 
| #define HAVE_NL_LOCALE_NAME 1
| #define HAVE_LONG_LONG_INT 1
| #define HAVE_WCHAR_T 1
| #define HAVE_WINT_T 1
| #define HAVE_INTMAX_T 1
| #define HAVE_POSIX_PRINTF 1
| #define HAVE_STDINT_H 1
| #define HAVE_STDINT_H 1
| #define HAVE_STDDEF_H 1
| #define HAVE_STDLIB_H 1
| #define HAVE_STRING_H 1
| #define HAVE_ASPRINTF 1
| #define HAVE_FWPRINTF 1
| #define HAVE_PUTENV 1
| #define HAVE_SETENV 1
| #define HAVE_SETLOCALE 1
| #define HAVE_SNPRINTF 1
| #define HAVE_WCSLEN 1
| /* end confdefs.h.  */
| #include <stdio.h>
| int
| main ()
| {
| 
| #ifndef _snprintf
|   char *p = (char *) _snprintf;
| #endif
| 
|   ;
|   return 0;
| }
configure:14850: result: no
configure:14864: checking whether _snwprintf is declared
configure:14884: /home/wangws/wws_home/Fuzz_oggvideotools/origin/afl-2.52b/afl-gcc -c -g -O2  conftest.c >&5
conftest.c: In function 'main':
conftest.c:97:22: error: '_snwprintf' undeclared (first use in this function); did you mean 'vsnprintf'?
   char *p = (char *) _snwprintf;
                      ^~~~~~~~~~
                      vsnprintf
conftest.c:97:22: note: each undeclared identifier is reported only once for each function it appears in
configure:14884: $? = 1
configure: failed program was:
| /* confdefs.h */
| #define PACKAGE_NAME ""
| #define PACKAGE_TARNAME ""
| #define PACKAGE_VERSION ""
| #define PACKAGE_STRING ""
| #define PACKAGE_BUGREPORT ""
| #define PACKAGE_URL ""
| #define PACKAGE "vorbis-tools"
| #define VERSION "1.4.0"
| #define STDC_HEADERS 1
| #define HAVE_SYS_TYPES_H 1
| #define HAVE_SYS_STAT_H 1
| #define HAVE_STDLIB_H 1
| #define HAVE_STRING_H 1
| #define HAVE_MEMORY_H 1
| #define HAVE_STRINGS_H 1
| #define HAVE_INTTYPES_H 1
| #define HAVE_STDINT_H 1
| #define HAVE_UNISTD_H 1
| #define __EXTENSIONS__ 1
| #define _ALL_SOURCE 1
| #define _GNU_SOURCE 1
| #define _POSIX_PTHREAD_SEMANTICS 1
| #define _TANDEM_SOURCE 1
| #define HAVE_DLFCN_H 1
| #define LT_OBJDIR ".libs/"
| #define HAVE_VISIBILITY 1
| #define HAVE_STDINT_H_WITH_UINTMAX 1
| #define HAVE_ALLOCA_H 1
| #define HAVE_ALLOCA 1
| #define HAVE_STDLIB_H 1
| #define HAVE_UNISTD_H 1
| #define HAVE_SYS_PARAM_H 1
| #define HAVE_GETPAGESIZE 1
| #define HAVE_MMAP 1
| #define INTDIV0_RAISES_SIGFPE 1
| #define HAVE_INTTYPES_H_WITH_UINTMAX 1
| #define HAVE_UNSIGNED_LONG_LONG_INT 1
| #define HAVE_UINTMAX_T 1
| #define HAVE_INTTYPES_H 1
| #define USE_POSIX_THREADS 1
| #define USE_POSIX_THREADS_WEAK 1
| #define HAVE_PTHREAD_RWLOCK 1
| #define HAVE_PTHREAD_MUTEX_RECURSIVE 1
| #define HAVE_BUILTIN_EXPECT 1
| #define HAVE_ARGZ_H 1
| #define HAVE_INTTYPES_H 1
| #define HAVE_LIMITS_H 1
| #define HAVE_UNISTD_H 1
| #define HAVE_SYS_PARAM_H 1
| #define HAVE_GETCWD 1
| #define HAVE_GETEGID 1
| #define HAVE_GETEUID 1
| #define HAVE_GETGID 1
| #define HAVE_GETUID 1
| #define HAVE_MEMPCPY 1
| #define HAVE_MUNMAP 1
| #define HAVE_STPCPY 1
| #define HAVE_STRCASECMP 1
| #define HAVE_STRDUP 1
| #define HAVE_STRTOUL 1
| #define HAVE_TSEARCH 1
| #define HAVE_ARGZ_COUNT 1
| #define HAVE_ARGZ_STRINGIFY 1
| #define HAVE_ARGZ_NEXT 1
| #define HAVE___FSETLOCKING 1
| #define HAVE_DECL_FEOF_UNLOCKED 1
| #define HAVE_DECL_FGETS_UNLOCKED 1
| #define HAVE_ICONV 1
| #define ICONV_CONST 
| #define HAVE_NL_LOCALE_NAME 1
| #define HAVE_LONG_LONG_INT 1
| #define HAVE_WCHAR_T 1
| #define HAVE_WINT_T 1
| #define HAVE_INTMAX_T 1
| #define HAVE_POSIX_PRINTF 1
| #define HAVE_STDINT_H 1
| #define HAVE_STDINT_H 1
| #define HAVE_STDDEF_H 1
| #define HAVE_STDLIB_H 1
| #define HAVE_STRING_H 1
| #define HAVE_ASPRINTF 1
| #define HAVE_FWPRINTF 1
| #define HAVE_PUTENV 1
| #define HAVE_SETENV 1
| #define HAVE_SETLOCALE 1
| #define HAVE_SNPRINTF 1
| #define HAVE_WCSLEN 1
| #define HAVE_DECL__SNPRINTF 0
| /* end confdefs.h.  */
| #include <stdio.h>
| int
| main ()
| {
| 
| #ifndef _snwprintf
|   char *p = (char *) _snwprintf;
| #endif
| 
|   ;
|   return 0;
| }
configure:14891: result: no
configure:14906: checking whether getc_unlocked is declared
configure:14926: /home/wangws/wws_home/Fuzz_oggvideotools/origin/afl-2.52b/afl-gcc -c -g -O2  conftest.c >&5
configure:14926: $? = 0
configure:14933: result: yes
configure:14972: checking for nl_langinfo and CODESET
configure:14988: /home/wangws/wws_home/Fuzz_oggvideotools/origin/afl-2.52b/afl-gcc -o conftest -g -O2   conftest.c  >&5
configure:14988: $? = 0
configure:14997: result: yes
configure:15006: checking for LC_MESSAGES
configure:15022: /home/wangws/wws_home/Fuzz_oggvideotools/origin/afl-2.52b/afl-gcc -o conftest -g -O2   conftest.c  >&5
configure:15022: $? = 0
configure:15030: result: yes
configure:15181: checking for CFPreferencesCopyAppValue
configure:15208: result: no
configure:15215: checking for CFLocaleCopyCurrent
configure:15242: result: no
configure:15277: checking whether included gettext is requested
configure:15287: result: no
configure:15310: checking for GNU gettext in libc
configure:15330: /home/wangws/wws_home/Fuzz_oggvideotools/origin/afl-2.52b/afl-gcc -o conftest -g -O2   conftest.c  >&5
configure:15330: $? = 0
configure:15339: result: yes
configure:15902: checking whether to use NLS
configure:15904: result: yes
configure:15907: checking where the gettext function comes from
configure:15918: result: libc
configure:16013: checking for special C compiler options needed for large files
configure:16058: result: no
configure:16064: checking for _FILE_OFFSET_BITS value needed for large files
configure:16089: /home/wangws/wws_home/Fuzz_oggvideotools/origin/afl-2.52b/afl-gcc -c -g -O2  conftest.c >&5
configure:16089: $? = 0
configure:16121: result: no
configure:16206: checking whether byte ordering is bigendian
configure:16221: /home/wangws/wws_home/Fuzz_oggvideotools/origin/afl-2.52b/afl-gcc -c -g -O2  conftest.c >&5
conftest.c:99:9: error: unknown type name 'not'
         not a universal capable compiler
         ^~~
conftest.c:99:15: error: expected '=', ',', ';', 'asm' or '__attribute__' before 'universal'
         not a universal capable compiler
               ^~~~~~~~~
conftest.c:99:15: error: unknown type name 'universal'
configure:16221: $? = 1
configure: failed program was:
| /* confdefs.h */
| #define PACKAGE_NAME ""
| #define PACKAGE_TARNAME ""
| #define PACKAGE_VERSION ""
| #define PACKAGE_STRING ""
| #define PACKAGE_BUGREPORT ""
| #define PACKAGE_URL ""
| #define PACKAGE "vorbis-tools"
| #define VERSION "1.4.0"
| #define STDC_HEADERS 1
| #define HAVE_SYS_TYPES_H 1
| #define HAVE_SYS_STAT_H 1
| #define HAVE_STDLIB_H 1
| #define HAVE_STRING_H 1
| #define HAVE_MEMORY_H 1
| #define HAVE_STRINGS_H 1
| #define HAVE_INTTYPES_H 1
| #define HAVE_STDINT_H 1
| #define HAVE_UNISTD_H 1
| #define __EXTENSIONS__ 1
| #define _ALL_SOURCE 1
| #define _GNU_SOURCE 1
| #define _POSIX_PTHREAD_SEMANTICS 1
| #define _TANDEM_SOURCE 1
| #define HAVE_DLFCN_H 1
| #define LT_OBJDIR ".libs/"
| #define HAVE_VISIBILITY 1
| #define HAVE_STDINT_H_WITH_UINTMAX 1
| #define HAVE_ALLOCA_H 1
| #define HAVE_ALLOCA 1
| #define HAVE_STDLIB_H 1
| #define HAVE_UNISTD_H 1
| #define HAVE_SYS_PARAM_H 1
| #define HAVE_GETPAGESIZE 1
| #define HAVE_MMAP 1
| #define INTDIV0_RAISES_SIGFPE 1
| #define HAVE_INTTYPES_H_WITH_UINTMAX 1
| #define HAVE_UNSIGNED_LONG_LONG_INT 1
| #define HAVE_UINTMAX_T 1
| #define HAVE_INTTYPES_H 1
| #define USE_POSIX_THREADS 1
| #define USE_POSIX_THREADS_WEAK 1
| #define HAVE_PTHREAD_RWLOCK 1
| #define HAVE_PTHREAD_MUTEX_RECURSIVE 1
| #define HAVE_BUILTIN_EXPECT 1
| #define HAVE_ARGZ_H 1
| #define HAVE_INTTYPES_H 1
| #define HAVE_LIMITS_H 1
| #define HAVE_UNISTD_H 1
| #define HAVE_SYS_PARAM_H 1
| #define HAVE_GETCWD 1
| #define HAVE_GETEGID 1
| #define HAVE_GETEUID 1
| #define HAVE_GETGID 1
| #define HAVE_GETUID 1
| #define HAVE_MEMPCPY 1
| #define HAVE_MUNMAP 1
| #define HAVE_STPCPY 1
| #define HAVE_STRCASECMP 1
| #define HAVE_STRDUP 1
| #define HAVE_STRTOUL 1
| #define HAVE_TSEARCH 1
| #define HAVE_ARGZ_COUNT 1
| #define HAVE_ARGZ_STRINGIFY 1
| #define HAVE_ARGZ_NEXT 1
| #define HAVE___FSETLOCKING 1
| #define HAVE_DECL_FEOF_UNLOCKED 1
| #define HAVE_DECL_FGETS_UNLOCKED 1
| #define HAVE_ICONV 1
| #define ICONV_CONST 
| #define HAVE_NL_LOCALE_NAME 1
| #define HAVE_LONG_LONG_INT 1
| #define HAVE_WCHAR_T 1
| #define HAVE_WINT_T 1
| #define HAVE_INTMAX_T 1
| #define HAVE_POSIX_PRINTF 1
| #define HAVE_STDINT_H 1
| #define HAVE_STDINT_H 1
| #define HAVE_STDDEF_H 1
| #define HAVE_STDLIB_H 1
| #define HAVE_STRING_H 1
| #define HAVE_ASPRINTF 1
| #define HAVE_FWPRINTF 1
| #define HAVE_PUTENV 1
| #define HAVE_SETENV 1
| #define HAVE_SETLOCALE 1
| #define HAVE_SNPRINTF 1
| #define HAVE_WCSLEN 1
| #define HAVE_DECL__SNPRINTF 0
| #define HAVE_DECL__SNWPRINTF 0
| #define HAVE_DECL_GETC_UNLOCKED 1
| #define HAVE_LANGINFO_CODESET 1
| #define HAVE_LC_MESSAGES 1
| #define ENABLE_NLS 1
| #define HAVE_GETTEXT 1
| #define HAVE_DCGETTEXT 1
| /* end confdefs.h.  */
| #ifndef __APPLE_CC__
| 	       not a universal capable compiler
| 	     #endif
| 	     typedef int dummy;
| 
configure:16266: /home/wangws/wws_home/Fuzz_oggvideotools/origin/afl-2.52b/afl-gcc -c -g -O2  conftest.c >&5
configure:16266: $? = 0
configure:16284: /home/wangws/wws_home/Fuzz_oggvideotools/origin/afl-2.52b/afl-gcc -c -g -O2  conftest.c >&5
conftest.c: In function 'main':
conftest.c:105:4: error: unknown type name 'not'; did you mean 'ino_t'?
    not big endian
    ^~~
    ino_t
conftest.c:105:12: error: expected '=', ',', ';', 'asm' or '__attribute__' before 'endian'
    not big endian
            ^~~~~~
configure:16284: $? = 1
configure: failed program was:
| /* confdefs.h */
| #define PACKAGE_NAME ""
| #define PACKAGE_TARNAME ""
| #define PACKAGE_VERSION ""
| #define PACKAGE_STRING ""
| #define PACKAGE_BUGREPORT ""
| #define PACKAGE_URL ""
| #define PACKAGE "vorbis-tools"
| #define VERSION "1.4.0"
| #define STDC_HEADERS 1
| #define HAVE_SYS_TYPES_H 1
| #define HAVE_SYS_STAT_H 1
| #define HAVE_STDLIB_H 1
| #define HAVE_STRING_H 1
| #define HAVE_MEMORY_H 1
| #define HAVE_STRINGS_H 1
| #define HAVE_INTTYPES_H 1
| #define HAVE_STDINT_H 1
| #define HAVE_UNISTD_H 1
| #define __EXTENSIONS__ 1
| #define _ALL_SOURCE 1
| #define _GNU_SOURCE 1
| #define _POSIX_PTHREAD_SEMANTICS 1
| #define _TANDEM_SOURCE 1
| #define HAVE_DLFCN_H 1
| #define LT_OBJDIR ".libs/"
| #define HAVE_VISIBILITY 1
| #define HAVE_STDINT_H_WITH_UINTMAX 1
| #define HAVE_ALLOCA_H 1
| #define HAVE_ALLOCA 1
| #define HAVE_STDLIB_H 1
| #define HAVE_UNISTD_H 1
| #define HAVE_SYS_PARAM_H 1
| #define HAVE_GETPAGESIZE 1
| #define HAVE_MMAP 1
| #define INTDIV0_RAISES_SIGFPE 1
| #define HAVE_INTTYPES_H_WITH_UINTMAX 1
| #define HAVE_UNSIGNED_LONG_LONG_INT 1
| #define HAVE_UINTMAX_T 1
| #define HAVE_INTTYPES_H 1
| #define USE_POSIX_THREADS 1
| #define USE_POSIX_THREADS_WEAK 1
| #define HAVE_PTHREAD_RWLOCK 1
| #define HAVE_PTHREAD_MUTEX_RECURSIVE 1
| #define HAVE_BUILTIN_EXPECT 1
| #define HAVE_ARGZ_H 1
| #define HAVE_INTTYPES_H 1
| #define HAVE_LIMITS_H 1
| #define HAVE_UNISTD_H 1
| #define HAVE_SYS_PARAM_H 1
| #define HAVE_GETCWD 1
| #define HAVE_GETEGID 1
| #define HAVE_GETEUID 1
| #define HAVE_GETGID 1
| #define HAVE_GETUID 1
| #define HAVE_MEMPCPY 1
| #define HAVE_MUNMAP 1
| #define HAVE_STPCPY 1
| #define HAVE_STRCASECMP 1
| #define HAVE_STRDUP 1
| #define HAVE_STRTOUL 1
| #define HAVE_TSEARCH 1
| #define HAVE_ARGZ_COUNT 1
| #define HAVE_ARGZ_STRINGIFY 1
| #define HAVE_ARGZ_NEXT 1
| #define HAVE___FSETLOCKING 1
| #define HAVE_DECL_FEOF_UNLOCKED 1
| #define HAVE_DECL_FGETS_UNLOCKED 1
| #define HAVE_ICONV 1
| #define ICONV_CONST 
| #define HAVE_NL_LOCALE_NAME 1
| #define HAVE_LONG_LONG_INT 1
| #define HAVE_WCHAR_T 1
| #define HAVE_WINT_T 1
| #define HAVE_INTMAX_T 1
| #define HAVE_POSIX_PRINTF 1
| #define HAVE_STDINT_H 1
| #define HAVE_STDINT_H 1
| #define HAVE_STDDEF_H 1
| #define HAVE_STDLIB_H 1
| #define HAVE_STRING_H 1
| #define HAVE_ASPRINTF 1
| #define HAVE_FWPRINTF 1
| #define HAVE_PUTENV 1
| #define HAVE_SETENV 1
| #define HAVE_SETLOCALE 1
| #define HAVE_SNPRINTF 1
| #define HAVE_WCSLEN 1
| #define HAVE_DECL__SNPRINTF 0
| #define HAVE_DECL__SNWPRINTF 0
| #define HAVE_DECL_GETC_UNLOCKED 1
| #define HAVE_LANGINFO_CODESET 1
| #define HAVE_LC_MESSAGES 1
| #define ENABLE_NLS 1
| #define HAVE_GETTEXT 1
| #define HAVE_DCGETTEXT 1
| /* end confdefs.h.  */
| #include <sys/types.h>
| 		#include <sys/param.h>
| 
| int
| main ()
| {
| #if BYTE_ORDER != BIG_ENDIAN
| 		 not big endian
| 		#endif
| 
|   ;
|   return 0;
| }
configure:16412: result: no
configure:16550: checking for pkg-config
configure:16566: found /usr/bin/pkg-config
configure:16577: result: yes
configure:16636: checking for pkg-config
configure:16654: found /usr/bin/pkg-config
configure:16666: result: /usr/bin/pkg-config
configure:16691: checking pkg-config is at least version 0.9.0
configure:16694: result: yes
configure:16705: checking for OGG
configure:16713: $PKG_CONFIG --exists --print-errors "ogg >= 1.0"
Package ogg was not found in the pkg-config search path.
Perhaps you should add the directory containing `ogg.pc'
to the PKG_CONFIG_PATH environment variable
Package 'ogg', required by 'virtual:world', not found
configure:16716: $? = 1
configure:16731: $PKG_CONFIG --exists --print-errors "ogg >= 1.0"
Package ogg was not found in the pkg-config search path.
Perhaps you should add the directory containing `ogg.pc'
to the PKG_CONFIG_PATH environment variable
Package 'ogg', required by 'virtual:world', not found
configure:16734: $? = 1
Package 'ogg', required by 'virtual:world', not found
configure:16762: result: no
configure:16833: checking for Ogg
configure:16868: /home/wangws/wws_home/Fuzz_oggvideotools/origin/afl-2.52b/afl-gcc -o conftest -O2 -Wall -ffast-math -fsigned-char -g -O2 -I/home/wangws/wws_home/Fuzz_oggvideotools/target_progs/target_vorbis-tools-1.4.0/install/include   conftest.c  -L/home/wangws/wws_home/Fuzz_oggvideotools/target_progs/target_vorbis-tools-1.4.0/install/lib -logg >&5
conftest.c:102:10: fatal error: ogg/ogg.h: No such file or directory
 #include <ogg/ogg.h>
          ^~~~~~~~~~~
compilation terminated.
configure:16868: $? = 1
configure: program exited with status 1
configure: failed program was:
| /* confdefs.h */
| #define PACKAGE_NAME ""
| #define PACKAGE_TARNAME ""
| #define PACKAGE_VERSION ""
| #define PACKAGE_STRING ""
| #define PACKAGE_BUGREPORT ""
| #define PACKAGE_URL ""
| #define PACKAGE "vorbis-tools"
| #define VERSION "1.4.0"
| #define STDC_HEADERS 1
| #define HAVE_SYS_TYPES_H 1
| #define HAVE_SYS_STAT_H 1
| #define HAVE_STDLIB_H 1
| #define HAVE_STRING_H 1
| #define HAVE_MEMORY_H 1
| #define HAVE_STRINGS_H 1
| #define HAVE_INTTYPES_H 1
| #define HAVE_STDINT_H 1
| #define HAVE_UNISTD_H 1
| #define __EXTENSIONS__ 1
| #define _ALL_SOURCE 1
| #define _GNU_SOURCE 1
| #define _POSIX_PTHREAD_SEMANTICS 1
| #define _TANDEM_SOURCE 1
| #define HAVE_DLFCN_H 1
| #define LT_OBJDIR ".libs/"
| #define HAVE_VISIBILITY 1
| #define HAVE_STDINT_H_WITH_UINTMAX 1
| #define HAVE_ALLOCA_H 1
| #define HAVE_ALLOCA 1
| #define HAVE_STDLIB_H 1
| #define HAVE_UNISTD_H 1
| #define HAVE_SYS_PARAM_H 1
| #define HAVE_GETPAGESIZE 1
| #define HAVE_MMAP 1
| #define INTDIV0_RAISES_SIGFPE 1
| #define HAVE_INTTYPES_H_WITH_UINTMAX 1
| #define HAVE_UNSIGNED_LONG_LONG_INT 1
| #define HAVE_UINTMAX_T 1
| #define HAVE_INTTYPES_H 1
| #define USE_POSIX_THREADS 1
| #define USE_POSIX_THREADS_WEAK 1
| #define HAVE_PTHREAD_RWLOCK 1
| #define HAVE_PTHREAD_MUTEX_RECURSIVE 1
| #define HAVE_BUILTIN_EXPECT 1
| #define HAVE_ARGZ_H 1
| #define HAVE_INTTYPES_H 1
| #define HAVE_LIMITS_H 1
| #define HAVE_UNISTD_H 1
| #define HAVE_SYS_PARAM_H 1
| #define HAVE_GETCWD 1
| #define HAVE_GETEGID 1
| #define HAVE_GETEUID 1
| #define HAVE_GETGID 1
| #define HAVE_GETUID 1
| #define HAVE_MEMPCPY 1
| #define HAVE_MUNMAP 1
| #define HAVE_STPCPY 1
| #define HAVE_STRCASECMP 1
| #define HAVE_STRDUP 1
| #define HAVE_STRTOUL 1
| #define HAVE_TSEARCH 1
| #define HAVE_ARGZ_COUNT 1
| #define HAVE_ARGZ_STRINGIFY 1
| #define HAVE_ARGZ_NEXT 1
| #define HAVE___FSETLOCKING 1
| #define HAVE_DECL_FEOF_UNLOCKED 1
| #define HAVE_DECL_FGETS_UNLOCKED 1
| #define HAVE_ICONV 1
| #define ICONV_CONST 
| #define HAVE_NL_LOCALE_NAME 1
| #define HAVE_LONG_LONG_INT 1
| #define HAVE_WCHAR_T 1
| #define HAVE_WINT_T 1
| #define HAVE_INTMAX_T 1
| #define HAVE_POSIX_PRINTF 1
| #define HAVE_STDINT_H 1
| #define HAVE_STDINT_H 1
| #define HAVE_STDDEF_H 1
| #define HAVE_STDLIB_H 1
| #define HAVE_STRING_H 1
| #define HAVE_ASPRINTF 1
| #define HAVE_FWPRINTF 1
| #define HAVE_PUTENV 1
| #define HAVE_SETENV 1
| #define HAVE_SETLOCALE 1
| #define HAVE_SNPRINTF 1
| #define HAVE_WCSLEN 1
| #define HAVE_DECL__SNPRINTF 0
| #define HAVE_DECL__SNWPRINTF 0
| #define HAVE_DECL_GETC_UNLOCKED 1
| #define HAVE_LANGINFO_CODESET 1
| #define HAVE_LC_MESSAGES 1
| #define ENABLE_NLS 1
| #define HAVE_GETTEXT 1
| #define HAVE_DCGETTEXT 1
| /* end confdefs.h.  */
| 
| #include <stdio.h>
| #include <stdlib.h>
| #include <string.h>
| #include <ogg/ogg.h>
| 
| int main ()
| {
|   system("touch conf.oggtest");
|   return 0;
| }
| 
| 
configure:16890: result: no
configure:16912: /home/wangws/wws_home/Fuzz_oggvideotools/origin/afl-2.52b/afl-gcc -o conftest -O2 -Wall -ffast-math -fsigned-char -g -O2 -I/home/wangws/wws_home/Fuzz_oggvideotools/target_progs/target_vorbis-tools-1.4.0/install/include   conftest.c  -L/home/wangws/wws_home/Fuzz_oggvideotools/target_progs/target_vorbis-tools-1.4.0/install/lib -logg >&5
conftest.c:100:10: fatal error: ogg/ogg.h: No such file or directory
 #include <ogg/ogg.h>
          ^~~~~~~~~~~
compilation terminated.
configure:16912: $? = 1
configure: failed program was:
| /* confdefs.h */
| #define PACKAGE_NAME ""
| #define PACKAGE_TARNAME ""
| #define PACKAGE_VERSION ""
| #define PACKAGE_STRING ""
| #define PACKAGE_BUGREPORT ""
| #define PACKAGE_URL ""
| #define PACKAGE "vorbis-tools"
| #define VERSION "1.4.0"
| #define STDC_HEADERS 1
| #define HAVE_SYS_TYPES_H 1
| #define HAVE_SYS_STAT_H 1
| #define HAVE_STDLIB_H 1
| #define HAVE_STRING_H 1
| #define HAVE_MEMORY_H 1
| #define HAVE_STRINGS_H 1
| #define HAVE_INTTYPES_H 1
| #define HAVE_STDINT_H 1
| #define HAVE_UNISTD_H 1
| #define __EXTENSIONS__ 1
| #define _ALL_SOURCE 1
| #define _GNU_SOURCE 1
| #define _POSIX_PTHREAD_SEMANTICS 1
| #define _TANDEM_SOURCE 1
| #define HAVE_DLFCN_H 1
| #define LT_OBJDIR ".libs/"
| #define HAVE_VISIBILITY 1
| #define HAVE_STDINT_H_WITH_UINTMAX 1
| #define HAVE_ALLOCA_H 1
| #define HAVE_ALLOCA 1
| #define HAVE_STDLIB_H 1
| #define HAVE_UNISTD_H 1
| #define HAVE_SYS_PARAM_H 1
| #define HAVE_GETPAGESIZE 1
| #define HAVE_MMAP 1
| #define INTDIV0_RAISES_SIGFPE 1
| #define HAVE_INTTYPES_H_WITH_UINTMAX 1
| #define HAVE_UNSIGNED_LONG_LONG_INT 1
| #define HAVE_UINTMAX_T 1
| #define HAVE_INTTYPES_H 1
| #define USE_POSIX_THREADS 1
| #define USE_POSIX_THREADS_WEAK 1
| #define HAVE_PTHREAD_RWLOCK 1
| #define HAVE_PTHREAD_MUTEX_RECURSIVE 1
| #define HAVE_BUILTIN_EXPECT 1
| #define HAVE_ARGZ_H 1
| #define HAVE_INTTYPES_H 1
| #define HAVE_LIMITS_H 1
| #define HAVE_UNISTD_H 1
| #define HAVE_SYS_PARAM_H 1
| #define HAVE_GETCWD 1
| #define HAVE_GETEGID 1
| #define HAVE_GETEUID 1
| #define HAVE_GETGID 1
| #define HAVE_GETUID 1
| #define HAVE_MEMPCPY 1
| #define HAVE_MUNMAP 1
| #define HAVE_STPCPY 1
| #define HAVE_STRCASECMP 1
| #define HAVE_STRDUP 1
| #define HAVE_STRTOUL 1
| #define HAVE_TSEARCH 1
| #define HAVE_ARGZ_COUNT 1
| #define HAVE_ARGZ_STRINGIFY 1
| #define HAVE_ARGZ_NEXT 1
| #define HAVE___FSETLOCKING 1
| #define HAVE_DECL_FEOF_UNLOCKED 1
| #define HAVE_DECL_FGETS_UNLOCKED 1
| #define HAVE_ICONV 1
| #define ICONV_CONST 
| #define HAVE_NL_LOCALE_NAME 1
| #define HAVE_LONG_LONG_INT 1
| #define HAVE_WCHAR_T 1
| #define HAVE_WINT_T 1
| #define HAVE_INTMAX_T 1
| #define HAVE_POSIX_PRINTF 1
| #define HAVE_STDINT_H 1
| #define HAVE_STDINT_H 1
| #define HAVE_STDDEF_H 1
| #define HAVE_STDLIB_H 1
| #define HAVE_STRING_H 1
| #define HAVE_ASPRINTF 1
| #define HAVE_FWPRINTF 1
| #define HAVE_PUTENV 1
| #define HAVE_SETENV 1
| #define HAVE_SETLOCALE 1
| #define HAVE_SNPRINTF 1
| #define HAVE_WCSLEN 1
| #define HAVE_DECL__SNPRINTF 0
| #define HAVE_DECL__SNWPRINTF 0
| #define HAVE_DECL_GETC_UNLOCKED 1
| #define HAVE_LANGINFO_CODESET 1
| #define HAVE_LC_MESSAGES 1
| #define ENABLE_NLS 1
| #define HAVE_GETTEXT 1
| #define HAVE_DCGETTEXT 1
| /* end confdefs.h.  */
| 
| #include <stdio.h>
| #include <ogg/ogg.h>
| 
| int
| main ()
| {
|  return 0;
|   ;
|   return 0;
| }
configure:16935: error: Ogg needed!

## ---------------- ##
## Cache variables. ##
## ---------------- ##

ac_cv_build=x86_64-unknown-linux-gnu
ac_cv_c_bigendian=no
ac_cv_c_compiler_gnu=yes
ac_cv_c_inline=inline
ac_cv_env_AO_CFLAGS_set=
ac_cv_env_AO_CFLAGS_value=
ac_cv_env_AO_LIBS_set=
ac_cv_env_AO_LIBS_value=
ac_cv_env_CC_set=set
ac_cv_env_CC_value=/home/wangws/wws_home/Fuzz_oggvideotools/origin/afl-2.52b/afl-gcc
ac_cv_env_CFLAGS_set=
ac_cv_env_CFLAGS_value=
ac_cv_env_CPPFLAGS_set=
ac_cv_env_CPPFLAGS_value=
ac_cv_env_CPP_set=
ac_cv_env_CPP_value=
ac_cv_env_CURL_CFLAGS_set=
ac_cv_env_CURL_CFLAGS_value=
ac_cv_env_CURL_LIBS_set=
ac_cv_env_CURL_LIBS_value=
ac_cv_env_KATE_CFLAGS_set=
ac_cv_env_KATE_CFLAGS_value=
ac_cv_env_KATE_LIBS_set=
ac_cv_env_KATE_LIBS_value=
ac_cv_env_LDFLAGS_set=
ac_cv_env_LDFLAGS_value=
ac_cv_env_LIBS_set=
ac_cv_env_LIBS_value=
ac_cv_env_OGG_CFLAGS_set=
ac_cv_env_OGG_CFLAGS_value=
ac_cv_env_OGG_LIBS_set=
ac_cv_env_OGG_LIBS_value=
ac_cv_env_PKG_CONFIG_set=
ac_cv_env_PKG_CONFIG_value=
ac_cv_env_VORBIS_CFLAGS_set=
ac_cv_env_VORBIS_CFLAGS_value=
ac_cv_env_VORBIS_LIBS_set=
ac_cv_env_VORBIS_LIBS_value=
ac_cv_env_build_alias_set=
ac_cv_env_build_alias_value=
ac_cv_env_host_alias_set=
ac_cv_env_host_alias_value=
ac_cv_env_target_alias_set=
ac_cv_env_target_alias_value=
ac_cv_func___fsetlocking=yes
ac_cv_func_alloca_works=yes
ac_cv_func_argz_count=yes
ac_cv_func_argz_next=yes
ac_cv_func_argz_stringify=yes
ac_cv_func_asprintf=yes
ac_cv_func_fwprintf=yes
ac_cv_func_getcwd=yes
ac_cv_func_getegid=yes
ac_cv_func_geteuid=yes
ac_cv_func_getgid=yes
ac_cv_func_getpagesize=yes
ac_cv_func_getuid=yes
ac_cv_func_mempcpy=yes
ac_cv_func_mmap_fixed_mapped=yes
ac_cv_func_munmap=yes
ac_cv_func_putenv=yes
ac_cv_func_setenv=yes
ac_cv_func_setlocale=yes
ac_cv_func_snprintf=yes
ac_cv_func_stpcpy=yes
ac_cv_func_strcasecmp=yes
ac_cv_func_strdup=yes
ac_cv_func_strtoul=yes
ac_cv_func_tsearch=yes
ac_cv_func_wcslen=yes
ac_cv_gnu_library_2=yes
ac_cv_gnu_library_2_1=yes
ac_cv_have_decl__snprintf=no
ac_cv_have_decl__snwprintf=no
ac_cv_have_decl_feof_unlocked=yes
ac_cv_have_decl_fgets_unlocked=yes
ac_cv_have_decl_getc_unlocked=yes
ac_cv_header_argz_h=yes
ac_cv_header_dlfcn_h=yes
ac_cv_header_inttypes_h=yes
ac_cv_header_limits_h=yes
ac_cv_header_memory_h=yes
ac_cv_header_minix_config_h=no
ac_cv_header_pthread_h=yes
ac_cv_header_stdc=yes
ac_cv_header_stddef_h=yes
ac_cv_header_stdint_h=yes
ac_cv_header_stdlib_h=yes
ac_cv_header_string_h=yes
ac_cv_header_strings_h=yes
ac_cv_header_sys_param_h=yes
ac_cv_header_sys_stat_h=yes
ac_cv_header_sys_types_h=yes
ac_cv_header_unistd_h=yes
ac_cv_host=x86_64-unknown-linux-gnu
ac_cv_lib_pthread_pthread_kill=yes
ac_cv_objext=o
ac_cv_path_EGREP='/usr/bin/grep -E'
ac_cv_path_FGREP='/usr/bin/grep -F'
ac_cv_path_GMSGFMT=/usr/bin/msgfmt
ac_cv_path_GREP=/usr/bin/grep
ac_cv_path_MSGFMT=/usr/bin/msgfmt
ac_cv_path_MSGMERGE=/usr/bin/msgmerge
ac_cv_path_SED=/usr/bin/sed
ac_cv_path_XGETTEXT=/usr/bin/xgettext
ac_cv_path_ac_pt_PKG_CONFIG=/usr/bin/pkg-config
ac_cv_path_install='/usr/bin/install -c'
ac_cv_prog_AWK=gawk
ac_cv_prog_CPP='/home/wangws/wws_home/Fuzz_oggvideotools/origin/afl-2.52b/afl-gcc -E'
ac_cv_prog_HAVE_PKG_CONFIG=yes
ac_cv_prog_ac_ct_AR=ar
ac_cv_prog_ac_ct_CC=/home/wangws/wws_home/Fuzz_oggvideotools/origin/afl-2.52b/afl-gcc
ac_cv_prog_ac_ct_OBJDUMP=objdump
ac_cv_prog_ac_ct_RANLIB=ranlib
ac_cv_prog_ac_ct_STRIP=strip
ac_cv_prog_cc_c89=
ac_cv_prog_cc_g=yes
ac_cv_prog_make_make_set=yes
ac_cv_safe_to_define___extensions__=yes
ac_cv_sys_file_offset_bits=no
ac_cv_sys_largefile_CC=no
ac_cv_target=x86_64-unknown-linux-gnu
ac_cv_type_long_long_int=yes
ac_cv_type_pthread_rwlock_t=yes
ac_cv_type_ptrdiff_t=yes
ac_cv_type_size_t=yes
ac_cv_type_unsigned_long_long_int=yes
ac_cv_working_alloca_h=yes
acl_cv_hardcode_direct=no
acl_cv_hardcode_libdir_flag_spec='${wl}-rpath ${wl}$libdir'
acl_cv_hardcode_libdir_separator=
acl_cv_hardcode_minus_L=no
acl_cv_libext=a
acl_cv_libname_spec='lib$name'
acl_cv_library_names_spec='$libname$shrext'
acl_cv_path_LD='/usr/bin/ld -m elf_x86_64'
acl_cv_prog_gnu_ld=yes
acl_cv_rpath=done
acl_cv_shlibext=so
acl_cv_wl=-Wl,
am_cv_CC_dependencies_compiler_type=gcc3
am_cv_func_iconv=yes
am_cv_langinfo_codeset=yes
am_cv_lib_iconv=no
am_cv_proto_iconv='extern size_t iconv (iconv_t cd, char * *inbuf, size_t *inbytesleft, char * *outbuf, size_t *outbytesleft);'
am_cv_proto_iconv_arg1=
gl_cv_cc_visibility=yes
gl_cv_header_inttypes_h=yes
gl_cv_header_stdint_h=yes
gl_cv_size_max=yes
gt_cv_c_intmax_t=yes
gt_cv_c_wchar_t=yes
gt_cv_c_wint_t=yes
gt_cv_func_CFLocaleCopyCurrent=no
gt_cv_func_CFPreferencesCopyAppValue=no
gt_cv_func_gnugettext1_libc=yes
gt_cv_func_printf_posix=yes
gt_cv_int_divbyzero_sigfpe=yes
gt_cv_inttypes_pri_broken=no
gt_cv_nl_locale_name=yes
gt_cv_val_LC_MESSAGES=yes
lt_cv_deplibs_check_method=pass_all
lt_cv_file_magic_cmd='$MAGIC_CMD'
lt_cv_file_magic_test_file=
lt_cv_ld_reload_flag=-r
lt_cv_nm_interface='BSD nm'
lt_cv_objdir=.libs
lt_cv_path_LD=/usr/bin/ld
lt_cv_path_NM='/usr/bin/nm -B'
lt_cv_prog_compiler_c_o=yes
lt_cv_prog_compiler_pic_works=yes
lt_cv_prog_compiler_rtti_exceptions=no
lt_cv_prog_compiler_static_works=no
lt_cv_prog_gnu_ld=yes
lt_cv_sys_global_symbol_pipe='sed -n -e '\''s/^.*[	 ]\([ABCDGIRSTW][ABCDGIRSTW]*\)[	 ][	 ]*\([_A-Za-z][_A-Za-z0-9]*\)$/\1 \2 \2/p'\'''
lt_cv_sys_global_symbol_to_c_name_address='sed -n -e '\''s/^: \([^ ]*\) $/  {\"\1\", (void *) 0},/p'\'' -e '\''s/^[ABCDGIRSTW]* \([^ ]*\) \([^ ]*\)$/  {"\2", (void *) \&\2},/p'\'''
lt_cv_sys_global_symbol_to_c_name_address_lib_prefix='sed -n -e '\''s/^: \([^ ]*\) $/  {\"\1\", (void *) 0},/p'\'' -e '\''s/^[ABCDGIRSTW]* \([^ ]*\) \(lib[^ ]*\)$/  {"\2", (void *) \&\2},/p'\'' -e '\''s/^[ABCDGIRSTW]* \([^ ]*\) \([^ ]*\)$/  {"lib\2", (void *) \&\2},/p'\'''
lt_cv_sys_global_symbol_to_cdecl='sed -n -e '\''s/^T .* \(.*\)$/extern int \1();/p'\'' -e '\''s/^[ABCDGIRSTW]* .* \(.*\)$/extern char \1;/p'\'''
lt_cv_sys_max_cmd_len=1572864
nls_cv_force_use_gnu_gettext=no
nls_cv_header_intl=
nls_cv_header_libgt=
nls_cv_use_gnu_gettext=no

## ----------------- ##
## Output variables. ##
## ----------------- ##

ACLOCAL='${SHELL} /home/wangws/wws_home/Fuzz_oggvideotools/target_progs/target_vorbis-tools-1.4.0/vorbis-tools-1.4.0/missing --run aclocal-1.9'
ALLOCA=''
AMDEPBACKSLASH='\'
AMDEP_FALSE='#'
AMDEP_TRUE=''
AMTAR='${SHELL} /home/wangws/wws_home/Fuzz_oggvideotools/target_progs/target_vorbis-tools-1.4.0/vorbis-tools-1.4.0/missing --run tar'
AO_CFLAGS=''
AO_LIBS=''
AR='ar'
AUTOCONF='${SHELL} /home/wangws/wws_home/Fuzz_oggvideotools/target_progs/target_vorbis-tools-1.4.0/vorbis-tools-1.4.0/missing --run autoconf'
AUTOHEADER='${SHELL} /home/wangws/wws_home/Fuzz_oggvideotools/target_progs/target_vorbis-tools-1.4.0/vorbis-tools-1.4.0/missing --run autoheader'
AUTOMAKE='${SHELL} /home/wangws/wws_home/Fuzz_oggvideotools/target_progs/target_vorbis-tools-1.4.0/vorbis-tools-1.4.0/missing --run automake-1.9'
AWK='gawk'
BUILD_INCLUDED_LIBINTL='no'
CATOBJEXT='.gmo'
CC='/home/wangws/wws_home/Fuzz_oggvideotools/origin/afl-2.52b/afl-gcc'
CCDEPMODE='depmode=gcc3'
CFLAGS='-O2 -Wall -ffast-math -fsigned-char -g -O2'
CFLAG_VISIBILITY='-fvisibility=hidden'
CPP='/home/wangws/wws_home/Fuzz_oggvideotools/origin/afl-2.52b/afl-gcc -E'
CPPFLAGS=''
CURL_CFLAGS=''
CURL_LIBS=''
CYGPATH_W='echo'
DATADIRNAME='share'
DEBUG='-g -Wall -fsigned-char -g -O2'
DEFS=''
DEPDIR='.deps'
DSYMUTIL=''
DUMPBIN=''
ECHO_C=''
ECHO_N='-n'
ECHO_T=''
EGREP='/usr/bin/grep -E'
EXEEXT=''
FGREP='/usr/bin/grep -F'
FLAC_LIBS=''
GENCAT='gencat'
GETTEXT_MACRO_VERSION='0.17'
GLIBC21='yes'
GLIBC2='yes'
GMSGFMT='/usr/bin/msgfmt'
GMSGFMT_015='/usr/bin/msgfmt'
GREP='/usr/bin/grep'
HAVE_ASPRINTF='1'
HAVE_KATE_FALSE=''
HAVE_KATE_TRUE=''
HAVE_LIBFLAC_FALSE=''
HAVE_LIBFLAC_TRUE=''
HAVE_LIBSPEEX_FALSE=''
HAVE_LIBSPEEX_TRUE=''
HAVE_OV_READ_FILTER_FALSE=''
HAVE_OV_READ_FILTER_TRUE=''
HAVE_PKG_CONFIG='yes'
HAVE_POSIX_PRINTF='1'
HAVE_SNPRINTF='1'
HAVE_VISIBILITY='1'
HAVE_WPRINTF='0'
I18N_CFLAGS=''
I18N_LIBS=''
INSTALL_DATA='${INSTALL} -m 644'
INSTALL_PROGRAM='${INSTALL}'
INSTALL_SCRIPT='${INSTALL}'
INSTALL_STRIP_PROGRAM='${SHELL} $(install_sh) -c -s'
INSTOBJEXT='.mo'
INTLBISON=':'
INTLLIBS=''
INTLOBJS=''
INTL_LIBTOOL_SUFFIX_PREFIX=''
INTL_MACOSX_LIBS=''
KATE_CFLAGS=''
KATE_LIBS=''
LD='/usr/bin/ld -m elf_x86_64'
LDFLAGS=''
LIBICONV=''
LIBINTL=''
LIBMULTITHREAD='-lpthread'
LIBOBJS=''
LIBPTH=''
LIBPTH_PREFIX=''
LIBS=''
LIBTHREAD=''
LIBTOOL='$(SHELL) $(top_builddir)/libtool'
LIPO=''
LN_S='ln -s'
LTLIBC='-lc'
LTLIBINTL=''
LTLIBMULTITHREAD='-lpthread'
LTLIBOBJS=''
LTLIBPTH=''
LTLIBTHREAD=''
MAINT='#'
MAINTAINER_MODE_FALSE=''
MAINTAINER_MODE_TRUE='#'
MAKEINFO='${SHELL} /home/wangws/wws_home/Fuzz_oggvideotools/target_progs/target_vorbis-tools-1.4.0/vorbis-tools-1.4.0/missing --run makeinfo'
MANDIR=''
MSGFMT='/usr/bin/msgfmt'
MSGFMT_015='/usr/bin/msgfmt'
MSGMERGE='/usr/bin/msgmerge'
NM='/usr/bin/nm -B'
NMEDIT=''
OBJDUMP='objdump'
OBJEXT='o'
OGG_CFLAGS=''
OGG_LIBS=''
OPT_SUBDIRS=''
OTOOL64=''
OTOOL=''
PACKAGE='vorbis-tools'
PACKAGE_BUGREPORT=''
PACKAGE_NAME=''
PACKAGE_STRING=''
PACKAGE_TARNAME=''
PACKAGE_URL=''
PACKAGE_VERSION=''
PATH_SEPARATOR=':'
PKG_CONFIG='/usr/bin/pkg-config'
POSUB='po'
PRI_MACROS_BROKEN='0'
PROFILE='-Wall -W -pg -g -O2 -ffast-math -fsigned-char -g -O2'
PTHREAD_CC=''
PTHREAD_CFLAGS=''
PTHREAD_LIBS=''
RANLIB='ranlib'
SED='/usr/bin/sed'
SET_MAKE=''
SHARE_CFLAGS=''
SHARE_LIBS=''
SHELL='/bin/sh'
SOCKET_LIBS=''
SPEEX_LIBS=''
STRIP='strip'
USE_INCLUDED_LIBINTL='no'
USE_NLS='yes'
VERSION='1.4.0'
VORBISENC_LIBS=''
VORBISFILE_LIBS=''
VORBIS_CFLAGS=''
VORBIS_LIBS=''
WINDRES=''
WOE32='no'
WOE32DLL='no'
XGETTEXT='/usr/bin/xgettext'
XGETTEXT_015='/usr/bin/xgettext'
XGETTEXT_EXTRA_OPTIONS=''
ac_ct_CC='/home/wangws/wws_home/Fuzz_oggvideotools/origin/afl-2.52b/afl-gcc'
ac_ct_DUMPBIN=''
am__fastdepCC_FALSE='#'
am__fastdepCC_TRUE=''
am__include='include'
am__leading_dot='.'
am__quote=''
am__tar='${AMTAR} chof - "$$tardir"'
am__untar='${AMTAR} xf -'
bindir='${exec_prefix}/bin'
build='x86_64-unknown-linux-gnu'
build_alias=''
build_cpu='x86_64'
build_os='linux-gnu'
build_vendor='unknown'
datadir='${datarootdir}'
datarootdir='${prefix}/share'
docdir='${datarootdir}/doc/${PACKAGE}'
dvidir='${docdir}'
exec_prefix='NONE'
host='x86_64-unknown-linux-gnu'
host_alias=''
host_cpu='x86_64'
host_os='linux-gnu'
host_vendor='unknown'
htmldir='${docdir}'
includedir='${prefix}/include'
infodir='${datarootdir}/info'
install_sh='/home/wangws/wws_home/Fuzz_oggvideotools/target_progs/target_vorbis-tools-1.4.0/vorbis-tools-1.4.0/install-sh'
libdir='${exec_prefix}/lib'
libexecdir='${exec_prefix}/libexec'
localedir='${datarootdir}/locale'
localstatedir='${prefix}/var'
lt_ECHO='echo'
mandir='${datarootdir}/man'
mkdir_p='mkdir -p --'
oldincludedir='/usr/include'
pdfdir='${docdir}'
prefix='/home/wangws/wws_home/Fuzz_oggvideotools/target_progs/target_vorbis-tools-1.4.0/install'
program_transform_name='s,x,x,'
psdir='${docdir}'
sbindir='${exec_prefix}/sbin'
sharedstatedir='${prefix}/com'
sysconfdir='${prefix}/etc'
target='x86_64-unknown-linux-gnu'
target_alias=''
target_cpu='x86_64'
target_os='linux-gnu'
target_vendor='unknown'

## ----------- ##
## confdefs.h. ##
## ----------- ##

/* confdefs.h */
#define PACKAGE_NAME ""
#define PACKAGE_TARNAME ""
#define PACKAGE_VERSION ""
#define PACKAGE_STRING ""
#define PACKAGE_BUGREPORT ""
#define PACKAGE_URL ""
#define PACKAGE "vorbis-tools"
#define VERSION "1.4.0"
#define STDC_HEADERS 1
#define HAVE_SYS_TYPES_H 1
#define HAVE_SYS_STAT_H 1
#define HAVE_STDLIB_H 1
#define HAVE_STRING_H 1
#define HAVE_MEMORY_H 1
#define HAVE_STRINGS_H 1
#define HAVE_INTTYPES_H 1
#define HAVE_STDINT_H 1
#define HAVE_UNISTD_H 1
#define __EXTENSIONS__ 1
#define _ALL_SOURCE 1
#define _GNU_SOURCE 1
#define _POSIX_PTHREAD_SEMANTICS 1
#define _TANDEM_SOURCE 1
#define HAVE_DLFCN_H 1
#define LT_OBJDIR ".libs/"
#define HAVE_VISIBILITY 1
#define HAVE_STDINT_H_WITH_UINTMAX 1
#define HAVE_ALLOCA_H 1
#define HAVE_ALLOCA 1
#define HAVE_STDLIB_H 1
#define HAVE_UNISTD_H 1
#define HAVE_SYS_PARAM_H 1
#define HAVE_GETPAGESIZE 1
#define HAVE_MMAP 1
#define INTDIV0_RAISES_SIGFPE 1
#define HAVE_INTTYPES_H_WITH_UINTMAX 1
#define HAVE_UNSIGNED_LONG_LONG_INT 1
#define HAVE_UINTMAX_T 1
#define HAVE_INTTYPES_H 1
#define USE_POSIX_THREADS 1
#define USE_POSIX_THREADS_WEAK 1
#define HAVE_PTHREAD_RWLOCK 1
#define HAVE_PTHREAD_MUTEX_RECURSIVE 1
#define HAVE_BUILTIN_EXPECT 1
#define HAVE_ARGZ_H 1
#define HAVE_INTTYPES_H 1
#define HAVE_LIMITS_H 1
#define HAVE_UNISTD_H 1
#define HAVE_SYS_PARAM_H 1
#define HAVE_GETCWD 1
#define HAVE_GETEGID 1
#define HAVE_GETEUID 1
#define HAVE_GETGID 1
#define HAVE_GETUID 1
#define HAVE_MEMPCPY 1
#define HAVE_MUNMAP 1
#define HAVE_STPCPY 1
#define HAVE_STRCASECMP 1
#define HAVE_STRDUP 1
#define HAVE_STRTOUL 1
#define HAVE_TSEARCH 1
#define HAVE_ARGZ_COUNT 1
#define HAVE_ARGZ_STRINGIFY 1
#define HAVE_ARGZ_NEXT 1
#define HAVE___FSETLOCKING 1
#define HAVE_DECL_FEOF_UNLOCKED 1
#define HAVE_DECL_FGETS_UNLOCKED 1
#define HAVE_ICONV 1
#define ICONV_CONST 
#define HAVE_NL_LOCALE_NAME 1
#define HAVE_LONG_LONG_INT 1
#define HAVE_WCHAR_T 1
#define HAVE_WINT_T 1
#define HAVE_INTMAX_T 1
#define HAVE_POSIX_PRINTF 1
#define HAVE_STDINT_H 1
#define HAVE_STDINT_H 1
#define HAVE_STDDEF_H 1
#define HAVE_STDLIB_H 1
#define HAVE_STRING_H 1
#define HAVE_ASPRINTF 1
#define HAVE_FWPRINTF 1
#define HAVE_PUTENV 1
#define HAVE_SETENV 1
#define HAVE_SETLOCALE 1
#define HAVE_SNPRINTF 1
#define HAVE_WCSLEN 1
#define HAVE_DECL__SNPRINTF 0
#define HAVE_DECL__SNWPRINTF 0
#define HAVE_DECL_GETC_UNLOCKED 1
#define HAVE_LANGINFO_CODESET 1
#define HAVE_LC_MESSAGES 1
#define ENABLE_NLS 1
#define HAVE_GETTEXT 1
#define HAVE_DCGETTEXT 1

configure: exit 1
